TN:
SF:app\page.tsx
FN:6,Home
FN:9,(anonymous_2)
FNF:2
FNH:0
FNDA:0,Home
FNDA:0,(anonymous_2)
DA:3,0
DA:4,0
DA:6,0
DA:7,0
DA:9,0
DA:10,0
DA:13,0
LF:7
LH:0
BRF:0
BRH:0
end_of_record
TN:
SF:app\api\exam\route.ts
FN:2,GET
FN:33,POST
FNF:2
FNH:0
FNDA:0,GET
FNDA:0,POST
DA:2,0
DA:3,0
DA:4,0
DA:6,0
DA:33,0
DA:34,0
DA:37,0
LF:7
LH:0
BRF:0
BRH:0
end_of_record
TN:
SF:app\api\exam\session\route.ts
FN:2,POST
FN:23,GET
FNF:2
FNH:0
FNDA:0,POST
FNDA:0,GET
DA:2,0
DA:3,0
DA:5,0
DA:7,0
DA:23,0
DA:24,0
DA:25,0
DA:27,0
LF:8
LH:0
BRF:0
BRH:0
end_of_record
TN:
SF:app\auth\login\page.tsx
FN:3,LoginPage
FNF:1
FNH:0
FNDA:0,LoginPage
DA:1,0
DA:3,0
LF:2
LH:0
BRF:0
BRH:0
end_of_record
TN:
SF:app\auth\signup\page.tsx
FN:3,SignupPage
FNF:1
FNH:0
FNDA:0,SignupPage
DA:1,0
DA:3,0
LF:2
LH:0
BRF:0
BRH:0
end_of_record
TN:
SF:app\exam\alerts\page.tsx
FN:9,AlertsPage
FN:18,(anonymous_2)
FNF:2
FNH:0
FNDA:0,AlertsPage
FNDA:0,(anonymous_2)
DA:3,0
DA:4,0
DA:5,0
DA:6,0
DA:7,0
DA:9,0
DA:10,0
DA:18,0
LF:8
LH:0
BRF:0
BRH:0
end_of_record
TN:
SF:app\exam\coding\page.tsx
FN:15,CodingExamPage
FN:85,(anonymous_2)
FN:89,(anonymous_3)
FN:94,(anonymous_4)
FN:102,(anonymous_5)
FN:144,(anonymous_6)
FN:183,(anonymous_7)
FN:192,(anonymous_8)
FN:219,(anonymous_9)
FN:276,(anonymous_10)
FN:284,(anonymous_11)
FNF:11
FNH:4
FNDA:47,CodingExamPage
FNDA:0,(anonymous_2)
FNDA:0,(anonymous_3)
FNDA:0,(anonymous_4)
FNDA:0,(anonymous_5)
FNDA:0,(anonymous_6)
FNDA:184,(anonymous_7)
FNDA:92,(anonymous_8)
FNDA:0,(anonymous_9)
FNDA:0,(anonymous_10)
FNDA:460,(anonymous_11)
DA:3,1
DA:4,1
DA:5,1
DA:6,1
DA:7,1
DA:8,1
DA:9,1
DA:10,1
DA:11,1
DA:12,1
DA:13,1
DA:15,23
DA:16,47
DA:17,47
DA:18,46
DA:19,46
DA:20,46
DA:21,46
DA:23,46
DA:36,46
DA:83,46
DA:85,46
DA:86,0
DA:89,46
DA:91,0
DA:94,46
DA:95,0
DA:96,0
DA:97,0
DA:98,0
DA:102,46
DA:103,0
DA:184,184
DA:193,92
DA:219,0
DA:276,0
DA:285,460
LF:37
LH:28
BRDA:95,0,0,0
BRDA:206,1,0,92
BRDA:226,2,0,0
BRDA:325,3,0,46
BRF:4
BRH:2
end_of_record
TN:
SF:app\exam\compatibility-check\page.tsx
FN:67,CompatibilityCheckPage
FN:87,(anonymous_2)
FN:92,(anonymous_3)
FN:162,(anonymous_4)
FN:166,(anonymous_5)
FN:173,(anonymous_6)
FN:179,(anonymous_7)
FN:185,(anonymous_8)
FN:191,(anonymous_9)
FN:198,(anonymous_10)
FN:205,(anonymous_11)
FN:211,(anonymous_12)
FN:218,(anonymous_13)
FN:219,(anonymous_14)
FN:219,(anonymous_15)
FN:223,(anonymous_16)
FN:224,(anonymous_17)
FN:229,(anonymous_18)
FN:261,(anonymous_19)
FN:281,(anonymous_20)
FN:313,(anonymous_21)
FN:347,(anonymous_22)
FN:381,(anonymous_23)
FN:386,(anonymous_24)
FN:440,(anonymous_25)
FN:472,(anonymous_26)
FN:498,(anonymous_27)
FN:511,(anonymous_28)
FN:515,(anonymous_29)
FN:517,(anonymous_30)
FN:540,(anonymous_31)
FN:545,(anonymous_32)
FN:561,(anonymous_33)
FN:567,(anonymous_34)
FN:570,(anonymous_35)
FN:583,(anonymous_36)
FN:596,(anonymous_37)
FN:606,(anonymous_38)
FN:607,(anonymous_39)
FN:635,(anonymous_40)
FN:655,(anonymous_41)
FN:707,(anonymous_42)
FN:758,(anonymous_43)
FN:1034,(anonymous_44)
FN:1165,(anonymous_45)
FN:1226,(anonymous_46)
FNF:46
FNH:26
FNDA:34,CompatibilityCheckPage
FNDA:9,(anonymous_2)
FNDA:10,(anonymous_3)
FNDA:10,(anonymous_4)
FNDA:10,(anonymous_5)
FNDA:10,(anonymous_6)
FNDA:10,(anonymous_7)
FNDA:10,(anonymous_8)
FNDA:10,(anonymous_9)
FNDA:10,(anonymous_10)
FNDA:0,(anonymous_11)
FNDA:0,(anonymous_12)
FNDA:0,(anonymous_13)
FNDA:0,(anonymous_14)
FNDA:0,(anonymous_15)
FNDA:50,(anonymous_16)
FNDA:40,(anonymous_17)
FNDA:10,(anonymous_18)
FNDA:10,(anonymous_19)
FNDA:10,(anonymous_20)
FNDA:10,(anonymous_21)
FNDA:10,(anonymous_22)
FNDA:9,(anonymous_23)
FNDA:9,(anonymous_24)
FNDA:0,(anonymous_25)
FNDA:0,(anonymous_26)
FNDA:0,(anonymous_27)
FNDA:0,(anonymous_28)
FNDA:0,(anonymous_29)
FNDA:0,(anonymous_30)
FNDA:0,(anonymous_31)
FNDA:0,(anonymous_32)
FNDA:1,(anonymous_33)
FNDA:0,(anonymous_34)
FNDA:80,(anonymous_35)
FNDA:80,(anonymous_36)
FNDA:0,(anonymous_37)
FNDA:80,(anonymous_38)
FNDA:80,(anonymous_39)
FNDA:0,(anonymous_40)
FNDA:170,(anonymous_41)
FNDA:80,(anonymous_42)
FNDA:0,(anonymous_43)
FNDA:0,(anonymous_44)
FNDA:0,(anonymous_45)
FNDA:0,(anonymous_46)
DA:3,1
DA:4,1
DA:5,1
DA:6,1
DA:7,1
DA:8,1
DA:33,1
DA:67,9
DA:68,34
DA:69,34
DA:70,34
DA:71,34
DA:72,34
DA:73,34
DA:74,34
DA:75,34
DA:76,34
DA:77,34
DA:79,34
DA:87,34
DA:88,9
DA:89,9
DA:92,34
DA:93,10
DA:159,10
DA:162,34
DA:163,10
DA:166,10
DA:167,10
DA:168,10
DA:169,10
DA:170,10
DA:173,10
DA:174,10
DA:175,10
DA:176,10
DA:179,10
DA:180,10
DA:181,10
DA:182,10
DA:185,10
DA:186,10
DA:187,10
DA:188,10
DA:191,10
DA:192,10
DA:193,10
DA:194,10
DA:195,10
DA:198,10
DA:199,9
DA:200,0
DA:201,0
DA:202,0
DA:205,0
DA:206,0
DA:207,0
DA:208,0
DA:211,0
DA:212,0
DA:213,0
DA:214,0
DA:215,0
DA:218,0
DA:219,0
DA:220,0
DA:223,34
DA:224,50
DA:225,40
DA:227,50
DA:229,34
DA:230,10
DA:231,10
DA:232,10
DA:233,10
DA:235,10
DA:236,0
DA:237,0
DA:238,0
DA:239,0
DA:240,10
DA:241,0
DA:242,0
DA:243,0
DA:244,0
DA:245,10
DA:246,0
DA:247,0
DA:249,10
DA:252,10
DA:261,34
DA:262,10
DA:263,10
DA:264,10
DA:266,10
DA:267,10
DA:269,10
DA:270,10
DA:271,10
DA:274,10
DA:281,34
DA:282,10
DA:283,10
DA:284,10
DA:286,10
DA:287,430797
DA:288,430797
DA:291,10
DA:292,10
DA:293,10
DA:295,10
DA:296,7
DA:297,7
DA:298,3
DA:299,0
DA:300,0
DA:303,10
DA:304,10
DA:306,10
DA:313,34
DA:314,10
DA:315,10
DA:316,10
DA:317,10
DA:318,10
DA:319,10
DA:320,10
DA:322,10
DA:323,10
DA:325,10
DA:326,0
DA:327,0
DA:330,10
DA:340,0
DA:347,34
DA:348,10
DA:349,10
DA:350,10
DA:351,10
DA:352,10
DA:354,10
DA:355,10
DA:357,10
DA:358,0
DA:359,0
DA:360,10
DA:361,0
DA:362,0
DA:365,10
DA:375,0
DA:381,34
DA:382,9
DA:383,9
DA:385,9
DA:386,9
DA:387,9
DA:388,9
DA:390,9
DA:392,9
DA:393,0
DA:395,0
DA:396,0
DA:397,0
DA:398,0
DA:399,0
DA:401,0
DA:402,0
DA:403,0
DA:405,0
DA:406,0
DA:407,0
DA:408,0
DA:409,0
DA:410,0
DA:411,0
DA:412,0
DA:413,0
DA:414,0
DA:415,0
DA:418,0
DA:427,0
DA:433,0
DA:440,34
DA:441,0
DA:442,0
DA:450,0
DA:451,0
DA:452,0
DA:454,0
DA:455,0
DA:456,0
DA:457,0
DA:459,0
DA:460,0
DA:461,0
DA:463,0
DA:464,0
DA:465,0
DA:466,0
DA:467,0
DA:468,0
DA:469,0
DA:472,0
DA:477,0
DA:484,0
DA:490,0
DA:498,34
DA:499,0
DA:500,0
DA:502,0
DA:503,0
DA:504,0
DA:505,0
DA:507,0
DA:508,0
DA:509,0
DA:511,0
DA:512,0
DA:513,0
DA:515,0
DA:516,0
DA:517,0
DA:518,0
DA:519,0
DA:521,0
DA:522,0
DA:524,0
DA:527,0
DA:530,0
DA:531,0
DA:532,0
DA:533,0
DA:535,0
DA:536,0
DA:537,0
DA:540,0
DA:545,0
DA:546,0
DA:548,0
DA:554,0
DA:561,34
DA:562,1
DA:563,1
DA:564,1
DA:565,1
DA:566,1
DA:567,1
DA:570,34
DA:571,80
DA:583,34
DA:584,80
DA:596,34
DA:597,0
DA:598,0
DA:599,0
DA:600,0
DA:601,0
DA:602,0
DA:606,80
DA:607,80
DA:635,0
DA:656,170
DA:708,80
DA:759,0
DA:760,0
DA:762,0
DA:763,0
DA:764,0
DA:765,0
DA:766,0
DA:767,0
DA:768,0
DA:769,0
DA:770,0
DA:771,0
DA:772,0
DA:773,0
DA:776,0
DA:1035,0
DA:1036,0
DA:1038,0
DA:1039,0
DA:1040,0
DA:1041,0
DA:1042,0
DA:1043,0
DA:1044,0
DA:1045,0
DA:1046,0
DA:1047,0
DA:1048,0
DA:1049,0
DA:1052,0
DA:1166,0
DA:1167,0
DA:1169,0
DA:1170,0
DA:1171,0
DA:1172,0
DA:1173,0
DA:1174,0
DA:1175,0
DA:1176,0
DA:1177,0
DA:1178,0
DA:1179,0
DA:1180,0
DA:1183,0
DA:1227,0
LF:309
LH:142
BRDA:225,0,0,5
BRDA:225,0,1,35
BRDA:235,1,0,0
BRDA:235,1,1,10
BRDA:238,2,0,0
BRDA:238,2,1,0
BRDA:239,3,0,0
BRDA:239,3,1,0
BRDA:240,4,0,0
BRDA:240,4,1,10
BRDA:243,5,0,0
BRDA:243,5,1,0
BRDA:244,6,0,0
BRDA:244,6,1,0
BRDA:245,7,0,0
BRDA:245,7,1,10
BRDA:255,8,0,0
BRDA:255,8,1,10
BRDA:256,9,0,0
BRDA:256,9,1,10
BRDA:269,10,0,10
BRDA:269,11,0,10
BRDA:269,11,1,0
BRDA:295,12,0,7
BRDA:295,12,1,3
BRDA:298,13,0,0
BRDA:303,14,0,10
BRDA:303,14,1,10
BRDA:304,15,0,0
BRDA:304,15,1,10
BRDA:315,16,0,10
BRDA:315,17,0,10
BRDA:315,17,1,10
BRDA:317,18,0,10
BRDA:317,18,1,0
BRDA:318,19,0,10
BRDA:318,19,1,0
BRDA:325,20,0,0
BRDA:349,21,0,10
BRDA:355,22,0,10
BRDA:355,22,1,0
BRDA:357,23,0,0
BRDA:357,23,1,10
BRDA:357,24,0,10
BRDA:357,24,1,0
BRDA:360,25,0,0
BRDA:360,26,0,10
BRDA:360,26,1,0
BRDA:367,27,0,10
BRDA:367,27,1,0
BRDA:405,28,0,0
BRDA:405,28,1,0
BRDA:405,29,0,0
BRDA:405,29,1,0
BRDA:405,29,2,0
BRDA:409,30,0,0
BRDA:409,30,1,0
BRDA:409,31,0,0
BRDA:409,31,1,0
BRDA:409,31,2,0
BRDA:413,32,0,0
BRDA:413,33,0,0
BRDA:413,33,1,0
BRDA:450,34,0,0
BRDA:457,35,0,0
BRDA:457,35,1,0
BRDA:463,36,0,0
BRDA:463,36,1,0
BRDA:463,37,0,0
BRDA:463,37,1,0
BRDA:463,38,0,0
BRDA:463,38,1,0
BRDA:463,39,0,0
BRDA:463,39,1,0
BRDA:467,40,0,0
BRDA:467,41,0,0
BRDA:467,41,1,0
BRDA:467,42,0,0
BRDA:467,42,1,0
BRDA:467,43,0,0
BRDA:467,43,1,0
BRDA:521,44,0,0
BRDA:521,44,1,0
BRDA:535,45,0,0
BRDA:597,46,0,0
BRDA:597,46,1,0
BRDA:597,46,2,0
BRDA:597,46,3,0
BRDA:597,46,4,0
BRDA:606,47,0,80
BRDA:606,47,1,50
BRDA:631,48,0,1
BRDA:631,48,1,33
BRDA:659,49,0,52
BRDA:659,49,1,118
BRDA:663,50,0,18
BRDA:663,50,1,152
BRDA:664,51,0,34
BRDA:664,51,1,118
BRDA:694,52,0,34
BRDA:699,53,0,34
BRDA:711,54,0,0
BRDA:711,54,1,80
BRDA:712,55,0,0
BRDA:712,55,1,80
BRDA:713,56,0,0
BRDA:713,56,1,80
BRDA:725,57,0,80
BRDA:730,58,0,80
BRDA:735,59,0,80
BRDA:750,60,0,34
BRDA:762,61,0,0
BRDA:762,61,1,0
BRDA:762,62,0,0
BRDA:762,62,1,0
BRDA:765,63,0,0
BRDA:765,63,1,0
BRDA:765,64,0,0
BRDA:765,64,1,0
BRDA:768,65,0,0
BRDA:768,65,1,0
BRDA:768,66,0,0
BRDA:768,66,1,0
BRDA:771,67,0,0
BRDA:771,68,0,0
BRDA:771,68,1,0
BRDA:780,69,0,0
BRDA:780,69,1,0
BRDA:821,70,0,0
BRDA:821,70,1,0
BRDA:822,71,0,0
BRDA:822,71,1,0
BRDA:823,72,0,0
BRDA:823,72,1,0
BRDA:865,73,0,0
BRDA:865,73,1,0
BRDA:866,74,0,0
BRDA:866,74,1,0
BRDA:867,75,0,0
BRDA:867,75,1,0
BRDA:892,76,0,0
BRDA:892,76,1,0
BRDA:893,77,0,0
BRDA:893,77,1,0
BRDA:894,78,0,0
BRDA:894,78,1,0
BRDA:908,79,0,0
BRDA:908,79,1,0
BRDA:909,80,0,0
BRDA:909,80,1,0
BRDA:910,81,0,0
BRDA:910,81,1,0
BRDA:924,82,0,0
BRDA:924,82,1,0
BRDA:925,83,0,0
BRDA:925,83,1,0
BRDA:926,84,0,0
BRDA:926,84,1,0
BRDA:939,85,0,0
BRDA:939,85,1,0
BRDA:940,86,0,0
BRDA:940,86,1,0
BRDA:941,87,0,0
BRDA:941,87,1,0
BRDA:948,88,0,0
BRDA:948,88,1,0
BRDA:949,89,0,0
BRDA:949,89,1,0
BRDA:950,90,0,0
BRDA:950,90,1,0
BRDA:961,91,0,0
BRDA:961,91,1,0
BRDA:962,92,0,0
BRDA:962,92,1,0
BRDA:967,93,0,0
BRDA:967,93,1,0
BRDA:968,94,0,0
BRDA:968,94,1,0
BRDA:971,95,0,0
BRDA:971,95,1,0
BRDA:972,96,0,0
BRDA:972,96,1,0
BRDA:979,97,0,0
BRDA:979,97,1,0
BRDA:980,98,0,0
BRDA:980,98,1,0
BRDA:985,99,0,0
BRDA:985,99,1,0
BRDA:986,100,0,0
BRDA:986,100,1,0
BRDA:989,101,0,0
BRDA:989,101,1,0
BRDA:990,102,0,0
BRDA:990,102,1,0
BRDA:997,103,0,0
BRDA:997,103,1,0
BRDA:998,104,0,0
BRDA:998,104,1,0
BRDA:1003,105,0,0
BRDA:1003,105,1,0
BRDA:1004,106,0,0
BRDA:1004,106,1,0
BRDA:1007,107,0,0
BRDA:1007,107,1,0
BRDA:1008,108,0,0
BRDA:1008,108,1,0
BRDA:1030,109,0,34
BRDA:1038,110,0,0
BRDA:1038,110,1,0
BRDA:1038,111,0,0
BRDA:1038,111,1,0
BRDA:1041,112,0,0
BRDA:1041,112,1,0
BRDA:1041,113,0,0
BRDA:1041,113,1,0
BRDA:1044,114,0,0
BRDA:1044,114,1,0
BRDA:1044,115,0,0
BRDA:1044,115,1,0
BRDA:1047,116,0,0
BRDA:1047,117,0,0
BRDA:1047,117,1,0
BRDA:1056,118,0,0
BRDA:1056,118,1,0
BRDA:1083,119,0,34
BRDA:1090,120,0,34
BRDA:1101,121,0,0
BRDA:1101,121,1,0
BRDA:1102,122,0,0
BRDA:1102,122,1,0
BRDA:1103,123,0,0
BRDA:1103,123,1,0
BRDA:1107,124,0,0
BRDA:1107,124,1,0
BRDA:1108,125,0,0
BRDA:1108,125,1,0
BRDA:1109,126,0,0
BRDA:1109,126,1,0
BRDA:1125,127,0,0
BRDA:1125,127,1,0
BRDA:1126,128,0,0
BRDA:1126,128,1,0
BRDA:1127,129,0,0
BRDA:1127,129,1,0
BRDA:1136,130,0,0
BRDA:1136,130,1,0
BRDA:1137,131,0,0
BRDA:1137,131,1,0
BRDA:1138,132,0,0
BRDA:1138,132,1,0
BRDA:1144,133,0,0
BRDA:1144,133,1,0
BRDA:1145,134,0,0
BRDA:1145,134,1,0
BRDA:1146,135,0,0
BRDA:1146,135,1,0
BRDA:1155,136,0,34
BRDA:1169,137,0,0
BRDA:1169,137,1,0
BRDA:1169,138,0,0
BRDA:1169,138,1,0
BRDA:1172,139,0,0
BRDA:1172,139,1,0
BRDA:1172,140,0,0
BRDA:1172,140,1,0
BRDA:1175,141,0,0
BRDA:1175,141,1,0
BRDA:1175,142,0,0
BRDA:1175,142,1,0
BRDA:1178,143,0,0
BRDA:1178,144,0,0
BRDA:1178,144,1,0
BRDA:1187,145,0,0
BRDA:1187,145,1,0
BRDA:1210,146,0,0
BRDA:1210,146,1,0
BRDA:1211,147,0,0
BRDA:1211,147,1,0
BRDA:1212,148,0,0
BRDA:1212,148,1,0
BRDA:1230,149,0,0
BRDA:1230,149,1,0
BRDA:1240,150,0,0
BRDA:1240,150,1,0
BRDA:1241,151,0,0
BRDA:1241,151,1,0
BRDA:1242,152,0,0
BRDA:1242,152,1,0
BRDA:1248,153,0,0
BRDA:1248,153,1,0
BRDA:1249,154,0,0
BRDA:1249,154,1,0
BRDA:1250,155,0,0
BRDA:1250,155,1,0
BRDA:1266,156,0,0
BRDA:1284,157,0,0
BRDA:1290,158,0,0
BRDA:1290,158,1,0
BRF:298
BRH:48
end_of_record
TN:
SF:app\exam\consent\page.tsx
FN:24,ConsentPage
FN:29,(anonymous_2)
FN:201,(anonymous_3)
FN:221,(anonymous_4)
FNF:4
FNH:4
FNDA:19,ConsentPage
FNDA:1,(anonymous_2)
FNDA:3,(anonymous_3)
FNDA:1,(anonymous_4)
DA:3,1
DA:4,1
DA:5,1
DA:6,1
DA:7,1
DA:8,1
DA:22,1
DA:24,15
DA:25,19
DA:26,19
DA:27,19
DA:29,19
DA:30,1
DA:31,1
DA:201,3
DA:221,1
LF:16
LH:16
BRDA:231,0,0,4
BRDA:238,1,0,19
BRDA:238,1,1,4
BRDA:241,2,0,1
BRDA:241,2,1,18
BRF:5
BRH:5
end_of_record
TN:
SF:app\exam\environment\page.tsx
FN:68,ExamEnvironmentPage
FN:88,(anonymous_2)
FN:93,(anonymous_3)
FN:163,(anonymous_4)
FN:167,(anonymous_5)
FN:174,(anonymous_6)
FN:180,(anonymous_7)
FN:186,(anonymous_8)
FN:192,(anonymous_9)
FN:199,(anonymous_10)
FN:206,(anonymous_11)
FN:212,(anonymous_12)
FN:219,(anonymous_13)
FN:220,(anonymous_14)
FN:220,(anonymous_15)
FN:224,(anonymous_16)
FN:225,(anonymous_17)
FN:231,(anonymous_18)
FN:263,(anonymous_19)
FN:283,(anonymous_20)
FN:317,(anonymous_21)
FN:351,(anonymous_22)
FN:386,(anonymous_23)
FN:393,(anonymous_24)
FN:450,(anonymous_25)
FN:483,(anonymous_26)
FN:489,(anonymous_27)
FN:512,(anonymous_28)
FN:527,(anonymous_29)
FN:531,(anonymous_30)
FN:533,(anonymous_31)
FN:556,(anonymous_32)
FN:562,(anonymous_33)
FN:579,(anonymous_34)
FN:585,(anonymous_35)
FN:588,(anonymous_36)
FN:601,(anonymous_37)
FN:614,(anonymous_38)
FN:624,(anonymous_39)
FN:625,(anonymous_40)
FN:653,(anonymous_41)
FN:674,(anonymous_42)
FN:715,(anonymous_43)
FN:767,(anonymous_44)
FN:986,(anonymous_45)
FN:1118,(anonymous_46)
FN:1179,(anonymous_47)
FNF:47
FNH:0
FNDA:0,ExamEnvironmentPage
FNDA:0,(anonymous_2)
FNDA:0,(anonymous_3)
FNDA:0,(anonymous_4)
FNDA:0,(anonymous_5)
FNDA:0,(anonymous_6)
FNDA:0,(anonymous_7)
FNDA:0,(anonymous_8)
FNDA:0,(anonymous_9)
FNDA:0,(anonymous_10)
FNDA:0,(anonymous_11)
FNDA:0,(anonymous_12)
FNDA:0,(anonymous_13)
FNDA:0,(anonymous_14)
FNDA:0,(anonymous_15)
FNDA:0,(anonymous_16)
FNDA:0,(anonymous_17)
FNDA:0,(anonymous_18)
FNDA:0,(anonymous_19)
FNDA:0,(anonymous_20)
FNDA:0,(anonymous_21)
FNDA:0,(anonymous_22)
FNDA:0,(anonymous_23)
FNDA:0,(anonymous_24)
FNDA:0,(anonymous_25)
FNDA:0,(anonymous_26)
FNDA:0,(anonymous_27)
FNDA:0,(anonymous_28)
FNDA:0,(anonymous_29)
FNDA:0,(anonymous_30)
FNDA:0,(anonymous_31)
FNDA:0,(anonymous_32)
FNDA:0,(anonymous_33)
FNDA:0,(anonymous_34)
FNDA:0,(anonymous_35)
FNDA:0,(anonymous_36)
FNDA:0,(anonymous_37)
FNDA:0,(anonymous_38)
FNDA:0,(anonymous_39)
FNDA:0,(anonymous_40)
FNDA:0,(anonymous_41)
FNDA:0,(anonymous_42)
FNDA:0,(anonymous_43)
FNDA:0,(anonymous_44)
FNDA:0,(anonymous_45)
FNDA:0,(anonymous_46)
FNDA:0,(anonymous_47)
DA:3,0
DA:4,0
DA:5,0
DA:6,0
DA:7,0
DA:8,0
DA:34,0
DA:68,0
DA:69,0
DA:70,0
DA:71,0
DA:72,0
DA:73,0
DA:74,0
DA:75,0
DA:76,0
DA:77,0
DA:78,0
DA:80,0
DA:88,0
DA:89,0
DA:90,0
DA:93,0
DA:94,0
DA:160,0
DA:163,0
DA:164,0
DA:167,0
DA:168,0
DA:169,0
DA:170,0
DA:171,0
DA:174,0
DA:175,0
DA:176,0
DA:177,0
DA:180,0
DA:181,0
DA:182,0
DA:183,0
DA:186,0
DA:187,0
DA:188,0
DA:189,0
DA:192,0
DA:193,0
DA:194,0
DA:195,0
DA:196,0
DA:199,0
DA:200,0
DA:201,0
DA:202,0
DA:203,0
DA:206,0
DA:207,0
DA:208,0
DA:209,0
DA:212,0
DA:213,0
DA:214,0
DA:215,0
DA:216,0
DA:219,0
DA:220,0
DA:221,0
DA:224,0
DA:225,0
DA:226,0
DA:228,0
DA:231,0
DA:232,0
DA:233,0
DA:234,0
DA:235,0
DA:237,0
DA:238,0
DA:239,0
DA:240,0
DA:241,0
DA:242,0
DA:243,0
DA:244,0
DA:245,0
DA:246,0
DA:247,0
DA:248,0
DA:249,0
DA:251,0
DA:254,0
DA:263,0
DA:264,0
DA:265,0
DA:266,0
DA:268,0
DA:269,0
DA:271,0
DA:272,0
DA:273,0
DA:276,0
DA:283,0
DA:285,0
DA:286,0
DA:287,0
DA:289,0
DA:290,0
DA:291,0
DA:294,0
DA:295,0
DA:296,0
DA:298,0
DA:299,0
DA:300,0
DA:301,0
DA:302,0
DA:303,0
DA:307,0
DA:308,0
DA:310,0
DA:317,0
DA:318,0
DA:319,0
DA:320,0
DA:321,0
DA:322,0
DA:323,0
DA:324,0
DA:326,0
DA:327,0
DA:329,0
DA:330,0
DA:331,0
DA:334,0
DA:344,0
DA:351,0
DA:352,0
DA:353,0
DA:354,0
DA:355,0
DA:356,0
DA:358,0
DA:359,0
DA:361,0
DA:362,0
DA:363,0
DA:364,0
DA:365,0
DA:366,0
DA:369,0
DA:379,0
DA:386,0
DA:387,0
DA:389,0
DA:392,0
DA:393,0
DA:394,0
DA:395,0
DA:397,0
DA:399,0
DA:400,0
DA:401,0
DA:404,0
DA:405,0
DA:406,0
DA:407,0
DA:408,0
DA:410,0
DA:411,0
DA:412,0
DA:414,0
DA:415,0
DA:416,0
DA:417,0
DA:418,0
DA:419,0
DA:420,0
DA:421,0
DA:422,0
DA:423,0
DA:424,0
DA:427,0
DA:436,0
DA:442,0
DA:450,0
DA:451,0
DA:452,0
DA:460,0
DA:461,0
DA:462,0
DA:465,0
DA:466,0
DA:467,0
DA:468,0
DA:470,0
DA:471,0
DA:472,0
DA:474,0
DA:475,0
DA:476,0
DA:477,0
DA:478,0
DA:479,0
DA:480,0
DA:483,0
DA:489,0
DA:491,0
DA:498,0
DA:504,0
DA:512,0
DA:513,0
DA:514,0
DA:517,0
DA:518,0
DA:519,0
DA:520,0
DA:522,0
DA:523,0
DA:524,0
DA:527,0
DA:528,0
DA:529,0
DA:531,0
DA:532,0
DA:533,0
DA:534,0
DA:535,0
DA:537,0
DA:538,0
DA:540,0
DA:543,0
DA:546,0
DA:547,0
DA:548,0
DA:549,0
DA:551,0
DA:552,0
DA:553,0
DA:556,0
DA:562,0
DA:563,0
DA:565,0
DA:571,0
DA:579,0
DA:580,0
DA:581,0
DA:582,0
DA:583,0
DA:584,0
DA:585,0
DA:588,0
DA:589,0
DA:601,0
DA:602,0
DA:614,0
DA:615,0
DA:616,0
DA:617,0
DA:618,0
DA:619,0
DA:620,0
DA:624,0
DA:625,0
DA:653,0
DA:675,0
DA:716,0
DA:768,0
DA:769,0
DA:771,0
DA:772,0
DA:773,0
DA:774,0
DA:775,0
DA:776,0
DA:777,0
DA:778,0
DA:779,0
DA:780,0
DA:781,0
DA:782,0
DA:785,0
DA:987,0
DA:988,0
DA:990,0
DA:991,0
DA:992,0
DA:993,0
DA:994,0
DA:995,0
DA:996,0
DA:997,0
DA:998,0
DA:999,0
DA:1000,0
DA:1001,0
DA:1004,0
DA:1119,0
DA:1120,0
DA:1122,0
DA:1123,0
DA:1124,0
DA:1125,0
DA:1126,0
DA:1127,0
DA:1128,0
DA:1129,0
DA:1130,0
DA:1131,0
DA:1132,0
DA:1133,0
DA:1136,0
DA:1180,0
LF:311
LH:0
BRDA:226,0,0,0
BRDA:226,0,1,0
BRDA:237,1,0,0
BRDA:237,1,1,0
BRDA:240,2,0,0
BRDA:240,2,1,0
BRDA:241,3,0,0
BRDA:241,3,1,0
BRDA:242,4,0,0
BRDA:242,4,1,0
BRDA:245,5,0,0
BRDA:245,5,1,0
BRDA:246,6,0,0
BRDA:246,6,1,0
BRDA:247,7,0,0
BRDA:247,7,1,0
BRDA:257,8,0,0
BRDA:257,8,1,0
BRDA:258,9,0,0
BRDA:258,9,1,0
BRDA:271,10,0,0
BRDA:271,11,0,0
BRDA:271,11,1,0
BRDA:298,12,0,0
BRDA:298,12,1,0
BRDA:301,13,0,0
BRDA:307,14,0,0
BRDA:307,14,1,0
BRDA:308,15,0,0
BRDA:308,15,1,0
BRDA:319,16,0,0
BRDA:319,17,0,0
BRDA:319,17,1,0
BRDA:321,18,0,0
BRDA:321,18,1,0
BRDA:322,19,0,0
BRDA:322,19,1,0
BRDA:329,20,0,0
BRDA:353,21,0,0
BRDA:359,22,0,0
BRDA:359,22,1,0
BRDA:361,23,0,0
BRDA:361,23,1,0
BRDA:361,24,0,0
BRDA:361,24,1,0
BRDA:364,25,0,0
BRDA:364,26,0,0
BRDA:364,26,1,0
BRDA:371,27,0,0
BRDA:371,27,1,0
BRDA:414,28,0,0
BRDA:414,28,1,0
BRDA:414,29,0,0
BRDA:414,29,1,0
BRDA:414,29,2,0
BRDA:418,30,0,0
BRDA:418,30,1,0
BRDA:418,31,0,0
BRDA:418,31,1,0
BRDA:418,31,2,0
BRDA:422,32,0,0
BRDA:422,33,0,0
BRDA:422,33,1,0
BRDA:460,34,0,0
BRDA:468,35,0,0
BRDA:468,35,1,0
BRDA:474,36,0,0
BRDA:474,36,1,0
BRDA:474,37,0,0
BRDA:474,37,1,0
BRDA:474,38,0,0
BRDA:474,38,1,0
BRDA:474,39,0,0
BRDA:474,39,1,0
BRDA:478,40,0,0
BRDA:478,41,0,0
BRDA:478,41,1,0
BRDA:478,42,0,0
BRDA:478,42,1,0
BRDA:478,43,0,0
BRDA:478,43,1,0
BRDA:537,44,0,0
BRDA:537,44,1,0
BRDA:551,45,0,0
BRDA:615,46,0,0
BRDA:615,46,1,0
BRDA:615,46,2,0
BRDA:615,46,3,0
BRDA:615,46,4,0
BRDA:624,47,0,0
BRDA:624,47,1,0
BRDA:649,48,0,0
BRDA:649,48,1,0
BRDA:678,49,0,0
BRDA:678,49,1,0
BRDA:682,50,0,0
BRDA:682,50,1,0
BRDA:683,51,0,0
BRDA:683,51,1,0
BRDA:702,52,0,0
BRDA:707,53,0,0
BRDA:719,54,0,0
BRDA:719,54,1,0
BRDA:720,55,0,0
BRDA:720,55,1,0
BRDA:721,56,0,0
BRDA:721,56,1,0
BRDA:733,57,0,0
BRDA:738,58,0,0
BRDA:743,59,0,0
BRDA:759,60,0,0
BRDA:771,61,0,0
BRDA:771,61,1,0
BRDA:771,62,0,0
BRDA:771,62,1,0
BRDA:774,63,0,0
BRDA:774,63,1,0
BRDA:774,64,0,0
BRDA:774,64,1,0
BRDA:777,65,0,0
BRDA:777,65,1,0
BRDA:777,66,0,0
BRDA:777,66,1,0
BRDA:780,67,0,0
BRDA:780,68,0,0
BRDA:780,68,1,0
BRDA:789,69,0,0
BRDA:789,69,1,0
BRDA:831,70,0,0
BRDA:831,70,1,0
BRDA:832,71,0,0
BRDA:832,71,1,0
BRDA:833,72,0,0
BRDA:833,72,1,0
BRDA:875,73,0,0
BRDA:875,73,1,0
BRDA:876,74,0,0
BRDA:876,74,1,0
BRDA:877,75,0,0
BRDA:877,75,1,0
BRDA:904,76,0,0
BRDA:904,76,1,0
BRDA:905,77,0,0
BRDA:905,77,1,0
BRDA:906,78,0,0
BRDA:906,78,1,0
BRDA:921,79,0,0
BRDA:921,79,1,0
BRDA:922,80,0,0
BRDA:922,80,1,0
BRDA:923,81,0,0
BRDA:923,81,1,0
BRDA:938,82,0,0
BRDA:938,82,1,0
BRDA:939,83,0,0
BRDA:939,83,1,0
BRDA:940,84,0,0
BRDA:940,84,1,0
BRDA:953,85,0,0
BRDA:953,85,1,0
BRDA:954,86,0,0
BRDA:954,86,1,0
BRDA:955,87,0,0
BRDA:955,87,1,0
BRDA:962,88,0,0
BRDA:962,88,1,0
BRDA:963,89,0,0
BRDA:963,89,1,0
BRDA:964,90,0,0
BRDA:964,90,1,0
BRDA:982,91,0,0
BRDA:990,92,0,0
BRDA:990,92,1,0
BRDA:990,93,0,0
BRDA:990,93,1,0
BRDA:993,94,0,0
BRDA:993,94,1,0
BRDA:993,95,0,0
BRDA:993,95,1,0
BRDA:996,96,0,0
BRDA:996,96,1,0
BRDA:996,97,0,0
BRDA:996,97,1,0
BRDA:999,98,0,0
BRDA:999,99,0,0
BRDA:999,99,1,0
BRDA:1008,100,0,0
BRDA:1008,100,1,0
BRDA:1035,101,0,0
BRDA:1042,102,0,0
BRDA:1053,103,0,0
BRDA:1053,103,1,0
BRDA:1054,104,0,0
BRDA:1054,104,1,0
BRDA:1055,105,0,0
BRDA:1055,105,1,0
BRDA:1059,106,0,0
BRDA:1059,106,1,0
BRDA:1060,107,0,0
BRDA:1060,107,1,0
BRDA:1061,108,0,0
BRDA:1061,108,1,0
BRDA:1077,109,0,0
BRDA:1077,109,1,0
BRDA:1078,110,0,0
BRDA:1078,110,1,0
BRDA:1079,111,0,0
BRDA:1079,111,1,0
BRDA:1088,112,0,0
BRDA:1088,112,1,0
BRDA:1089,113,0,0
BRDA:1089,113,1,0
BRDA:1090,114,0,0
BRDA:1090,114,1,0
BRDA:1096,115,0,0
BRDA:1096,115,1,0
BRDA:1097,116,0,0
BRDA:1097,116,1,0
BRDA:1098,117,0,0
BRDA:1098,117,1,0
BRDA:1108,118,0,0
BRDA:1122,119,0,0
BRDA:1122,119,1,0
BRDA:1122,120,0,0
BRDA:1122,120,1,0
BRDA:1125,121,0,0
BRDA:1125,121,1,0
BRDA:1125,122,0,0
BRDA:1125,122,1,0
BRDA:1128,123,0,0
BRDA:1128,123,1,0
BRDA:1128,124,0,0
BRDA:1128,124,1,0
BRDA:1131,125,0,0
BRDA:1131,126,0,0
BRDA:1131,126,1,0
BRDA:1140,127,0,0
BRDA:1140,127,1,0
BRDA:1163,128,0,0
BRDA:1163,128,1,0
BRDA:1164,129,0,0
BRDA:1164,129,1,0
BRDA:1165,130,0,0
BRDA:1165,130,1,0
BRDA:1183,131,0,0
BRDA:1183,131,1,0
BRDA:1193,132,0,0
BRDA:1193,132,1,0
BRDA:1194,133,0,0
BRDA:1194,133,1,0
BRDA:1195,134,0,0
BRDA:1195,134,1,0
BRDA:1201,135,0,0
BRDA:1201,135,1,0
BRDA:1202,136,0,0
BRDA:1202,136,1,0
BRDA:1203,137,0,0
BRDA:1203,137,1,0
BRDA:1216,138,0,0
BRDA:1226,139,0,0
BRF:260
BRH:0
end_of_record
TN:
SF:app\exam\id-verification\page.tsx
FN:12,IDVerificationPage
FN:27,(anonymous_2)
FN:32,(anonymous_3)
FN:58,(anonymous_4)
FN:60,(anonymous_5)
FN:83,(anonymous_6)
FN:86,(anonymous_7)
FN:91,(anonymous_8)
FN:118,(anonymous_9)
FN:126,(anonymous_10)
FN:136,(anonymous_11)
FN:143,(anonymous_12)
FN:382,(anonymous_13)
FNF:13
FNH:6
FNDA:21,IDVerificationPage
FNDA:4,(anonymous_2)
FNDA:1,(anonymous_3)
FNDA:0,(anonymous_4)
FNDA:0,(anonymous_5)
FNDA:0,(anonymous_6)
FNDA:0,(anonymous_7)
FNDA:0,(anonymous_8)
FNDA:0,(anonymous_9)
FNDA:0,(anonymous_10)
FNDA:1,(anonymous_11)
FNDA:1,(anonymous_12)
FNDA:1,(anonymous_13)
DA:5,1
DA:6,1
DA:7,1
DA:8,1
DA:9,1
DA:10,1
DA:12,14
DA:13,21
DA:14,21
DA:15,21
DA:16,21
DA:17,21
DA:18,21
DA:19,21
DA:20,21
DA:21,21
DA:22,21
DA:23,21
DA:27,21
DA:28,4
DA:29,4
DA:32,4
DA:33,1
DA:34,1
DA:37,4
DA:39,4
DA:48,2
DA:50,2
DA:51,0
DA:54,0
DA:55,0
DA:58,0
DA:59,0
DA:60,0
DA:61,0
DA:62,0
DA:68,1
DA:69,1
DA:71,1
DA:78,1
DA:79,1
DA:83,21
DA:84,0
DA:85,0
DA:86,0
DA:87,0
DA:91,21
DA:92,0
DA:93,0
DA:94,0
DA:95,0
DA:97,0
DA:99,0
DA:100,0
DA:103,0
DA:106,0
DA:107,0
DA:108,0
DA:111,0
DA:113,0
DA:118,21
DA:119,0
DA:120,0
DA:121,0
DA:122,0
DA:126,21
DA:127,0
DA:128,0
DA:129,0
DA:130,0
DA:131,0
DA:132,0
DA:136,21
DA:137,1
DA:138,1
DA:139,1
DA:143,21
DA:144,1
DA:145,1
DA:382,1
LF:80
LH:45
BRDA:50,0,0,0
BRDA:59,1,0,0
BRDA:71,2,0,1
BRDA:71,2,1,0
BRDA:72,3,0,1
BRDA:72,3,1,0
BRDA:74,4,0,0
BRDA:74,4,1,0
BRDA:84,5,0,0
BRDA:84,6,0,0
BRDA:84,6,1,0
BRDA:92,7,0,0
BRDA:92,8,0,0
BRDA:92,8,1,0
BRDA:97,9,0,0
BRDA:97,9,1,0
BRDA:97,10,0,0
BRDA:97,10,1,0
BRDA:97,10,2,0
BRDA:127,11,0,0
BRDA:137,12,0,1
BRDA:137,13,0,1
BRDA:137,13,1,1
BRDA:186,14,0,21
BRDA:198,15,0,21
BRDA:200,16,0,0
BRDA:210,17,0,0
BRDA:235,18,0,17
BRDA:234,19,0,21
BRDA:234,19,1,21
BRDA:240,20,0,4
BRDA:264,21,0,0
BRDA:299,22,0,21
BRDA:325,23,0,1
BRDA:325,23,1,20
BRDA:330,24,0,1
BRDA:392,25,0,1
BRDA:391,26,0,21
BRDA:391,26,1,21
BRDA:412,27,0,1
BRDA:412,27,1,20
BRF:41
BRH:20
end_of_record
TN:
SF:app\exam\mcq1\page.tsx
FN:33,MCQ1Page
FN:39,(anonymous_2)
FN:40,(anonymous_3)
FN:41,(anonymous_4)
FN:50,(anonymous_5)
FN:53,(anonymous_6)
FN:54,(anonymous_7)
FN:57,(anonymous_8)
FN:63,(anonymous_9)
FN:69,(anonymous_10)
FN:73,(anonymous_11)
FN:123,(anonymous_12)
FN:125,(anonymous_13)
FNF:13
FNH:13
FNDA:21,MCQ1Page
FNDA:12,(anonymous_2)
FNDA:1,(anonymous_3)
FNDA:1,(anonymous_4)
FNDA:12,(anonymous_5)
FNDA:1,(anonymous_6)
FNDA:1,(anonymous_7)
FNDA:6,(anonymous_8)
FNDA:1,(anonymous_9)
FNDA:1,(anonymous_10)
FNDA:21,(anonymous_11)
FNDA:1,(anonymous_12)
FNDA:84,(anonymous_13)
DA:3,1
DA:4,1
DA:5,1
DA:6,1
DA:7,1
DA:8,1
DA:9,1
DA:10,1
DA:12,1
DA:33,12
DA:34,21
DA:35,21
DA:36,21
DA:37,21
DA:39,21
DA:40,12
DA:41,1
DA:42,1
DA:43,0
DA:44,0
DA:46,1
DA:50,12
DA:53,21
DA:54,1
DA:57,21
DA:58,6
DA:59,6
DA:63,21
DA:64,1
DA:65,1
DA:69,21
DA:70,1
DA:73,21
DA:74,21
DA:75,21
DA:76,21
DA:79,21
DA:80,21
DA:123,1
DA:126,84
LF:40
LH:38
BRDA:42,0,0,0
BRDA:58,1,0,6
BRDA:64,2,0,1
BRDA:148,3,0,2
BRF:4
BRH:3
end_of_record
TN:
SF:app\exam\mcq2\page.tsx
FN:33,MCQ2Page
FN:39,(anonymous_2)
FN:40,(anonymous_3)
FN:41,(anonymous_4)
FN:50,(anonymous_5)
FN:53,(anonymous_6)
FN:54,(anonymous_7)
FN:57,(anonymous_8)
FN:63,(anonymous_9)
FN:69,(anonymous_10)
FN:73,(anonymous_11)
FN:123,(anonymous_12)
FN:125,(anonymous_13)
FNF:13
FNH:7
FNDA:6,MCQ2Page
FNDA:4,(anonymous_2)
FNDA:0,(anonymous_3)
FNDA:0,(anonymous_4)
FNDA:4,(anonymous_5)
FNDA:0,(anonymous_6)
FNDA:0,(anonymous_7)
FNDA:2,(anonymous_8)
FNDA:0,(anonymous_9)
FNDA:1,(anonymous_10)
FNDA:6,(anonymous_11)
FNDA:0,(anonymous_12)
FNDA:24,(anonymous_13)
DA:3,1
DA:4,1
DA:5,1
DA:6,1
DA:7,1
DA:8,1
DA:9,1
DA:10,1
DA:12,1
DA:33,4
DA:34,6
DA:35,6
DA:36,6
DA:37,6
DA:39,6
DA:40,4
DA:41,0
DA:42,0
DA:43,0
DA:44,0
DA:46,0
DA:50,4
DA:53,6
DA:54,0
DA:57,6
DA:58,2
DA:59,2
DA:63,6
DA:64,0
DA:65,0
DA:69,6
DA:70,1
DA:73,6
DA:74,6
DA:75,6
DA:76,6
DA:79,6
DA:80,6
DA:123,0
DA:126,24
LF:40
LH:31
BRDA:42,0,0,0
BRDA:58,1,0,2
BRDA:64,2,0,0
BRDA:148,3,0,1
BRF:4
BRH:2
end_of_record
TN:
SF:app\exam\mcq3\page.tsx
FN:33,MCQ3Page
FN:39,(anonymous_2)
FN:40,(anonymous_3)
FN:41,(anonymous_4)
FN:50,(anonymous_5)
FN:53,(anonymous_6)
FN:54,(anonymous_7)
FN:57,(anonymous_8)
FN:63,(anonymous_9)
FN:69,(anonymous_10)
FN:73,(anonymous_11)
FN:123,(anonymous_12)
FN:125,(anonymous_13)
FNF:13
FNH:7
FNDA:6,MCQ3Page
FNDA:4,(anonymous_2)
FNDA:0,(anonymous_3)
FNDA:0,(anonymous_4)
FNDA:4,(anonymous_5)
FNDA:0,(anonymous_6)
FNDA:0,(anonymous_7)
FNDA:2,(anonymous_8)
FNDA:0,(anonymous_9)
FNDA:1,(anonymous_10)
FNDA:6,(anonymous_11)
FNDA:0,(anonymous_12)
FNDA:24,(anonymous_13)
DA:3,1
DA:4,1
DA:5,1
DA:6,1
DA:7,1
DA:8,1
DA:9,1
DA:10,1
DA:12,1
DA:33,4
DA:34,6
DA:35,6
DA:36,6
DA:37,6
DA:39,6
DA:40,4
DA:41,0
DA:42,0
DA:43,0
DA:44,0
DA:46,0
DA:50,4
DA:53,6
DA:54,0
DA:57,6
DA:58,2
DA:59,2
DA:63,6
DA:64,0
DA:65,0
DA:69,6
DA:70,1
DA:73,6
DA:74,6
DA:75,6
DA:76,6
DA:79,6
DA:80,6
DA:123,0
DA:126,24
LF:40
LH:31
BRDA:42,0,0,0
BRDA:58,1,0,2
BRDA:64,2,0,0
BRDA:148,3,0,1
BRF:4
BRH:2
end_of_record
TN:
SF:app\exam\results\page.tsx
FN:8,ResultsPage
FN:11,(anonymous_2)
FN:121,(anonymous_3)
FNF:3
FNH:0
FNDA:0,ResultsPage
FNDA:0,(anonymous_2)
FNDA:0,(anonymous_3)
DA:3,0
DA:4,0
DA:5,0
DA:6,0
DA:8,0
DA:9,0
DA:11,0
DA:13,0
DA:14,0
DA:15,0
DA:16,0
DA:17,0
DA:18,0
DA:19,0
DA:121,0
LF:15
LH:0
BRF:0
BRH:0
end_of_record
TN:
SF:app\exam\sections\page.tsx
FN:10,ExamSectionsPage
FN:56,(anonymous_2)
FN:91,(anonymous_3)
FN:123,(anonymous_4)
FNF:4
FNH:2
FNDA:27,ExamSectionsPage
FNDA:0,(anonymous_2)
FNDA:108,(anonymous_3)
FNDA:0,(anonymous_4)
DA:3,1
DA:4,1
DA:5,1
DA:6,1
DA:7,1
DA:8,1
DA:10,13
DA:11,27
DA:13,27
DA:56,27
DA:57,0
DA:92,108
DA:93,108
DA:123,0
LF:14
LH:12
BRF:0
BRH:0
end_of_record
TN:
SF:app\exam\submission\page.tsx
FN:10,SubmissionPage
FN:16,(anonymous_2)
FN:19,(anonymous_3)
FN:24,(anonymous_4)
FN:129,(anonymous_5)
FN:140,(anonymous_6)
FNF:6
FNH:6
FNDA:27,SubmissionPage
FNDA:4,(anonymous_2)
FNDA:4,(anonymous_3)
FNDA:3,(anonymous_4)
FNDA:5,(anonymous_5)
FNDA:1,(anonymous_6)
DA:3,1
DA:4,1
DA:5,1
DA:6,1
DA:7,1
DA:8,1
DA:10,15
DA:11,27
DA:12,27
DA:13,27
DA:14,27
DA:16,27
DA:17,4
DA:19,4
DA:20,4
DA:21,4
DA:24,4
DA:25,3
DA:29,27
DA:129,5
DA:140,1
LF:21
LH:21
BRDA:29,0,0,3
BRDA:144,1,0,4
BRDA:144,1,1,20
BRF:3
BRH:3
end_of_record
TN:
SF:app\landing\page.tsx
FN:12,LandingPage
FNF:1
FNH:0
FNDA:0,LandingPage
DA:3,0
DA:4,0
DA:5,0
DA:6,0
DA:7,0
DA:8,0
DA:9,0
DA:10,0
DA:12,0
LF:9
LH:0
BRF:0
BRH:0
end_of_record
TN:
SF:components\theme-provider.tsx
FN:9,ThemeProvider
FNF:1
FNH:0
FNDA:0,ThemeProvider
DA:3,0
DA:7,0
DA:9,0
LF:3
LH:0
BRF:0
BRH:0
end_of_record
TN:
SF:components\auth\auth-button.tsx
FN:8,AuthButton
FNF:1
FNH:1
FNDA:6,AuthButton
DA:3,1
DA:4,1
DA:5,1
DA:6,1
DA:8,6
DA:9,6
DA:11,6
DA:12,1
DA:15,5
LF:9
LH:9
BRDA:11,0,0,1
BRDA:15,1,0,4
BRF:2
BRH:2
end_of_record
TN:
SF:components\auth\login-form.tsx
FN:7,LoginForm
FN:11,(anonymous_2)
FNF:2
FNH:2
FNDA:17,LoginForm
FNDA:5,(anonymous_2)
DA:3,1
DA:4,1
DA:5,1
DA:7,8
DA:8,17
DA:9,17
DA:11,17
DA:12,5
DA:13,5
DA:15,5
DA:16,5
DA:17,5
DA:20,3
DA:22,2
DA:24,2
DA:27,2
DA:29,3
DA:31,5
LF:18
LH:18
BRDA:29,0,0,3
BRDA:29,0,1,1
BRDA:41,1,0,17
BRDA:54,2,0,17
BRDA:75,3,0,5
BRDA:75,3,1,12
BRF:6
BRH:6
end_of_record
TN:
SF:components\auth\protected-route.tsx
FN:7,ProtectedRoute
FN:11,(anonymous_2)
FNF:2
FNH:0
FNDA:0,ProtectedRoute
FNDA:0,(anonymous_2)
DA:3,0
DA:4,0
DA:5,0
DA:7,0
DA:8,0
DA:9,0
DA:11,0
DA:12,0
DA:13,0
DA:17,0
DA:25,0
DA:26,0
LF:12
LH:0
BRDA:12,0,0,0
BRDA:12,1,0,0
BRDA:12,1,1,0
BRDA:17,2,0,0
BRDA:25,3,0,0
BRF:5
BRH:0
end_of_record
TN:
SF:components\auth\signup-form.tsx
FN:8,SignupForm
FN:12,(anonymous_3)
FNF:2
FNH:2
FNDA:18,SignupForm
FNDA:5,(anonymous_3)
DA:3,1
DA:4,1
DA:5,1
DA:6,1
DA:8,9
DA:9,18
DA:10,18
DA:12,18
DA:13,5
DA:14,5
DA:16,5
DA:17,5
DA:18,5
DA:21,3
DA:23,2
DA:25,2
DA:28,2
DA:30,3
DA:32,5
LF:19
LH:19
BRDA:30,0,0,3
BRDA:30,0,1,1
BRDA:42,1,0,18
BRDA:55,2,0,18
BRDA:76,3,0,5
BRDA:76,3,1,13
BRF:6
BRH:6
end_of_record
TN:
SF:components\exam\code-editor.tsx
FN:12,CodeEditor
FN:17,(anonymous_3)
FN:21,(anonymous_4)
FN:25,(anonymous_5)
FN:26,(anonymous_6)
FN:32,(anonymous_7)
FN:38,(anonymous_8)
FN:46,(anonymous_9)
FN:67,(anonymous_10)
FNF:9
FNH:0
FNDA:0,CodeEditor
FNDA:0,(anonymous_3)
FNDA:0,(anonymous_4)
FNDA:0,(anonymous_5)
FNDA:0,(anonymous_6)
FNDA:0,(anonymous_7)
FNDA:0,(anonymous_8)
FNDA:0,(anonymous_9)
FNDA:0,(anonymous_10)
DA:3,0
DA:12,0
DA:13,0
DA:14,0
DA:15,0
DA:17,0
DA:18,0
DA:21,0
DA:22,0
DA:24,0
DA:25,0
DA:26,0
DA:29,0
DA:32,0
DA:33,0
DA:34,0
DA:38,0
DA:39,0
DA:40,0
DA:41,0
DA:42,0
DA:43,0
DA:44,0
DA:46,0
DA:47,0
DA:48,0
DA:67,0
LF:27
LH:0
BRDA:22,0,0,0
BRDA:22,1,0,0
BRDA:22,1,1,0
BRDA:33,2,0,0
BRDA:39,3,0,0
BRDA:47,4,0,0
BRF:6
BRH:0
end_of_record
TN:
SF:components\exam\connectivity-handler.tsx
FN:14,ConnectivityHandler
FN:23,(anonymous_2)
FN:24,(anonymous_3)
FN:25,(anonymous_4)
FN:29,(anonymous_5)
FN:30,(anonymous_6)
FN:38,(anonymous_7)
FN:42,(anonymous_8)
FN:50,(anonymous_9)
FNF:9
FNH:0
FNDA:0,ConnectivityHandler
FNDA:0,(anonymous_2)
FNDA:0,(anonymous_3)
FNDA:0,(anonymous_4)
FNDA:0,(anonymous_5)
FNDA:0,(anonymous_6)
FNDA:0,(anonymous_7)
FNDA:0,(anonymous_8)
FNDA:0,(anonymous_9)
DA:3,0
DA:4,0
DA:5,0
DA:14,0
DA:15,0
DA:21,0
DA:23,0
DA:24,0
DA:25,0
DA:26,0
DA:29,0
DA:30,0
DA:31,0
DA:34,0
DA:35,0
DA:38,0
DA:39,0
DA:40,0
DA:42,0
DA:50,0
DA:51,0
DA:52,0
DA:53,0
LF:23
LH:0
BRDA:40,0,0,0
BRDA:40,0,1,0
BRDA:40,1,0,0
BRDA:40,1,1,0
BRDA:64,2,0,0
BRDA:73,3,0,0
BRDA:73,3,1,0
BRDA:74,4,0,0
BRDA:74,4,1,0
BRDA:93,5,0,0
BRDA:93,5,1,0
BRF:11
BRH:0
end_of_record
TN:
SF:components\exam\exam-environment-enhanced.tsx
FN:34,ExamEnvironmentEnhanced
FN:39,(anonymous_2)
FN:40,(anonymous_3)
FN:43,(anonymous_4)
FN:47,(anonymous_5)
FNF:5
FNH:0
FNDA:0,ExamEnvironmentEnhanced
FNDA:0,(anonymous_2)
FNDA:0,(anonymous_3)
FNDA:0,(anonymous_4)
FNDA:0,(anonymous_5)
DA:3,0
DA:4,0
DA:5,0
DA:6,0
DA:7,0
DA:8,0
DA:9,0
DA:10,0
DA:11,0
DA:13,0
DA:34,0
DA:35,0
DA:36,0
DA:37,0
DA:39,0
DA:40,0
DA:43,0
DA:44,0
DA:47,0
DA:48,0
LF:20
LH:0
BRDA:94,0,0,0
BRF:1
BRH:0
end_of_record
TN:
SF:components\exam\exam-questions.tsx
FN:31,ExamQuestions
FN:45,(anonymous_2)
FN:50,(anonymous_3)
FN:52,(anonymous_4)
FN:54,(anonymous_5)
FN:61,(anonymous_6)
FN:66,(anonymous_7)
FN:70,(anonymous_8)
FN:76,(anonymous_9)
FN:84,(anonymous_10)
FN:88,(anonymous_11)
FN:129,(anonymous_12)
FN:157,(anonymous_13)
FNF:13
FNH:0
FNDA:0,ExamQuestions
FNDA:0,(anonymous_2)
FNDA:0,(anonymous_3)
FNDA:0,(anonymous_4)
FNDA:0,(anonymous_5)
FNDA:0,(anonymous_6)
FNDA:0,(anonymous_7)
FNDA:0,(anonymous_8)
FNDA:0,(anonymous_9)
FNDA:0,(anonymous_10)
FNDA:0,(anonymous_11)
FNDA:0,(anonymous_12)
FNDA:0,(anonymous_13)
DA:3,0
DA:4,0
DA:5,0
DA:6,0
DA:7,0
DA:8,0
DA:9,0
DA:31,0
DA:41,0
DA:43,0
DA:45,0
DA:47,0
DA:50,0
DA:52,0
DA:53,0
DA:54,0
DA:55,0
DA:56,0
DA:60,0
DA:61,0
DA:62,0
DA:66,0
DA:67,0
DA:70,0
DA:71,0
DA:72,0
DA:76,0
DA:77,0
DA:78,0
DA:80,0
DA:84,0
DA:85,0
DA:88,0
DA:89,0
DA:92,0
DA:93,0
DA:130,0
DA:131,0
DA:157,0
LF:39
LH:0
BRDA:55,0,0,0
BRDA:71,1,0,0
BRDA:77,2,0,0
BRDA:77,2,1,0
BRDA:92,3,0,0
BRDA:92,3,1,0
BRDA:93,4,0,0
BRDA:93,4,1,0
BRDA:105,5,0,0
BRDA:105,5,1,0
BRDA:108,6,0,0
BRDA:108,6,1,0
BRDA:112,7,0,0
BRDA:127,8,0,0
BRDA:127,9,0,0
BRDA:127,9,1,0
BRDA:135,10,0,0
BRDA:135,10,1,0
BRDA:156,11,0,0
BRDA:156,11,1,0
BRDA:162,12,0,0
BRDA:162,12,1,0
BRDA:174,13,0,0
BRDA:174,13,1,0
BRDA:178,14,0,0
BRDA:178,14,1,0
BRDA:201,15,0,0
BRDA:201,15,1,0
BRF:28
BRH:0
end_of_record
TN:
SF:components\exam\exam-timer.tsx
FN:11,ExamTimer
FN:14,(anonymous_2)
FN:15,(anonymous_3)
FN:16,(anonymous_4)
FN:26,(anonymous_5)
FNF:5
FNH:0
FNDA:0,ExamTimer
FNDA:0,(anonymous_2)
FNDA:0,(anonymous_3)
FNDA:0,(anonymous_4)
FNDA:0,(anonymous_5)
DA:3,0
DA:4,0
DA:11,0
DA:12,0
DA:14,0
DA:15,0
DA:16,0
DA:17,0
DA:18,0
DA:19,0
DA:20,0
DA:22,0
DA:26,0
DA:29,0
DA:30,0
DA:31,0
LF:16
LH:0
BRDA:17,0,0,0
BRDA:36,1,0,0
BRDA:36,1,1,0
BRF:3
BRH:0
end_of_record
TN:
SF:components\exam\monitoring-overlay.tsx
FN:5,MonitoringOverlay
FN:8,(anonymous_2)
FN:9,(anonymous_3)
FN:22,(anonymous_4)
FN:25,(anonymous_5)
FNF:5
FNH:0
FNDA:0,MonitoringOverlay
FNDA:0,(anonymous_2)
FNDA:0,(anonymous_3)
FNDA:0,(anonymous_4)
FNDA:0,(anonymous_5)
DA:3,0
DA:5,0
DA:6,0
DA:8,0
DA:9,0
DA:10,0
DA:11,0
DA:12,0
DA:13,0
DA:16,0
DA:20,0
DA:22,0
DA:23,0
DA:24,0
DA:25,0
LF:15
LH:0
BRDA:12,0,0,0
BRDA:23,1,0,0
BRF:2
BRH:0
end_of_record
TN:
SF:components\exam\proctor-alerts.tsx
FN:18,ProctorAlerts
FN:21,(anonymous_2)
FN:23,(anonymous_3)
FN:58,(anonymous_4)
FN:64,(anonymous_5)
FN:67,(anonymous_6)
FN:90,(anonymous_7)
FNF:7
FNH:0
FNDA:0,ProctorAlerts
FNDA:0,(anonymous_2)
FNDA:0,(anonymous_3)
FNDA:0,(anonymous_4)
FNDA:0,(anonymous_5)
FNDA:0,(anonymous_6)
FNDA:0,(anonymous_7)
DA:5,0
DA:6,0
DA:7,0
DA:18,0
DA:19,0
DA:21,0
DA:23,0
DA:24,0
DA:51,0
DA:52,0
DA:58,0
DA:62,0
DA:64,0
DA:67,0
DA:68,0
DA:70,0
DA:72,0
DA:74,0
DA:76,0
DA:91,0
LF:20
LH:0
BRDA:68,0,0,0
BRDA:68,0,1,0
BRDA:68,0,2,0
BRDA:68,0,3,0
BRDA:84,1,0,0
BRDA:84,1,1,0
BRF:6
BRH:0
end_of_record
TN:
SF:components\exam\real-time-sync.tsx
FN:8,RealTimeSync
FN:12,(anonymous_2)
FN:14,(anonymous_3)
FN:23,(anonymous_4)
FN:29,(anonymous_5)
FNF:5
FNH:0
FNDA:0,RealTimeSync
FNDA:0,(anonymous_2)
FNDA:0,(anonymous_3)
FNDA:0,(anonymous_4)
FNDA:0,(anonymous_5)
DA:3,0
DA:4,0
DA:5,0
DA:6,0
DA:8,0
DA:9,0
DA:10,0
DA:12,0
DA:14,0
DA:15,0
DA:16,0
DA:17,0
DA:23,0
DA:25,0
DA:29,0
LF:15
LH:0
BRDA:15,0,0,0
BRDA:15,0,1,0
BRDA:37,1,0,0
BRDA:46,2,0,0
BRDA:46,2,1,0
BRDA:47,3,0,0
BRDA:47,3,1,0
BRDA:52,4,0,0
BRDA:52,4,1,0
BRDA:56,5,0,0
BRF:10
BRH:0
end_of_record
TN:
SF:components\exam\violation-tracker-compact.tsx
FN:23,ViolationTrackerCompact
FN:32,(anonymous_2)
FN:34,(anonymous_3)
FN:36,(anonymous_4)
FN:46,(anonymous_5)
FN:48,(anonymous_6)
FN:54,(anonymous_7)
FN:60,(anonymous_8)
FN:66,(anonymous_9)
FN:73,(anonymous_10)
FN:79,(anonymous_11)
FNF:11
FNH:0
FNDA:0,ViolationTrackerCompact
FNDA:0,(anonymous_2)
FNDA:0,(anonymous_3)
FNDA:0,(anonymous_4)
FNDA:0,(anonymous_5)
FNDA:0,(anonymous_6)
FNDA:0,(anonymous_7)
FNDA:0,(anonymous_8)
FNDA:0,(anonymous_9)
FNDA:0,(anonymous_10)
FNDA:0,(anonymous_11)
DA:3,0
DA:4,0
DA:5,0
DA:6,0
DA:16,0
DA:23,0
DA:24,0
DA:32,0
DA:34,0
DA:35,0
DA:36,0
DA:43,0
DA:46,0
DA:47,0
DA:48,0
DA:53,0
DA:54,0
DA:59,0
DA:60,0
DA:65,0
DA:66,0
DA:73,0
DA:74,0
DA:75,0
DA:79,0
DA:80,0
DA:81,0
DA:82,0
DA:83,0
DA:86,0
LF:30
LH:0
BRDA:35,0,0,0
BRDA:47,1,0,0
BRDA:53,2,0,0
BRDA:59,3,0,0
BRDA:65,4,0,0
BRDA:81,5,0,0
BRDA:82,6,0,0
BRDA:107,7,0,0
BRDA:107,7,1,0
BRDA:118,8,0,0
BRDA:118,8,1,0
BRDA:129,9,0,0
BRDA:129,9,1,0
BRDA:140,10,0,0
BRDA:140,10,1,0
BRDA:146,11,0,0
BRDA:146,11,1,0
BRDA:151,12,0,0
BRDA:151,12,1,0
BRDA:152,13,0,0
BRDA:152,13,1,0
BRF:21
BRH:0
end_of_record
TN:
SF:components\exam\violation-tracker.tsx
FN:21,ViolationTracker
FN:30,(anonymous_2)
FN:32,(anonymous_3)
FN:34,(anonymous_4)
FN:44,(anonymous_5)
FN:47,(anonymous_6)
FN:53,(anonymous_7)
FN:59,(anonymous_8)
FN:65,(anonymous_9)
FN:72,(anonymous_10)
FN:78,(anonymous_11)
FN:85,(anonymous_12)
FNF:12
FNH:0
FNDA:0,ViolationTracker
FNDA:0,(anonymous_2)
FNDA:0,(anonymous_3)
FNDA:0,(anonymous_4)
FNDA:0,(anonymous_5)
FNDA:0,(anonymous_6)
FNDA:0,(anonymous_7)
FNDA:0,(anonymous_8)
FNDA:0,(anonymous_9)
FNDA:0,(anonymous_10)
FNDA:0,(anonymous_11)
FNDA:0,(anonymous_12)
DA:3,0
DA:4,0
DA:14,0
DA:21,0
DA:22,0
DA:30,0
DA:32,0
DA:33,0
DA:34,0
DA:41,0
DA:44,0
DA:46,0
DA:47,0
DA:52,0
DA:53,0
DA:58,0
DA:59,0
DA:64,0
DA:65,0
DA:72,0
DA:73,0
DA:74,0
DA:78,0
DA:79,0
DA:80,0
DA:81,0
DA:82,0
DA:85,0
DA:86,0
DA:87,0
DA:88,0
DA:89,0
LF:32
LH:0
BRDA:33,0,0,0
BRDA:46,1,0,0
BRDA:52,2,0,0
BRDA:58,3,0,0
BRDA:64,4,0,0
BRDA:80,5,0,0
BRDA:81,6,0,0
BRDA:87,7,0,0
BRDA:88,8,0,0
BRDA:159,9,0,0
BRDA:159,9,1,0
BRDA:166,10,0,0
BRDA:166,10,1,0
BRDA:168,11,0,0
BRDA:168,11,1,0
BRDA:172,12,0,0
BRDA:172,12,1,0
BRDA:172,12,2,0
BRDA:172,12,3,0
BRF:19
BRH:0
end_of_record
TN:
SF:components\exam\warning-history.tsx
FN:16,WarningHistory
FN:44,(anonymous_2)
FN:57,(anonymous_3)
FN:77,(anonymous_4)
FNF:4
FNH:0
FNDA:0,WarningHistory
FNDA:0,(anonymous_2)
FNDA:0,(anonymous_3)
FNDA:0,(anonymous_4)
DA:3,0
DA:4,0
DA:5,0
DA:16,0
DA:17,0
DA:44,0
DA:45,0
DA:57,0
DA:58,0
DA:60,0
DA:62,0
DA:64,0
DA:66,0
DA:78,0
LF:14
LH:0
BRDA:58,0,0,0
BRDA:58,0,1,0
BRDA:58,0,2,0
BRDA:58,0,3,0
BRDA:74,1,0,0
BRDA:74,1,1,0
BRF:6
BRH:0
end_of_record
TN:
SF:components\landing\contact-section.tsx
FN:11,ContactSection
FN:25,(anonymous_2)
FN:87,(anonymous_3)
FN:98,(anonymous_4)
FN:108,(anonymous_5)
FNF:5
FNH:5
FNDA:17,ContactSection
FNDA:1,(anonymous_2)
FNDA:2,(anonymous_3)
FNDA:2,(anonymous_4)
FNDA:2,(anonymous_5)
DA:5,1
DA:6,1
DA:7,1
DA:8,1
DA:9,1
DA:11,10
DA:12,17
DA:18,17
DA:19,17
DA:20,17
DA:21,17
DA:22,17
DA:23,17
DA:25,17
DA:26,1
DA:27,1
DA:28,1
DA:87,2
DA:98,2
DA:108,2
LF:20
LH:20
BRDA:72,0,0,17
BRDA:72,0,1,0
BRDA:75,1,0,17
BRDA:75,1,1,0
BRDA:80,2,0,17
BRDA:80,2,1,0
BRDA:82,3,0,17
BRDA:82,3,1,0
BRDA:93,4,0,17
BRDA:93,4,1,0
BRDA:104,5,0,17
BRDA:104,5,1,0
BRDA:117,6,0,17
BRDA:117,6,1,0
BRDA:124,7,0,17
BRDA:124,7,1,0
BRF:16
BRH:8
end_of_record
TN:
SF:components\landing\features-grid.tsx
FN:40,FeaturesGrid
FN:72,(anonymous_2)
FNF:2
FNH:2
FNDA:6,FeaturesGrid
FNDA:36,(anonymous_2)
DA:3,1
DA:4,1
DA:5,1
DA:7,1
DA:40,6
DA:41,6
DA:42,6
DA:43,6
DA:44,6
DA:73,36
DA:74,36
DA:75,36
LF:12
LH:12
BRDA:63,0,0,6
BRDA:63,0,1,0
BRDA:66,1,0,6
BRDA:66,1,1,0
BRDA:78,2,0,36
BRDA:78,2,1,0
BRF:6
BRH:3
end_of_record
TN:
SF:components\landing\footer.tsx
FN:6,Footer
FN:74,(anonymous_3)
FN:78,(anonymous_4)
FNF:3
FNH:3
FNDA:10,Footer
FNDA:50,(anonymous_3)
FNDA:200,(anonymous_4)
DA:3,1
DA:4,1
DA:6,10
DA:7,10
DA:9,10
DA:75,50
DA:79,200
LF:7
LH:7
BRF:0
BRH:0
end_of_record
TN:
SF:components\landing\hackathon-section.tsx
FN:8,HackathonSection
FN:16,(anonymous_2)
FN:17,(anonymous_3)
FN:18,(anonymous_4)
FN:21,(anonymous_5)
FN:38,(anonymous_6)
FN:49,(anonymous_7)
FNF:7
FNH:7
FNDA:15,HackathonSection
FNDA:7,(anonymous_2)
FNDA:8,(anonymous_3)
FNDA:8,(anonymous_4)
FNDA:7,(anonymous_5)
FNDA:75,(anonymous_6)
FNDA:75,(anonymous_7)
DA:3,1
DA:4,1
DA:5,1
DA:6,1
DA:8,7
DA:9,15
DA:10,15
DA:13,15
DA:14,15
DA:16,15
DA:17,7
DA:18,8
DA:21,7
DA:39,75
DA:50,75
LF:15
LH:15
BRDA:31,0,0,15
BRDA:31,0,1,0
BRDA:36,1,0,15
BRDA:36,1,1,0
BRDA:47,2,0,15
BRDA:47,2,1,0
BRDA:52,3,0,15
BRDA:52,3,1,60
BRDA:64,4,0,15
BRDA:64,4,1,0
BRDA:71,5,0,15
BRDA:71,5,1,0
BRF:12
BRH:7
end_of_record
TN:
SF:components\landing\hero-section.tsx
FN:9,HeroSection
FN:50,(anonymous_2)
FNF:2
FNH:2
FNDA:7,HeroSection
FNDA:1,(anonymous_2)
DA:3,1
DA:4,1
DA:5,1
DA:6,1
DA:7,1
DA:9,7
DA:10,7
DA:11,7
DA:12,7
DA:13,7
DA:14,7
DA:50,1
LF:12
LH:12
BRDA:37,0,0,7
BRDA:37,0,1,0
BRDA:40,1,0,7
BRDA:40,1,1,0
BRDA:47,2,0,7
BRDA:47,2,1,0
BRDA:69,3,0,7
BRDA:69,3,1,0
BRF:8
BRH:4
end_of_record
TN:
SF:components\landing\monitoring-preview.tsx
FN:7,MonitoringPreview
FN:90,(anonymous_2)
FNF:2
FNH:2
FNDA:9,MonitoringPreview
FNDA:27,(anonymous_2)
DA:3,1
DA:4,1
DA:5,1
DA:7,9
DA:8,9
DA:9,9
DA:10,9
DA:11,9
DA:91,27
DA:92,27
LF:10
LH:10
BRDA:31,0,0,9
BRDA:31,0,1,0
BRDA:72,1,0,9
BRDA:72,1,1,0
BRDA:95,2,0,27
BRDA:95,2,1,0
BRF:6
BRH:3
end_of_record
TN:
SF:components\landing\navbar.tsx
FN:7,Navbar
FNF:1
FNH:0
FNDA:0,Navbar
DA:3,0
DA:4,0
DA:5,0
DA:7,0
DA:8,0
LF:5
LH:0
BRF:0
BRH:0
end_of_record
TN:
SF:components\landing\workflow-section.tsx
FN:39,WorkflowSection
FN:71,(anonymous_2)
FNF:2
FNH:2
FNDA:6,WorkflowSection
FNDA:36,(anonymous_2)
DA:3,1
DA:4,1
DA:6,1
DA:39,6
DA:40,6
DA:41,6
DA:42,6
DA:43,6
DA:72,36
DA:73,36
LF:10
LH:10
BRDA:62,0,0,6
BRDA:62,0,1,0
BRDA:65,1,0,6
BRDA:65,1,1,0
BRDA:76,2,0,36
BRDA:77,3,0,30
BRDA:77,3,1,0
BRDA:82,4,0,36
BRDA:82,4,1,0
BRF:9
BRH:5
end_of_record
TN:
SF:components\ui\accordion.tsx
FN:9,Accordion
FN:15,AccordionItem
FN:28,AccordionTrigger
FN:50,AccordionContent
FNF:4
FNH:0
FNDA:0,Accordion
FNDA:0,AccordionItem
FNDA:0,AccordionTrigger
FNDA:0,AccordionContent
DA:3,0
DA:4,0
DA:5,0
DA:7,0
DA:66,0
LF:5
LH:0
BRF:0
BRH:0
end_of_record
TN:
SF:components\ui\alert-dialog.tsx
FN:9,AlertDialog
FN:15,AlertDialogTrigger
FN:23,AlertDialogPortal
FN:31,AlertDialogOverlay
FN:47,AlertDialogContent
FN:66,AlertDialogHeader
FN:79,AlertDialogFooter
FN:95,AlertDialogTitle
FN:108,AlertDialogDescription
FN:121,AlertDialogAction
FN:133,AlertDialogCancel
FNF:11
FNH:0
FNDA:0,AlertDialog
FNDA:0,AlertDialogTrigger
FNDA:0,AlertDialogPortal
FNDA:0,AlertDialogOverlay
FNDA:0,AlertDialogContent
FNDA:0,AlertDialogHeader
FNDA:0,AlertDialogFooter
FNDA:0,AlertDialogTitle
FNDA:0,AlertDialogDescription
FNDA:0,AlertDialogAction
FNDA:0,AlertDialogCancel
DA:3,0
DA:4,0
DA:6,0
DA:7,0
DA:146,0
DA:147,0
DA:148,0
DA:149,0
DA:150,0
DA:151,0
DA:152,0
DA:153,0
DA:154,0
DA:155,0
DA:156,0
LF:15
LH:0
BRF:0
BRH:0
end_of_record
TN:
SF:components\ui\alert.tsx
FN:22,Alert
FN:37,AlertTitle
FN:50,AlertDescription
FNF:3
FNH:0
FNDA:0,Alert
FNDA:0,AlertTitle
FNDA:0,AlertDescription
DA:1,0
DA:2,0
DA:4,0
DA:6,0
DA:66,0
LF:5
LH:0
BRF:0
BRH:0
end_of_record
TN:
SF:components\ui\aspect-ratio.tsx
FN:5,AspectRatio
FNF:1
FNH:0
FNDA:0,AspectRatio
DA:3,0
DA:11,0
LF:2
LH:0
BRF:0
BRH:0
end_of_record
TN:
SF:components\ui\avatar.tsx
FN:8,Avatar
FN:24,AvatarImage
FN:37,AvatarFallback
FNF:3
FNH:0
FNDA:0,Avatar
FNDA:0,AvatarImage
FNDA:0,AvatarFallback
DA:3,0
DA:4,0
DA:6,0
DA:53,0
LF:4
LH:0
BRF:0
BRH:0
end_of_record
TN:
SF:components\ui\badge.tsx
FN:28,Badge
FNF:1
FNH:1
FNDA:171,Badge
DA:1,4
DA:2,4
DA:3,4
DA:5,4
DA:7,4
DA:35,171
DA:46,401
LF:7
LH:7
BRDA:31,0,0,171
BRDA:35,1,0,0
BRDA:35,1,1,171
BRF:3
BRH:2
end_of_record
TN:
SF:components\ui\breadcrumb.tsx
FN:7,Breadcrumb
FN:11,BreadcrumbList
FN:24,BreadcrumbItem
FN:34,BreadcrumbLink
FN:52,BreadcrumbPage
FN:65,BreadcrumbSeparator
FN:83,BreadcrumbEllipsis
FNF:7
FNH:0
FNDA:0,Breadcrumb
FNDA:0,BreadcrumbList
FNDA:0,BreadcrumbItem
FNDA:0,BreadcrumbLink
FNDA:0,BreadcrumbPage
FNDA:0,BreadcrumbSeparator
FNDA:0,BreadcrumbEllipsis
DA:1,0
DA:2,0
DA:3,0
DA:5,0
DA:41,0
DA:102,0
DA:103,0
DA:104,0
DA:105,0
DA:106,0
DA:107,0
DA:108,0
LF:12
LH:0
BRDA:41,0,0,0
BRDA:41,0,1,0
BRDA:78,1,0,0
BRDA:78,1,1,0
BRF:4
BRH:0
end_of_record
TN:
SF:components\ui\button-group.tsx
FN:24,ButtonGroup
FN:40,ButtonGroupText
FN:60,ButtonGroupSeparator
FNF:3
FNH:0
FNDA:0,ButtonGroup
FNDA:0,ButtonGroupText
FNDA:0,ButtonGroupSeparator
DA:1,0
DA:2,0
DA:4,0
DA:5,0
DA:7,0
DA:47,0
DA:79,0
DA:80,0
DA:81,0
DA:82,0
LF:10
LH:0
BRDA:42,0,0,0
BRDA:47,1,0,0
BRDA:47,1,1,0
BRDA:62,2,0,0
BRF:4
BRH:0
end_of_record
TN:
SF:components\ui\button.tsx
FN:39,Button
FNF:1
FNH:1
FNDA:501,Button
DA:1,10
DA:2,10
DA:3,10
DA:5,10
DA:7,10
DA:49,501
DA:60,735
LF:7
LH:7
BRDA:43,0,0,501
BRDA:49,1,0,0
BRDA:49,1,1,501
BRF:3
BRH:2
end_of_record
TN:
SF:components\ui\calendar.tsx
FN:14,Calendar
FN:39,(anonymous_7)
FN:128,(anonymous_8)
FN:138,(anonymous_9)
FN:159,(anonymous_10)
FN:175,CalendarDayButton
FN:184,(anonymous_12)
FNF:7
FNH:0
FNDA:0,Calendar
FNDA:0,(anonymous_7)
FNDA:0,(anonymous_8)
FNDA:0,(anonymous_9)
FNDA:0,(anonymous_10)
FNDA:0,CalendarDayButton
FNDA:0,(anonymous_12)
DA:3,0
DA:8,0
DA:9,0
DA:11,0
DA:12,0
DA:26,0
DA:40,0
DA:139,0
DA:145,0
DA:181,0
DA:183,0
DA:184,0
DA:185,0
DA:213,0
LF:14
LH:0
BRDA:17,0,0,0
BRDA:18,1,0,0
BRDA:19,2,0,0
BRDA:82,3,0,0
BRDA:82,3,1,0
BRDA:139,4,0,0
BRDA:145,5,0,0
BRDA:185,6,0,0
BRDA:195,7,0,0
BRDA:195,7,1,0
BRDA:195,7,2,0
BRDA:195,7,3,0
BRF:12
BRH:0
end_of_record
TN:
SF:components\ui\card.tsx
FN:5,Card
FN:18,CardHeader
FN:31,CardTitle
FN:41,CardDescription
FN:51,CardAction
FN:64,CardContent
FN:74,CardFooter
FNF:7
FNH:1
FNDA:473,Card
FNDA:0,CardHeader
FNDA:0,CardTitle
FNDA:0,CardDescription
FNDA:0,CardAction
FNDA:0,CardContent
FNDA:0,CardFooter
DA:1,7
DA:3,7
DA:85,616
DA:86,0
DA:87,0
DA:88,0
DA:89,0
DA:90,0
DA:91,0
LF:9
LH:3
BRF:0
BRH:0
end_of_record
TN:
SF:components\ui\carousel.tsx
FN:35,useCarousel
FN:45,Carousel
FN:64,(anonymous_12)
FN:70,(anonymous_13)
FN:74,(anonymous_14)
FN:79,(anonymous_15)
FN:91,(anonymous_16)
FN:96,(anonymous_17)
FN:102,(anonymous_18)
FN:135,CarouselContent
FN:156,CarouselItem
FN:174,CarouselPrevious
FN:204,CarouselNext
FNF:13
FNH:0
FNDA:0,useCarousel
FNDA:0,Carousel
FNDA:0,(anonymous_12)
FNDA:0,(anonymous_13)
FNDA:0,(anonymous_14)
FNDA:0,(anonymous_15)
FNDA:0,(anonymous_16)
FNDA:0,(anonymous_17)
FNDA:0,(anonymous_18)
FNDA:0,CarouselContent
FNDA:0,CarouselItem
FNDA:0,CarouselPrevious
FNDA:0,CarouselNext
DA:3,0
DA:6,0
DA:7,0
DA:9,0
DA:10,0
DA:33,0
DA:36,0
DA:38,0
DA:39,0
DA:42,0
DA:54,0
DA:61,0
DA:62,0
DA:64,0
DA:65,0
DA:66,0
DA:67,0
DA:70,0
DA:71,0
DA:74,0
DA:75,0
DA:78,0
DA:80,0
DA:81,0
DA:82,0
DA:83,0
DA:84,0
DA:85,0
DA:91,0
DA:92,0
DA:93,0
DA:96,0
DA:97,0
DA:98,0
DA:99,0
DA:100,0
DA:102,0
DA:103,0
DA:136,0
DA:157,0
DA:180,0
DA:210,0
DA:236,0
DA:237,0
DA:238,0
DA:239,0
DA:240,0
LF:47
LH:0
BRDA:38,0,0,0
BRDA:46,1,0,0
BRDA:57,2,0,0
BRDA:57,2,1,0
BRDA:65,3,0,0
BRDA:80,4,0,0
BRDA:80,4,1,0
BRDA:83,5,0,0
BRDA:92,6,0,0
BRDA:92,7,0,0
BRDA:92,7,1,0
BRDA:97,8,0,0
BRDA:114,9,0,0
BRDA:114,9,1,0
BRDA:114,10,0,0
BRDA:114,10,1,0
BRDA:147,11,0,0
BRDA:147,11,1,0
BRDA:166,12,0,0
BRDA:166,12,1,0
BRDA:176,13,0,0
BRDA:177,14,0,0
BRDA:189,15,0,0
BRDA:189,15,1,0
BRDA:206,16,0,0
BRDA:207,17,0,0
BRDA:219,18,0,0
BRDA:219,18,1,0
BRF:28
BRH:0
end_of_record
TN:
SF:components\ui\chart.tsx
FN:27,useChart
FN:37,ChartContainer
FN:72,(anonymous_12)
FN:74,(anonymous_13)
FN:86,(anonymous_14)
FN:89,(anonymous_15)
FN:107,ChartTooltipContent
FN:131,(anonymous_17)
FN:182,(anonymous_18)
FN:253,ChartLegendContent
FN:278,(anonymous_20)
FN:308,getPayloadConfigFromPayload
FNF:12
FNH:0
FNDA:0,useChart
FNDA:0,ChartContainer
FNDA:0,(anonymous_12)
FNDA:0,(anonymous_13)
FNDA:0,(anonymous_14)
FNDA:0,(anonymous_15)
FNDA:0,ChartTooltipContent
FNDA:0,(anonymous_17)
FNDA:0,(anonymous_18)
FNDA:0,ChartLegendContent
FNDA:0,(anonymous_20)
FNDA:0,getPayloadConfigFromPayload
DA:3,0
DA:4,0
DA:6,0
DA:9,0
DA:25,0
DA:28,0
DA:30,0
DA:31,0
DA:34,0
DA:49,0
DA:50,0
DA:72,0
DA:73,0
DA:74,0
DA:77,0
DA:78,0
DA:86,0
DA:91,0
DA:93,0
DA:105,0
DA:129,0
DA:131,0
DA:132,0
DA:133,0
DA:136,0
DA:137,0
DA:138,0
DA:140,0
DA:144,0
DA:152,0
DA:153,0
DA:167,0
DA:168,0
DA:171,0
DA:183,0
DA:184,0
DA:185,0
DA:187,0
DA:251,0
DA:264,0
DA:266,0
DA:267,0
DA:279,0
DA:280,0
DA:282,0
DA:313,0
DA:314,0
DA:318,0
DA:324,0
DA:326,0
DA:330,0
DA:331,0
DA:336,0
DA:341,0
DA:347,0
DA:348,0
DA:349,0
DA:350,0
DA:351,0
DA:352,0
LF:60
LH:0
BRDA:30,0,0,0
BRDA:50,1,0,0
BRDA:50,1,1,0
BRDA:74,2,0,0
BRDA:74,2,1,0
BRDA:77,3,0,0
BRDA:91,4,0,0
BRDA:91,4,1,0
BRDA:93,5,0,0
BRDA:93,5,1,0
BRDA:111,6,0,0
BRDA:112,7,0,0
BRDA:113,8,0,0
BRDA:132,9,0,0
BRDA:132,10,0,0
BRDA:132,10,1,0
BRDA:137,11,0,0
BRDA:137,11,1,0
BRDA:137,11,2,0
BRDA:137,11,3,0
BRDA:140,12,0,0
BRDA:140,12,1,0
BRDA:140,13,0,0
BRDA:140,13,1,0
BRDA:141,14,0,0
BRDA:141,14,1,0
BRDA:144,15,0,0
BRDA:152,16,0,0
BRDA:167,17,0,0
BRDA:167,18,0,0
BRDA:167,18,1,0
BRDA:171,19,0,0
BRDA:171,19,1,0
BRDA:180,20,0,0
BRDA:180,20,1,0
BRDA:183,21,0,0
BRDA:183,21,1,0
BRDA:183,21,2,0
BRDA:183,21,3,0
BRDA:185,22,0,0
BRDA:185,22,1,0
BRDA:185,22,2,0
BRDA:192,23,0,0
BRDA:192,23,1,0
BRDA:196,24,0,0
BRDA:195,25,0,0
BRDA:195,25,1,0
BRDA:195,25,2,0
BRDA:200,26,0,0
BRDA:202,27,0,0
BRDA:211,28,0,0
BRDA:211,28,1,0
BRDA:226,29,0,0
BRDA:226,29,1,0
BRDA:230,30,0,0
BRDA:230,30,1,0
BRDA:232,31,0,0
BRDA:232,31,1,0
BRDA:235,32,0,0
BRDA:255,33,0,0
BRDA:257,34,0,0
BRDA:266,35,0,0
BRDA:274,36,0,0
BRDA:274,36,1,0
BRDA:279,37,0,0
BRDA:279,37,1,0
BRDA:279,37,2,0
BRDA:290,38,0,0
BRDA:289,39,0,0
BRDA:289,39,1,0
BRDA:313,40,0,0
BRDA:313,41,0,0
BRDA:313,41,1,0
BRDA:318,42,0,0
BRDA:318,42,1,0
BRDA:318,43,0,0
BRDA:318,43,1,0
BRDA:318,43,2,0
BRDA:326,44,0,0
BRDA:326,44,1,0
BRDA:327,45,0,0
BRDA:327,45,1,0
BRDA:331,46,0,0
BRDA:332,47,0,0
BRDA:332,47,1,0
BRDA:332,47,2,0
BRDA:341,48,0,0
BRDA:341,48,1,0
BRF:88
BRH:0
end_of_record
TN:
SF:components\ui\checkbox.tsx
FN:9,Checkbox
FNF:1
FNH:1
FNDA:43,Checkbox
DA:3,2
DA:4,2
DA:5,2
DA:7,2
DA:32,43
LF:5
LH:5
BRF:0
BRH:0
end_of_record
TN:
SF:components\ui\collapsible.tsx
FN:5,Collapsible
FN:11,CollapsibleTrigger
FN:22,CollapsibleContent
FNF:3
FNH:0
FNDA:0,Collapsible
FNDA:0,CollapsibleTrigger
FNDA:0,CollapsibleContent
DA:3,0
DA:33,0
LF:2
LH:0
BRF:0
BRH:0
end_of_record
TN:
SF:components\ui\command.tsx
FN:16,Command
FN:32,CommandDialog
FN:63,CommandInput
FN:85,CommandList
FN:101,CommandEmpty
FN:113,CommandGroup
FN:129,CommandSeparator
FN:142,CommandItem
FN:158,CommandShortcut
FNF:9
FNH:0
FNDA:0,Command
FNDA:0,CommandDialog
FNDA:0,CommandInput
FNDA:0,CommandList
FNDA:0,CommandEmpty
FNDA:0,CommandGroup
FNDA:0,CommandSeparator
FNDA:0,CommandItem
FNDA:0,CommandShortcut
DA:3,0
DA:4,0
DA:5,0
DA:7,0
DA:14,0
DA:175,0
DA:176,0
DA:177,0
DA:178,0
DA:179,0
DA:180,0
DA:181,0
DA:182,0
DA:183,0
LF:14
LH:0
BRDA:33,0,0,0
BRDA:34,1,0,0
BRDA:37,2,0,0
BRF:3
BRH:0
end_of_record
TN:
SF:components\ui\context-menu.tsx
FN:9,ContextMenu
FN:15,ContextMenuTrigger
FN:23,ContextMenuGroup
FN:31,ContextMenuPortal
FN:39,ContextMenuSub
FN:45,ContextMenuRadioGroup
FN:56,ContextMenuSubTrigger
FN:80,ContextMenuSubContent
FN:96,ContextMenuContent
FN:114,ContextMenuItem
FN:137,ContextMenuCheckboxItem
FN:163,ContextMenuRadioItem
FN:187,ContextMenuLabel
FN:207,ContextMenuSeparator
FN:220,ContextMenuShortcut
FNF:15
FNH:0
FNDA:0,ContextMenu
FNDA:0,ContextMenuTrigger
FNDA:0,ContextMenuGroup
FNDA:0,ContextMenuPortal
FNDA:0,ContextMenuSub
FNDA:0,ContextMenuRadioGroup
FNDA:0,ContextMenuSubTrigger
FNDA:0,ContextMenuSubContent
FNDA:0,ContextMenuContent
FNDA:0,ContextMenuItem
FNDA:0,ContextMenuCheckboxItem
FNDA:0,ContextMenuRadioItem
FNDA:0,ContextMenuLabel
FNDA:0,ContextMenuSeparator
FNDA:0,ContextMenuShortcut
DA:3,0
DA:4,0
DA:5,0
DA:7,0
DA:237,0
DA:238,0
DA:239,0
DA:240,0
DA:241,0
DA:242,0
DA:243,0
DA:244,0
DA:245,0
DA:246,0
DA:247,0
DA:248,0
DA:249,0
DA:250,0
DA:251,0
LF:19
LH:0
BRDA:117,0,0,0
BRF:1
BRH:0
end_of_record
TN:
SF:components\ui\dialog.tsx
FN:9,Dialog
FN:15,DialogTrigger
FN:21,DialogPortal
FN:27,DialogClose
FN:33,DialogOverlay
FN:49,DialogContent
FN:83,DialogHeader
FN:93,DialogFooter
FN:106,DialogTitle
FN:119,DialogDescription
FNF:10
FNH:4
FNDA:46,Dialog
FNDA:46,DialogTrigger
FNDA:46,DialogPortal
FNDA:0,DialogClose
FNDA:0,DialogOverlay
FNDA:46,DialogContent
FNDA:0,DialogHeader
FNDA:0,DialogFooter
FNDA:0,DialogTitle
FNDA:0,DialogDescription
DA:3,1
DA:4,1
DA:5,1
DA:7,1
DA:133,46
DA:134,0
DA:135,46
DA:136,0
DA:137,0
DA:138,46
DA:139,0
DA:140,0
DA:141,46
DA:142,46
LF:14
LH:9
BRDA:52,0,0,46
BRDA:69,1,0,46
BRF:2
BRH:2
end_of_record
TN:
SF:components\ui\drawer.tsx
FN:8,Drawer
FN:14,DrawerTrigger
FN:20,DrawerPortal
FN:26,DrawerClose
FN:32,DrawerOverlay
FN:48,DrawerContent
FN:75,DrawerHeader
FN:88,DrawerFooter
FN:98,DrawerTitle
FN:111,DrawerDescription
FNF:10
FNH:0
FNDA:0,Drawer
FNDA:0,DrawerTrigger
FNDA:0,DrawerPortal
FNDA:0,DrawerClose
FNDA:0,DrawerOverlay
FNDA:0,DrawerContent
FNDA:0,DrawerHeader
FNDA:0,DrawerFooter
FNDA:0,DrawerTitle
FNDA:0,DrawerDescription
DA:3,0
DA:4,0
DA:6,0
DA:125,0
DA:126,0
DA:127,0
DA:128,0
DA:129,0
DA:130,0
DA:131,0
DA:132,0
DA:133,0
DA:134,0
LF:13
LH:0
BRF:0
BRH:0
end_of_record
TN:
SF:components\ui\dropdown-menu.tsx
FN:9,DropdownMenu
FN:15,DropdownMenuPortal
FN:23,DropdownMenuTrigger
FN:34,DropdownMenuContent
FN:54,DropdownMenuGroup
FN:62,DropdownMenuItem
FN:85,DropdownMenuCheckboxItem
FN:111,DropdownMenuRadioGroup
FN:122,DropdownMenuRadioItem
FN:146,DropdownMenuLabel
FN:166,DropdownMenuSeparator
FN:179,DropdownMenuShortcut
FN:195,DropdownMenuSub
FN:201,DropdownMenuSubTrigger
FN:225,DropdownMenuSubContent
FNF:15
FNH:0
FNDA:0,DropdownMenu
FNDA:0,DropdownMenuPortal
FNDA:0,DropdownMenuTrigger
FNDA:0,DropdownMenuContent
FNDA:0,DropdownMenuGroup
FNDA:0,DropdownMenuItem
FNDA:0,DropdownMenuCheckboxItem
FNDA:0,DropdownMenuRadioGroup
FNDA:0,DropdownMenuRadioItem
FNDA:0,DropdownMenuLabel
FNDA:0,DropdownMenuSeparator
FNDA:0,DropdownMenuShortcut
FNDA:0,DropdownMenuSub
FNDA:0,DropdownMenuSubTrigger
FNDA:0,DropdownMenuSubContent
DA:3,0
DA:4,0
DA:5,0
DA:7,0
DA:242,0
DA:243,0
DA:244,0
DA:245,0
DA:246,0
DA:247,0
DA:248,0
DA:249,0
DA:250,0
DA:251,0
DA:252,0
DA:253,0
DA:254,0
DA:255,0
DA:256,0
LF:19
LH:0
BRDA:36,0,0,0
BRDA:65,1,0,0
BRF:2
BRH:0
end_of_record
TN:
SF:components\ui\empty.tsx
FN:5,Empty
FN:18,EmptyHeader
FN:46,EmptyMedia
FN:61,EmptyTitle
FN:71,EmptyDescription
FN:84,EmptyContent
FNF:6
FNH:0
FNDA:0,Empty
FNDA:0,EmptyHeader
FNDA:0,EmptyMedia
FNDA:0,EmptyTitle
FNDA:0,EmptyDescription
FNDA:0,EmptyContent
DA:1,0
DA:3,0
DA:31,0
DA:98,0
DA:99,0
DA:100,0
DA:101,0
DA:102,0
DA:103,0
LF:9
LH:0
BRDA:48,0,0,0
BRF:1
BRH:0
end_of_record
TN:
SF:components\ui\field.tsx
FN:10,FieldSet
FN:24,FieldLegend
FN:44,FieldGroup
FN:81,Field
FN:97,FieldContent
FN:110,FieldLabel
FN:128,FieldTitle
FN:141,FieldDescription
FN:156,FieldSeparator
FN:186,FieldError
FN:194,(anonymous_21)
FN:210,(anonymous_22)
FNF:12
FNH:0
FNDA:0,FieldSet
FNDA:0,FieldLegend
FNDA:0,FieldGroup
FNDA:0,Field
FNDA:0,FieldContent
FNDA:0,FieldLabel
FNDA:0,FieldTitle
FNDA:0,FieldDescription
FNDA:0,FieldSeparator
FNDA:0,FieldError
FNDA:0,(anonymous_21)
FNDA:0,(anonymous_22)
DA:3,0
DA:4,0
DA:6,0
DA:7,0
DA:8,0
DA:57,0
DA:194,0
DA:195,0
DA:196,0
DA:199,0
DA:200,0
DA:203,0
DA:204,0
DA:211,0
DA:217,0
DA:218,0
DA:234,0
DA:235,0
DA:236,0
DA:237,0
DA:238,0
DA:239,0
DA:240,0
DA:241,0
DA:242,0
DA:243,0
LF:26
LH:0
BRDA:26,0,0,0
BRDA:83,1,0,0
BRDA:174,2,0,0
BRDA:195,3,0,0
BRDA:199,4,0,0
BRDA:203,5,0,0
BRDA:203,6,0,0
BRDA:203,6,1,0
BRDA:211,7,0,0
BRDA:211,7,1,0
BRDA:217,8,0,0
BRF:11
BRH:0
end_of_record
TN:
SF:components\ui\form.tsx
FN:32,(anonymous_12)
FN:45,(anonymous_13)
FN:76,FormItem
FN:90,FormLabel
FN:107,FormControl
FN:125,FormDescription
FN:138,FormMessage
FNF:7
FNH:0
FNDA:0,(anonymous_12)
FNDA:0,(anonymous_13)
FNDA:0,FormItem
FNDA:0,FormLabel
FNDA:0,FormControl
FNDA:0,FormDescription
FNDA:0,FormMessage
DA:3,0
DA:5,0
DA:14,0
DA:16,0
DA:17,0
DA:19,0
DA:28,0
DA:32,0
DA:45,0
DA:46,0
DA:47,0
DA:48,0
DA:49,0
DA:50,0
DA:52,0
DA:53,0
DA:56,0
DA:58,0
DA:72,0
DA:77,0
DA:94,0
DA:108,0
DA:126,0
DA:139,0
DA:140,0
DA:142,0
DA:143,0
DA:159,0
DA:160,0
DA:161,0
DA:162,0
DA:163,0
DA:164,0
DA:165,0
DA:166,0
LF:35
LH:0
BRDA:52,0,0,0
BRDA:115,1,0,0
BRDA:115,1,1,0
BRDA:140,2,0,0
BRDA:140,2,1,0
BRDA:140,3,0,0
BRDA:140,3,1,0
BRDA:142,4,0,0
BRF:8
BRH:0
end_of_record
TN:
SF:components\ui\hover-card.tsx
FN:8,HoverCard
FN:14,HoverCardTrigger
FN:22,HoverCardContent
FNF:3
FNH:0
FNDA:0,HoverCard
FNDA:0,HoverCardTrigger
FNDA:0,HoverCardContent
DA:3,0
DA:4,0
DA:6,0
DA:44,0
LF:4
LH:0
BRDA:24,0,0,0
BRDA:25,1,0,0
BRF:2
BRH:0
end_of_record
TN:
SF:components\ui\input-group.tsx
FN:10,InputGroup
FN:59,InputGroupAddon
FN:70,(anonymous_9)
FN:99,InputGroupButton
FN:118,InputGroupText
FN:130,InputGroupInput
FN:146,InputGroupTextarea
FNF:7
FNH:0
FNDA:0,InputGroup
FNDA:0,InputGroupAddon
FNDA:0,(anonymous_9)
FNDA:0,InputGroupButton
FNDA:0,InputGroupText
FNDA:0,InputGroupInput
FNDA:0,InputGroupTextarea
DA:3,0
DA:5,0
DA:6,0
DA:7,0
DA:8,0
DA:38,0
DA:71,0
DA:72,0
DA:74,0
DA:81,0
DA:163,0
DA:164,0
DA:165,0
DA:166,0
DA:167,0
DA:168,0
LF:16
LH:0
BRDA:61,0,0,0
BRDA:71,1,0,0
BRDA:101,2,0,0
BRDA:102,3,0,0
BRDA:103,4,0,0
BRF:5
BRH:0
end_of_record
TN:
SF:components\ui\input-otp.tsx
FN:9,InputOTP
FN:29,InputOTPGroup
FN:39,InputOTPSlot
FN:69,InputOTPSeparator
FNF:4
FNH:0
FNDA:0,InputOTP
FNDA:0,InputOTPGroup
FNDA:0,InputOTPSlot
FNDA:0,InputOTPSeparator
DA:3,0
DA:4,0
DA:5,0
DA:7,0
DA:46,0
DA:47,0
DA:77,0
LF:7
LH:0
BRDA:47,0,0,0
BRDA:47,0,1,0
BRDA:60,1,0,0
BRF:3
BRH:0
end_of_record
TN:
SF:components\ui\input.tsx
FN:5,Input
FNF:1
FNH:0
FNDA:0,Input
DA:1,0
DA:3,0
DA:21,0
LF:3
LH:0
BRF:0
BRH:0
end_of_record
TN:
SF:components\ui\item.tsx
FN:8,ItemGroup
FN:19,ItemSeparator
FN:54,Item
FN:91,ItemMedia
FN:106,ItemContent
FN:119,ItemTitle
FN:132,ItemDescription
FN:146,ItemActions
FN:156,ItemHeader
FN:169,ItemFooter
FNF:10
FNH:0
FNDA:0,ItemGroup
FNDA:0,ItemSeparator
FNDA:0,Item
FNDA:0,ItemMedia
FNDA:0,ItemContent
FNDA:0,ItemTitle
FNDA:0,ItemDescription
FNDA:0,ItemActions
FNDA:0,ItemHeader
FNDA:0,ItemFooter
DA:1,0
DA:2,0
DA:3,0
DA:5,0
DA:6,0
DA:33,0
DA:62,0
DA:74,0
DA:183,0
DA:184,0
DA:185,0
DA:186,0
DA:187,0
DA:188,0
DA:189,0
DA:190,0
DA:191,0
DA:192,0
LF:18
LH:0
BRDA:56,0,0,0
BRDA:57,1,0,0
BRDA:58,2,0,0
BRDA:62,3,0,0
BRDA:62,3,1,0
BRDA:93,4,0,0
BRF:6
BRH:0
end_of_record
TN:
SF:components\ui\kbd.tsx
FN:3,Kbd
FN:18,KbdGroup
FNF:2
FNH:0
FNDA:0,Kbd
FNDA:0,KbdGroup
DA:1,0
DA:28,0
LF:2
LH:0
BRF:0
BRH:0
end_of_record
TN:
SF:components\ui\label.tsx
FN:8,Label
FNF:1
FNH:1
FNDA:132,Label
DA:3,1
DA:4,1
DA:6,1
DA:24,132
LF:4
LH:4
BRF:0
BRH:0
end_of_record
TN:
SF:components\ui\menubar.tsx
FN:9,Menubar
FN:25,MenubarMenu
FN:31,MenubarGroup
FN:37,MenubarPortal
FN:43,MenubarRadioGroup
FN:51,MenubarTrigger
FN:67,MenubarContent
FN:91,MenubarItem
FN:114,MenubarCheckboxItem
FN:140,MenubarRadioItem
FN:164,MenubarLabel
FN:184,MenubarSeparator
FN:197,MenubarShortcut
FN:213,MenubarSub
FN:219,MenubarSubTrigger
FN:243,MenubarSubContent
FNF:16
FNH:0
FNDA:0,Menubar
FNDA:0,MenubarMenu
FNDA:0,MenubarGroup
FNDA:0,MenubarPortal
FNDA:0,MenubarRadioGroup
FNDA:0,MenubarTrigger
FNDA:0,MenubarContent
FNDA:0,MenubarItem
FNDA:0,MenubarCheckboxItem
FNDA:0,MenubarRadioItem
FNDA:0,MenubarLabel
FNDA:0,MenubarSeparator
FNDA:0,MenubarShortcut
FNDA:0,MenubarSub
FNDA:0,MenubarSubTrigger
FNDA:0,MenubarSubContent
DA:3,0
DA:4,0
DA:5,0
DA:7,0
DA:260,0
DA:261,0
DA:262,0
DA:263,0
DA:264,0
DA:265,0
DA:266,0
DA:267,0
DA:268,0
DA:269,0
DA:270,0
DA:271,0
DA:272,0
DA:273,0
DA:274,0
DA:275,0
LF:20
LH:0
BRDA:69,0,0,0
BRDA:70,1,0,0
BRDA:71,2,0,0
BRDA:94,3,0,0
BRF:4
BRH:0
end_of_record
TN:
SF:components\ui\navigation-menu.tsx
FN:8,NavigationMenu
FN:32,NavigationMenuList
FN:48,NavigationMenuItem
FN:65,NavigationMenuTrigger
FN:85,NavigationMenuContent
FN:102,NavigationMenuViewport
FN:122,NavigationMenuLink
FN:138,NavigationMenuIndicator
FNF:8
FNH:0
FNDA:0,NavigationMenu
FNDA:0,NavigationMenuList
FNDA:0,NavigationMenuItem
FNDA:0,NavigationMenuTrigger
FNDA:0,NavigationMenuContent
FNDA:0,NavigationMenuViewport
FNDA:0,NavigationMenuLink
FNDA:0,NavigationMenuIndicator
DA:1,0
DA:2,0
DA:3,0
DA:4,0
DA:6,0
DA:61,0
DA:157,0
DA:158,0
DA:159,0
DA:160,0
DA:161,0
DA:162,0
DA:163,0
DA:164,0
DA:165,0
LF:15
LH:0
BRDA:11,0,0,0
BRDA:27,1,0,0
BRDA:27,1,1,0
BRF:3
BRH:0
end_of_record
TN:
SF:components\ui\pagination.tsx
FN:11,Pagination
FN:23,PaginationContent
FN:36,PaginationItem
FN:45,PaginationLink
FN:68,PaginationPrevious
FN:85,PaginationNext
FN:102,PaginationEllipsis
FNF:7
FNH:0
FNDA:0,Pagination
FNDA:0,PaginationContent
FNDA:0,PaginationItem
FNDA:0,PaginationLink
FNDA:0,PaginationPrevious
FNDA:0,PaginationNext
FNDA:0,PaginationEllipsis
DA:1,0
DA:6,0
DA:8,0
DA:9,0
DA:120,0
DA:121,0
DA:122,0
DA:123,0
DA:124,0
DA:125,0
DA:126,0
LF:11
LH:0
BRDA:48,0,0,0
BRDA:53,1,0,0
BRDA:53,1,1,0
BRDA:58,2,0,0
BRDA:58,2,1,0
BRF:5
BRH:0
end_of_record
TN:
SF:components\ui\popover.tsx
FN:8,Popover
FN:14,PopoverTrigger
FN:20,PopoverContent
FN:42,PopoverAnchor
FNF:4
FNH:0
FNDA:0,Popover
FNDA:0,PopoverTrigger
FNDA:0,PopoverContent
FNDA:0,PopoverAnchor
DA:3,0
DA:4,0
DA:6,0
DA:48,0
LF:4
LH:0
BRDA:22,0,0,0
BRDA:23,1,0,0
BRF:2
BRH:0
end_of_record
TN:
SF:components\ui\progress.tsx
FN:8,Progress
FNF:1
FNH:1
FNDA:67,Progress
DA:3,2
DA:4,2
DA:6,2
DA:31,67
LF:4
LH:4
BRDA:25,0,0,67
BRDA:25,0,1,19
BRF:2
BRH:2
end_of_record
TN:
SF:components\ui\radio-group.tsx
FN:9,RadioGroup
FN:22,RadioGroupItem
FNF:2
FNH:2
FNDA:33,RadioGroup
FNDA:132,RadioGroupItem
DA:3,1
DA:4,1
DA:5,1
DA:7,1
DA:45,132
LF:5
LH:5
BRF:0
BRH:0
end_of_record
TN:
SF:components\ui\resizable.tsx
FN:9,ResizablePanelGroup
FN:25,ResizablePanel
FN:31,ResizableHandle
FNF:3
FNH:0
FNDA:0,ResizablePanelGroup
FNDA:0,ResizablePanel
FNDA:0,ResizableHandle
DA:3,0
DA:4,0
DA:5,0
DA:7,0
DA:56,0
LF:5
LH:0
BRDA:47,0,0,0
BRF:1
BRH:0
end_of_record
TN:
SF:components\ui\scroll-area.tsx
FN:8,ScrollArea
FN:31,ScrollBar
FNF:2
FNH:0
FNDA:0,ScrollArea
FNDA:0,ScrollBar
DA:3,0
DA:4,0
DA:6,0
DA:58,0
LF:4
LH:0
BRDA:33,0,0,0
BRDA:42,1,0,0
BRDA:42,1,1,0
BRDA:44,2,0,0
BRDA:44,2,1,0
BRF:5
BRH:0
end_of_record
TN:
SF:components\ui\select.tsx
FN:9,Select
FN:15,SelectGroup
FN:21,SelectValue
FN:27,SelectTrigger
FN:53,SelectContent
FN:88,SelectLabel
FN:101,SelectItem
FN:125,SelectSeparator
FN:138,SelectScrollUpButton
FN:156,SelectScrollDownButton
FNF:10
FNH:0
FNDA:0,Select
FNDA:0,SelectGroup
FNDA:0,SelectValue
FNDA:0,SelectTrigger
FNDA:0,SelectContent
FNDA:0,SelectLabel
FNDA:0,SelectItem
FNDA:0,SelectSeparator
FNDA:0,SelectScrollUpButton
FNDA:0,SelectScrollDownButton
DA:3,0
DA:4,0
DA:5,0
DA:7,0
DA:175,0
DA:176,0
DA:177,0
DA:178,0
DA:179,0
DA:180,0
DA:181,0
DA:182,0
DA:183,0
DA:184,0
LF:14
LH:0
BRDA:29,0,0,0
BRDA:56,1,0,0
BRDA:65,2,0,0
BRDA:65,2,1,0
BRDA:76,3,0,0
BRDA:76,3,1,0
BRF:6
BRH:0
end_of_record
TN:
SF:components\ui\separator.tsx
FN:8,Separator
FNF:1
FNH:0
FNDA:0,Separator
DA:3,0
DA:4,0
DA:6,0
DA:28,0
LF:4
LH:0
BRDA:10,0,0,0
BRDA:11,1,0,0
BRF:2
BRH:0
end_of_record
TN:
SF:components\ui\sheet.tsx
FN:9,Sheet
FN:13,SheetTrigger
FN:19,SheetClose
FN:25,SheetPortal
FN:31,SheetOverlay
FN:47,SheetContent
FN:84,SheetHeader
FN:94,SheetFooter
FN:104,SheetTitle
FN:117,SheetDescription
FNF:10
FNH:0
FNDA:0,Sheet
FNDA:0,SheetTrigger
FNDA:0,SheetClose
FNDA:0,SheetPortal
FNDA:0,SheetOverlay
FNDA:0,SheetContent
FNDA:0,SheetHeader
FNDA:0,SheetFooter
FNDA:0,SheetTitle
FNDA:0,SheetDescription
DA:3,0
DA:4,0
DA:5,0
DA:7,0
DA:131,0
DA:132,0
DA:133,0
DA:134,0
DA:135,0
DA:136,0
DA:137,0
DA:138,0
LF:12
LH:0
BRDA:50,0,0,0
BRDA:62,1,0,0
BRDA:62,1,1,0
BRDA:64,2,0,0
BRDA:64,2,1,0
BRDA:66,3,0,0
BRDA:66,3,1,0
BRDA:68,4,0,0
BRDA:68,4,1,0
BRF:9
BRH:0
end_of_record
TN:
SF:components\ui\sidebar.tsx
FN:47,useSidebar
FN:56,SidebarProvider
FN:77,(anonymous_30)
FN:92,(anonymous_31)
FN:93,(anonymous_32)
FN:93,(anonymous_33)
FN:97,(anonymous_34)
FN:98,(anonymous_35)
FN:109,(anonymous_36)
FN:117,(anonymous_37)
FN:154,Sidebar
FN:256,SidebarTrigger
FN:270,(anonymous_40)
FN:282,SidebarRail
FN:307,SidebarInset
FN:321,SidebarInput
FN:335,SidebarHeader
FN:346,SidebarFooter
FN:357,SidebarSeparator
FN:371,SidebarContent
FN:385,SidebarGroup
FN:396,SidebarGroupLabel
FN:417,SidebarGroupAction
FN:440,SidebarGroupContent
FN:454,SidebarMenu
FN:465,SidebarMenuItem
FN:498,SidebarMenuButton
FN:548,SidebarMenuAction
FN:580,SidebarMenuBadge
FN:602,SidebarMenuSkeleton
FN:610,(anonymous_58)
FN:640,SidebarMenuSub
FN:655,SidebarMenuSubItem
FN:669,SidebarMenuSubButton
FNF:34
FNH:0
FNDA:0,useSidebar
FNDA:0,SidebarProvider
FNDA:0,(anonymous_30)
FNDA:0,(anonymous_31)
FNDA:0,(anonymous_32)
FNDA:0,(anonymous_33)
FNDA:0,(anonymous_34)
FNDA:0,(anonymous_35)
FNDA:0,(anonymous_36)
FNDA:0,(anonymous_37)
FNDA:0,Sidebar
FNDA:0,SidebarTrigger
FNDA:0,(anonymous_40)
FNDA:0,SidebarRail
FNDA:0,SidebarInset
FNDA:0,SidebarInput
FNDA:0,SidebarHeader
FNDA:0,SidebarFooter
FNDA:0,SidebarSeparator
FNDA:0,SidebarContent
FNDA:0,SidebarGroup
FNDA:0,SidebarGroupLabel
FNDA:0,SidebarGroupAction
FNDA:0,SidebarGroupContent
FNDA:0,SidebarMenu
FNDA:0,SidebarMenuItem
FNDA:0,SidebarMenuButton
FNDA:0,SidebarMenuAction
FNDA:0,SidebarMenuBadge
FNDA:0,SidebarMenuSkeleton
FNDA:0,(anonymous_58)
FNDA:0,SidebarMenuSub
FNDA:0,SidebarMenuSubItem
FNDA:0,SidebarMenuSubButton
DA:3,0
DA:4,0
DA:5,0
DA:6,0
DA:8,0
DA:9,0
DA:10,0
DA:11,0
DA:12,0
DA:19,0
DA:20,0
DA:26,0
DA:28,0
DA:29,0
DA:30,0
DA:31,0
DA:32,0
DA:33,0
DA:45,0
DA:48,0
DA:49,0
DA:50,0
DA:53,0
DA:69,0
DA:70,0
DA:74,0
DA:75,0
DA:76,0
DA:78,0
DA:79,0
DA:80,0
DA:82,0
DA:86,0
DA:92,0
DA:93,0
DA:97,0
DA:98,0
DA:99,0
DA:103,0
DA:104,0
DA:108,0
DA:109,0
DA:114,0
DA:116,0
DA:117,0
DA:166,0
DA:168,0
DA:183,0
DA:261,0
DA:271,0
DA:272,0
DA:283,0
DA:401,0
DA:422,0
DA:476,0
DA:511,0
DA:512,0
DA:525,0
DA:526,0
DA:529,0
DA:530,0
DA:557,0
DA:610,0
DA:611,0
DA:680,0
DA:702,0
DA:703,0
DA:704,0
DA:705,0
DA:706,0
DA:707,0
DA:708,0
DA:709,0
DA:710,0
DA:711,0
DA:712,0
DA:713,0
DA:714,0
DA:715,0
DA:716,0
DA:717,0
DA:718,0
DA:719,0
DA:720,0
DA:721,0
DA:722,0
DA:723,0
DA:724,0
DA:725,0
LF:89
LH:0
BRDA:49,0,0,0
BRDA:57,1,0,0
BRDA:75,2,0,0
BRDA:75,2,1,0
BRDA:78,3,0,0
BRDA:78,3,1,0
BRDA:79,4,0,0
BRDA:79,4,1,0
BRDA:93,5,0,0
BRDA:93,5,1,0
BRDA:99,6,0,0
BRDA:100,7,0,0
BRDA:100,7,1,0
BRDA:100,7,2,0
BRDA:114,8,0,0
BRDA:114,8,1,0
BRDA:155,9,0,0
BRDA:156,10,0,0
BRDA:157,11,0,0
BRDA:168,12,0,0
BRDA:183,13,0,0
BRDA:212,14,0,0
BRDA:212,14,1,0
BRDA:224,15,0,0
BRDA:224,15,1,0
BRDA:224,16,0,0
BRDA:224,16,1,0
BRDA:233,17,0,0
BRDA:233,17,1,0
BRDA:237,18,0,0
BRDA:237,18,1,0
BRDA:237,19,0,0
BRDA:237,19,1,0
BRDA:398,20,0,0
BRDA:401,21,0,0
BRDA:401,21,1,0
BRDA:419,22,0,0
BRDA:422,23,0,0
BRDA:422,23,1,0
BRDA:499,24,0,0
BRDA:500,25,0,0
BRDA:501,26,0,0
BRDA:502,27,0,0
BRDA:511,28,0,0
BRDA:511,28,1,0
BRDA:525,29,0,0
BRDA:529,30,0,0
BRDA:541,31,0,0
BRDA:541,31,1,0
BRDA:550,32,0,0
BRDA:551,33,0,0
BRDA:557,34,0,0
BRDA:557,34,1,0
BRDA:571,35,0,0
BRDA:571,35,1,0
BRDA:604,36,0,0
BRDA:621,37,0,0
BRDA:670,38,0,0
BRDA:671,39,0,0
BRDA:672,40,0,0
BRDA:680,41,0,0
BRDA:680,41,1,0
BRDA:691,42,0,0
BRDA:691,42,1,0
BRDA:692,43,0,0
BRDA:692,43,1,0
BRF:66
BRH:0
end_of_record
TN:
SF:components\ui\skeleton.tsx
FN:3,Skeleton
FNF:1
FNH:0
FNDA:0,Skeleton
DA:1,0
DA:13,0
LF:2
LH:0
BRF:0
BRH:0
end_of_record
TN:
SF:components\ui\slider.tsx
FN:8,Slider
FN:17,(anonymous_5)
FN:52,(anonymous_6)
FNF:3
FNH:0
FNDA:0,Slider
FNDA:0,(anonymous_5)
FNDA:0,(anonymous_6)
DA:3,0
DA:4,0
DA:6,0
DA:16,0
DA:18,0
DA:53,0
DA:63,0
LF:7
LH:0
BRDA:12,0,0,0
BRDA:13,1,0,0
BRDA:18,2,0,0
BRDA:18,2,1,0
BRDA:20,3,0,0
BRDA:20,3,1,0
BRF:6
BRH:0
end_of_record
TN:
SF:components\ui\sonner.tsx
FN:6,(anonymous_1)
FNF:1
FNH:0
FNDA:0,(anonymous_1)
DA:3,0
DA:4,0
DA:6,0
DA:7,0
DA:25,0
LF:5
LH:0
BRDA:7,0,0,0
BRF:1
BRH:0
end_of_record
TN:
SF:components\ui\spinner.tsx
FN:5,Spinner
FNF:1
FNH:0
FNDA:0,Spinner
DA:1,0
DA:3,0
DA:16,0
LF:3
LH:0
BRF:0
BRH:0
end_of_record
TN:
SF:components\ui\switch.tsx
FN:8,Switch
FNF:1
FNH:0
FNDA:0,Switch
DA:3,0
DA:4,0
DA:6,0
DA:31,0
LF:4
LH:0
BRF:0
BRH:0
end_of_record
TN:
SF:components\ui\table.tsx
FN:7,Table
FN:22,TableHeader
FN:32,TableBody
FN:42,TableFooter
FN:55,TableRow
FN:68,TableHead
FN:81,TableCell
FN:94,TableCaption
FNF:8
FNH:0
FNDA:0,Table
FNDA:0,TableHeader
FNDA:0,TableBody
FNDA:0,TableFooter
FNDA:0,TableRow
FNDA:0,TableHead
FNDA:0,TableCell
FNDA:0,TableCaption
DA:3,0
DA:5,0
DA:108,0
DA:109,0
DA:110,0
DA:111,0
DA:112,0
DA:113,0
DA:114,0
DA:115,0
LF:10
LH:0
BRF:0
BRH:0
end_of_record
TN:
SF:components\ui\tabs.tsx
FN:8,Tabs
FN:21,TabsList
FN:37,TabsTrigger
FN:53,TabsContent
FNF:4
FNH:0
FNDA:0,Tabs
FNDA:0,TabsList
FNDA:0,TabsTrigger
FNDA:0,TabsContent
DA:3,0
DA:4,0
DA:6,0
DA:66,0
LF:4
LH:0
BRF:0
BRH:0
end_of_record
TN:
SF:components\ui\textarea.tsx
FN:5,Textarea
FNF:1
FNH:0
FNDA:0,Textarea
DA:1,0
DA:3,0
DA:18,0
LF:3
LH:0
BRF:0
BRH:0
end_of_record
TN:
SF:components\ui\toast.tsx
FN:47,(anonymous_12)
FNF:1
FNH:0
FNDA:0,(anonymous_12)
DA:3,0
DA:4,0
DA:5,0
DA:6,0
DA:8,0
DA:10,0
DA:25,0
DA:27,0
DA:43,0
DA:56,0
DA:71,0
DA:89,0
DA:101,0
DA:113,0
DA:122,0
DA:123,0
DA:124,0
DA:125,0
DA:126,0
DA:127,0
DA:128,0
LF:21
LH:0
BRF:0
BRH:0
end_of_record
TN:
SF:components\ui\toaster.tsx
FN:13,Toaster
FN:18,(anonymous_2)
FNF:2
FNH:0
FNDA:0,Toaster
FNDA:0,(anonymous_2)
DA:3,0
DA:11,0
DA:13,0
DA:14,0
DA:19,0
LF:5
LH:0
BRDA:22,0,0,0
BRDA:23,1,0,0
BRF:2
BRH:0
end_of_record
TN:
SF:components\ui\toggle-group.tsx
FN:17,ToggleGroup
FN:43,ToggleGroupItem
FNF:2
FNH:0
FNDA:0,ToggleGroup
FNDA:0,ToggleGroupItem
DA:3,0
DA:4,0
DA:7,0
DA:8,0
DA:10,0
DA:51,0
DA:73,0
LF:7
LH:0
BRDA:56,0,0,0
BRDA:56,0,1,0
BRDA:57,1,0,0
BRDA:57,1,1,0
BRDA:60,2,0,0
BRDA:60,2,1,0
BRDA:61,3,0,0
BRDA:61,3,1,0
BRF:8
BRH:0
end_of_record
TN:
SF:components\ui\toggle.tsx
FN:31,Toggle
FNF:1
FNH:0
FNDA:0,Toggle
DA:3,0
DA:4,0
DA:5,0
DA:7,0
DA:9,0
DA:47,0
LF:6
LH:0
BRF:0
BRH:0
end_of_record
TN:
SF:components\ui\tooltip.tsx
FN:8,TooltipProvider
FN:21,Tooltip
FN:31,TooltipTrigger
FN:37,TooltipContent
FNF:4
FNH:0
FNDA:0,TooltipProvider
FNDA:0,Tooltip
FNDA:0,TooltipTrigger
FNDA:0,TooltipContent
DA:3,0
DA:4,0
DA:6,0
DA:61,0
LF:4
LH:0
BRDA:9,0,0,0
BRDA:39,1,0,0
BRF:2
BRH:0
end_of_record
TN:
SF:components\ui\tubelight-navbar.tsx
FN:20,NavBar
FN:24,(anonymous_6)
FN:25,(anonymous_7)
FN:30,(anonymous_8)
FN:34,(anonymous_9)
FN:35,(anonymous_10)
FN:36,(anonymous_11)
FN:55,(anonymous_12)
FN:78,(anonymous_13)
FN:89,(anonymous_14)
FN:96,(anonymous_15)
FNF:11
FNH:10
FNDA:11,NavBar
FNDA:7,(anonymous_6)
FNDA:8,(anonymous_7)
FNDA:7,(anonymous_8)
FNDA:7,(anonymous_9)
FNDA:7,(anonymous_10)
FNDA:21,(anonymous_11)
FNDA:0,(anonymous_12)
FNDA:7,(anonymous_13)
FNDA:33,(anonymous_14)
FNDA:1,(anonymous_15)
DA:3,1
DA:4,1
DA:5,1
DA:7,1
DA:20,7
DA:21,11
DA:22,11
DA:24,11
DA:25,7
DA:26,8
DA:28,7
DA:29,7
DA:30,7
DA:34,11
DA:35,7
DA:36,7
DA:37,21
DA:38,21
DA:39,21
DA:40,0
DA:41,0
DA:47,21
DA:51,7
DA:52,7
DA:53,7
DA:55,7
DA:56,0
DA:58,0
DA:59,0
DA:62,0
DA:63,0
DA:64,0
DA:65,0
DA:71,7
DA:72,0
DA:76,7
DA:77,7
DA:78,7
DA:90,33
DA:91,33
DA:92,33
DA:96,1
LF:42
LH:32
BRDA:39,0,0,0
BRDA:53,1,0,7
BRDA:53,1,1,7
BRDA:56,2,0,0
BRDA:58,3,0,0
BRDA:58,3,1,0
BRDA:58,4,0,0
BRDA:58,4,1,0
BRDA:63,5,0,0
BRDA:71,6,0,0
BRDA:100,7,0,33
BRDA:100,7,1,11
BRDA:107,8,0,33
BRF:13
BRH:5
end_of_record
TN:
SF:components\ui\use-mobile.tsx
FN:5,useIsMobile
FN:8,(anonymous_5)
FN:10,(anonymous_6)
FN:15,(anonymous_7)
FNF:4
FNH:0
FNDA:0,useIsMobile
FNDA:0,(anonymous_5)
FNDA:0,(anonymous_6)
FNDA:0,(anonymous_7)
DA:1,0
DA:3,0
DA:5,0
DA:6,0
DA:8,0
DA:9,0
DA:10,0
DA:11,0
DA:13,0
DA:14,0
DA:15,0
DA:18,0
LF:12
LH:0
BRF:0
BRH:0
end_of_record
TN:
SF:components\ui\use-toast.ts
FN:27,genId
FN:58,(anonymous_8)
FN:63,(anonymous_9)
FN:74,(anonymous_10)
FN:85,(anonymous_11)
FN:98,(anonymous_12)
FN:105,(anonymous_13)
FN:124,(anonymous_14)
FN:133,dispatch
FN:135,(anonymous_16)
FN:142,toast
FN:145,(anonymous_18)
FN:150,(anonymous_19)
FN:158,(anonymous_20)
FN:171,useToast
FN:174,(anonymous_22)
FN:176,(anonymous_23)
FN:187,(anonymous_24)
FNF:18
FNH:0
FNDA:0,genId
FNDA:0,(anonymous_8)
FNDA:0,(anonymous_9)
FNDA:0,(anonymous_10)
FNDA:0,(anonymous_11)
FNDA:0,(anonymous_12)
FNDA:0,(anonymous_13)
FNDA:0,(anonymous_14)
FNDA:0,dispatch
FNDA:0,(anonymous_16)
FNDA:0,toast
FNDA:0,(anonymous_18)
FNDA:0,(anonymous_19)
FNDA:0,(anonymous_20)
FNDA:0,useToast
FNDA:0,(anonymous_22)
FNDA:0,(anonymous_23)
FNDA:0,(anonymous_24)
DA:4,0
DA:8,0
DA:9,0
DA:18,0
DA:25,0
DA:28,0
DA:29,0
DA:56,0
DA:58,0
DA:59,0
DA:60,0
DA:63,0
DA:64,0
DA:65,0
DA:71,0
DA:74,0
DA:75,0
DA:77,0
DA:83,0
DA:86,0
DA:91,0
DA:95,0
DA:96,0
DA:98,0
DA:99,0
DA:103,0
DA:106,0
DA:116,0
DA:117,0
DA:122,0
DA:124,0
DA:129,0
DA:131,0
DA:134,0
DA:135,0
DA:136,0
DA:143,0
DA:145,0
DA:146,0
DA:150,0
DA:152,0
DA:159,0
DA:164,0
DA:172,0
DA:174,0
DA:175,0
DA:176,0
DA:177,0
DA:178,0
DA:179,0
DA:184,0
DA:187,0
DA:191,0
LF:53
LH:0
BRDA:59,0,0,0
BRDA:75,1,0,0
BRDA:75,1,1,0
BRDA:75,1,2,0
BRDA:75,1,3,0
BRDA:86,2,0,0
BRDA:86,2,1,0
BRDA:95,3,0,0
BRDA:95,3,1,0
BRDA:106,4,0,0
BRDA:106,4,1,0
BRDA:106,5,0,0
BRDA:106,5,1,0
BRDA:116,6,0,0
BRDA:159,7,0,0
BRDA:178,8,0,0
BRF:16
BRH:0
end_of_record
TN:
SF:hooks\use-exam-session.ts
FN:21,useExamSession
FN:27,(anonymous_2)
FN:31,(anonymous_3)
FN:41,(anonymous_4)
FN:45,(anonymous_5)
FN:51,(anonymous_6)
FN:61,(anonymous_7)
FN:69,(anonymous_8)
FN:77,(anonymous_9)
FNF:9
FNH:0
FNDA:0,useExamSession
FNDA:0,(anonymous_2)
FNDA:0,(anonymous_3)
FNDA:0,(anonymous_4)
FNDA:0,(anonymous_5)
FNDA:0,(anonymous_6)
FNDA:0,(anonymous_7)
FNDA:0,(anonymous_8)
FNDA:0,(anonymous_9)
DA:3,0
DA:4,0
DA:21,0
DA:22,0
DA:23,0
DA:25,0
DA:28,0
DA:30,0
DA:31,0
DA:37,0
DA:38,0
DA:42,0
DA:43,0
DA:46,0
DA:50,0
DA:52,0
DA:61,0
DA:62,0
DA:69,0
DA:70,0
DA:77,0
DA:78,0
DA:85,0
LF:23
LH:0
BRDA:30,0,0,0
BRDA:37,1,0,0
BRF:2
BRH:0
end_of_record
TN:
SF:hooks\use-in-view.ts
FN:9,useInView
FN:14,(anonymous_2)
FN:19,(anonymous_3)
FN:36,(anonymous_4)
FNF:4
FNH:2
FNDA:5,useInView
FNDA:5,(anonymous_2)
FNDA:0,(anonymous_3)
FNDA:0,(anonymous_4)
DA:1,1
DA:9,5
DA:10,5
DA:11,5
DA:12,5
DA:14,5
DA:15,5
DA:16,5
DA:18,0
DA:20,0
DA:22,0
DA:23,0
DA:24,0
DA:25,0
DA:27,0
DA:28,0
DA:34,0
DA:36,0
DA:37,0
DA:41,5
LF:20
LH:9
BRDA:9,0,0,2
BRDA:10,1,0,4
BRDA:10,2,0,4
BRDA:10,3,0,4
BRDA:16,4,0,5
BRDA:22,5,0,0
BRDA:22,5,1,0
BRDA:24,6,0,0
BRDA:27,7,0,0
BRF:9
BRH:5
end_of_record
TN:
SF:hooks\use-mobile.ts
FN:5,useIsMobile
FN:8,(anonymous_5)
FN:10,(anonymous_6)
FN:15,(anonymous_7)
FNF:4
FNH:0
FNDA:0,useIsMobile
FNDA:0,(anonymous_5)
FNDA:0,(anonymous_6)
FNDA:0,(anonymous_7)
DA:1,0
DA:3,0
DA:5,0
DA:6,0
DA:8,0
DA:9,0
DA:10,0
DA:11,0
DA:13,0
DA:14,0
DA:15,0
DA:18,0
LF:12
LH:0
BRF:0
BRH:0
end_of_record
TN:
SF:hooks\use-parallax.ts
FN:8,useParallax
FN:13,(anonymous_2)
FN:16,(anonymous_3)
FN:36,(anonymous_4)
FNF:4
FNH:4
FNDA:4,useParallax
FNDA:4,(anonymous_2)
FNDA:3,(anonymous_3)
FNDA:3,(anonymous_4)
DA:1,1
DA:8,4
DA:9,4
DA:10,4
DA:11,4
DA:13,4
DA:14,4
DA:16,3
DA:17,3
DA:19,0
DA:20,0
DA:21,0
DA:22,0
DA:23,0
DA:26,0
DA:27,0
DA:28,0
DA:29,0
DA:33,3
DA:34,3
DA:36,3
DA:37,3
DA:41,4
LF:23
LH:14
BRDA:8,0,0,2
BRDA:9,1,0,3
BRDA:9,2,0,3
BRDA:14,3,0,1
BRDA:17,4,0,3
BRDA:26,5,0,0
BRDA:26,6,0,0
BRDA:26,6,1,0
BRF:8
BRH:5
end_of_record
TN:
SF:hooks\use-toast.ts
FN:27,genId
FN:58,(anonymous_8)
FN:63,(anonymous_9)
FN:74,(anonymous_10)
FN:85,(anonymous_11)
FN:98,(anonymous_12)
FN:105,(anonymous_13)
FN:124,(anonymous_14)
FN:133,dispatch
FN:135,(anonymous_16)
FN:142,toast
FN:145,(anonymous_18)
FN:150,(anonymous_19)
FN:158,(anonymous_20)
FN:171,useToast
FN:174,(anonymous_22)
FN:176,(anonymous_23)
FN:187,(anonymous_24)
FNF:18
FNH:0
FNDA:0,genId
FNDA:0,(anonymous_8)
FNDA:0,(anonymous_9)
FNDA:0,(anonymous_10)
FNDA:0,(anonymous_11)
FNDA:0,(anonymous_12)
FNDA:0,(anonymous_13)
FNDA:0,(anonymous_14)
FNDA:0,dispatch
FNDA:0,(anonymous_16)
FNDA:0,toast
FNDA:0,(anonymous_18)
FNDA:0,(anonymous_19)
FNDA:0,(anonymous_20)
FNDA:0,useToast
FNDA:0,(anonymous_22)
FNDA:0,(anonymous_23)
FNDA:0,(anonymous_24)
DA:4,0
DA:8,0
DA:9,0
DA:18,0
DA:25,0
DA:28,0
DA:29,0
DA:56,0
DA:58,0
DA:59,0
DA:60,0
DA:63,0
DA:64,0
DA:65,0
DA:71,0
DA:74,0
DA:75,0
DA:77,0
DA:83,0
DA:86,0
DA:91,0
DA:95,0
DA:96,0
DA:98,0
DA:99,0
DA:103,0
DA:106,0
DA:116,0
DA:117,0
DA:122,0
DA:124,0
DA:129,0
DA:131,0
DA:134,0
DA:135,0
DA:136,0
DA:143,0
DA:145,0
DA:146,0
DA:150,0
DA:152,0
DA:159,0
DA:164,0
DA:172,0
DA:174,0
DA:175,0
DA:176,0
DA:177,0
DA:178,0
DA:179,0
DA:184,0
DA:187,0
DA:191,0
LF:53
LH:0
BRDA:59,0,0,0
BRDA:75,1,0,0
BRDA:75,1,1,0
BRDA:75,1,2,0
BRDA:75,1,3,0
BRDA:86,2,0,0
BRDA:86,2,1,0
BRDA:95,3,0,0
BRDA:95,3,1,0
BRDA:106,4,0,0
BRDA:106,4,1,0
BRDA:106,5,0,0
BRDA:106,5,1,0
BRDA:116,6,0,0
BRDA:159,7,0,0
BRDA:178,8,0,0
BRF:16
BRH:0
end_of_record
TN:
SF:hooks\use-websocket.ts
FN:20,useWebSocket
FN:35,(anonymous_2)
FN:56,(anonymous_3)
FN:67,(anonymous_4)
FN:75,(anonymous_5)
FN:78,(anonymous_6)
FN:85,(anonymous_7)
FN:90,(anonymous_8)
FNF:8
FNH:0
FNDA:0,useWebSocket
FNDA:0,(anonymous_2)
FNDA:0,(anonymous_3)
FNDA:0,(anonymous_4)
FNDA:0,(anonymous_5)
FNDA:0,(anonymous_6)
FNDA:0,(anonymous_7)
FNDA:0,(anonymous_8)
DA:3,0
DA:20,0
DA:28,0
DA:29,0
DA:30,0
DA:31,0
DA:32,0
DA:33,0
DA:35,0
DA:36,0
DA:37,0
DA:40,0
DA:43,0
DA:46,0
DA:47,0
DA:48,0
DA:50,0
DA:51,0
DA:52,0
DA:56,0
DA:57,0
DA:58,0
DA:60,0
DA:61,0
DA:63,0
DA:64,0
DA:67,0
DA:68,0
DA:69,0
DA:71,0
DA:75,0
DA:76,0
DA:77,0
DA:78,0
DA:79,0
DA:80,0
DA:85,0
DA:86,0
DA:87,0
DA:90,0
DA:91,0
DA:95,0
LF:42
LH:0
BRDA:21,0,0,0
BRDA:26,1,0,0
BRDA:36,2,0,0
BRDA:57,3,0,0
BRDA:60,4,0,0
BRDA:68,5,0,0
BRDA:68,5,1,0
BRDA:76,6,0,0
BRDA:86,7,0,0
BRF:9
BRH:0
end_of_record
TN:
SF:lib\auth-context.tsx
FN:17,AuthProvider
FN:21,(anonymous_4)
FN:22,(anonymous_5)
FN:37,(anonymous_6)
FNF:4
FNH:0
FNDA:0,AuthProvider
FNDA:0,(anonymous_4)
FNDA:0,(anonymous_5)
FNDA:0,(anonymous_6)
DA:3,0
DA:4,0
DA:5,0
DA:12,0
DA:17,0
DA:18,0
DA:19,0
DA:21,0
DA:22,0
DA:23,0
DA:24,0
DA:27,0
DA:37,0
LF:13
LH:0
BRF:0
BRH:0
end_of_record
TN:
SF:lib\auth-schema.ts
FN:13,(anonymous_3)
FNF:1
FNH:0
FNDA:0,(anonymous_3)
DA:1,0
DA:3,0
DA:8,0
DA:13,0
LF:4
LH:0
BRF:0
BRH:0
end_of_record
TN:
SF:lib\auth-utils.ts
FN:4,logout
FN:18,getAuthToken
FN:25,isAuthenticated
FNF:3
FNH:3
FNDA:5,logout
FNDA:6,getAuthToken
FNDA:3,isAuthenticated
DA:1,1
DA:2,1
DA:4,5
DA:5,5
DA:7,5
DA:9,5
DA:11,5
DA:12,4
DA:14,1
DA:18,3
DA:19,6
DA:20,5
DA:22,1
DA:25,3
DA:26,3
LF:15
LH:15
BRDA:19,0,0,5
BRF:1
BRH:1
end_of_record
TN:
SF:lib\firebase.ts
FNF:0
FNH:0
DA:1,0
DA:2,0
DA:4,0
DA:15,0
DA:16,0
DA:18,0
LF:6
LH:0
BRDA:15,0,0,0
BRDA:15,0,1,0
BRF:2
BRH:0
end_of_record
TN:
SF:lib\question-banks.ts
FN:47,(anonymous_7)
FN:99,(anonymous_8)
FN:203,getQuestionsBySection
FN:218,getSectionInfo
FNF:4
FNH:0
FNDA:0,(anonymous_7)
FNDA:0,(anonymous_8)
FNDA:0,getQuestionsBySection
FNDA:0,getSectionInfo
DA:10,0
DA:47,0
DA:57,0
DA:99,0
DA:109,0
DA:188,0
DA:203,0
DA:204,0
DA:206,0
DA:208,0
DA:210,0
DA:212,0
DA:214,0
DA:218,0
DA:219,0
DA:241,0
LF:16
LH:0
BRDA:204,0,0,0
BRDA:204,0,1,0
BRDA:204,0,2,0
BRDA:204,0,3,0
BRDA:204,0,4,0
BRDA:241,1,0,0
BRDA:241,1,1,0
BRF:7
BRH:0
end_of_record
TN:
SF:lib\utils.ts
FN:4,cn
FNF:1
FNH:1
FNDA:1642,cn
DA:1,11
DA:2,11
DA:4,1642
DA:5,1642
LF:4
LH:4
BRF:0
BRH:0
end_of_record
