{"C:\\Users\\ninga\\Desktop\\Hackathon-2.0\\secure-exam-frontend\\app\\page.tsx": {"path":"C:\\Users\\ninga\\Desktop\\Hackathon-2.0\\secure-exam-frontend\\app\\page.tsx","statementMap":{"0":{"start":{"line":6,"column":24},"end":{"line":6,"column":null}},"1":{"start":{"line":3,"column":26},"end":{"line":3,"column":null}},"2":{"start":{"line":4,"column":26},"end":{"line":4,"column":null}},"3":{"start":{"line":7,"column":17},"end":{"line":7,"column":null}},"4":{"start":{"line":9,"column":2},"end":{"line":11,"column":null}},"5":{"start":{"line":10,"column":4},"end":{"line":10,"column":null}},"6":{"start":{"line":13,"column":2},"end":{"line":13,"column":null}}},"fnMap":{"0":{"name":"Home","decl":{"start":{"line":6,"column":24},"end":{"line":6,"column":null}},"loc":{"start":{"line":6,"column":24},"end":{"line":14,"column":null}}},"1":{"name":"(anonymous_2)","decl":{"start":{"line":9,"column":12},"end":{"line":9,"column":null}},"loc":{"start":{"line":9,"column":12},"end":{"line":11,"column":5}}}},"branchMap":{},"s":{"0":0,"1":0,"2":0,"3":0,"4":0,"5":0,"6":0},"f":{"0":0,"1":0},"b":{}}
,"C:\\Users\\ninga\\Desktop\\Hackathon-2.0\\secure-exam-frontend\\app\\api\\exam\\route.ts": {"path":"C:\\Users\\ninga\\Desktop\\Hackathon-2.0\\secure-exam-frontend\\app\\api\\exam\\route.ts","statementMap":{"0":{"start":{"line":2,"column":22},"end":{"line":2,"column":26}},"1":{"start":{"line":33,"column":22},"end":{"line":33,"column":27}},"2":{"start":{"line":3,"column":27},"end":{"line":3,"column":null}},"3":{"start":{"line":4,"column":17},"end":{"line":4,"column":null}},"4":{"start":{"line":6,"column":2},"end":{"line":30,"column":null}},"5":{"start":{"line":34,"column":15},"end":{"line":34,"column":null}},"6":{"start":{"line":37,"column":2},"end":{"line":42,"column":null}}},"fnMap":{"0":{"name":"GET","decl":{"start":{"line":2,"column":22},"end":{"line":2,"column":26}},"loc":{"start":{"line":2,"column":42},"end":{"line":31,"column":null}}},"1":{"name":"POST","decl":{"start":{"line":33,"column":22},"end":{"line":33,"column":27}},"loc":{"start":{"line":33,"column":43},"end":{"line":43,"column":null}}}},"branchMap":{},"s":{"0":0,"1":0,"2":0,"3":0,"4":0,"5":0,"6":0},"f":{"0":0,"1":0},"b":{}}
,"C:\\Users\\ninga\\Desktop\\Hackathon-2.0\\secure-exam-frontend\\app\\api\\exam\\session\\route.ts": {"path":"C:\\Users\\ninga\\Desktop\\Hackathon-2.0\\secure-exam-frontend\\app\\api\\exam\\session\\route.ts","statementMap":{"0":{"start":{"line":23,"column":22},"end":{"line":23,"column":26}},"1":{"start":{"line":2,"column":22},"end":{"line":2,"column":27}},"2":{"start":{"line":3,"column":15},"end":{"line":3,"column":null}},"3":{"start":{"line":5,"column":20},"end":{"line":5,"column":43}},"4":{"start":{"line":7,"column":2},"end":{"line":20,"column":null}},"5":{"start":{"line":24,"column":27},"end":{"line":24,"column":null}},"6":{"start":{"line":25,"column":20},"end":{"line":25,"column":null}},"7":{"start":{"line":27,"column":2},"end":{"line":37,"column":null}}},"fnMap":{"0":{"name":"POST","decl":{"start":{"line":2,"column":22},"end":{"line":2,"column":27}},"loc":{"start":{"line":2,"column":43},"end":{"line":21,"column":null}}},"1":{"name":"GET","decl":{"start":{"line":23,"column":22},"end":{"line":23,"column":26}},"loc":{"start":{"line":23,"column":42},"end":{"line":38,"column":null}}}},"branchMap":{},"s":{"0":0,"1":0,"2":0,"3":0,"4":0,"5":0,"6":0,"7":0},"f":{"0":0,"1":0},"b":{}}
,"C:\\Users\\ninga\\Desktop\\Hackathon-2.0\\secure-exam-frontend\\app\\auth\\login\\page.tsx": {"path":"C:\\Users\\ninga\\Desktop\\Hackathon-2.0\\secure-exam-frontend\\app\\auth\\login\\page.tsx","statementMap":{"0":{"start":{"line":3,"column":24},"end":{"line":3,"column":null}},"1":{"start":{"line":1,"column":26},"end":{"line":1,"column":null}}},"fnMap":{"0":{"name":"LoginPage","decl":{"start":{"line":3,"column":24},"end":{"line":3,"column":null}},"loc":{"start":{"line":3,"column":24},"end":{"line":26,"column":null}}}},"branchMap":{},"s":{"0":0,"1":0},"f":{"0":0},"b":{}}
,"C:\\Users\\ninga\\Desktop\\Hackathon-2.0\\secure-exam-frontend\\app\\auth\\signup\\page.tsx": {"path":"C:\\Users\\ninga\\Desktop\\Hackathon-2.0\\secure-exam-frontend\\app\\auth\\signup\\page.tsx","statementMap":{"0":{"start":{"line":3,"column":24},"end":{"line":3,"column":null}},"1":{"start":{"line":1,"column":27},"end":{"line":1,"column":null}}},"fnMap":{"0":{"name":"SignupPage","decl":{"start":{"line":3,"column":24},"end":{"line":3,"column":null}},"loc":{"start":{"line":3,"column":24},"end":{"line":26,"column":null}}}},"branchMap":{},"s":{"0":0,"1":0},"f":{"0":0},"b":{}}
,"C:\\Users\\ninga\\Desktop\\Hackathon-2.0\\secure-exam-frontend\\app\\exam\\alerts\\page.tsx": {"path":"C:\\Users\\ninga\\Desktop\\Hackathon-2.0\\secure-exam-frontend\\app\\exam\\alerts\\page.tsx","statementMap":{"0":{"start":{"line":9,"column":24},"end":{"line":9,"column":null}},"1":{"start":{"line":3,"column":26},"end":{"line":3,"column":null}},"2":{"start":{"line":4,"column":23},"end":{"line":4,"column":null}},"3":{"start":{"line":5,"column":30},"end":{"line":5,"column":null}},"4":{"start":{"line":6,"column":36},"end":{"line":6,"column":null}},"5":{"start":{"line":7,"column":31},"end":{"line":7,"column":null}},"6":{"start":{"line":10,"column":17},"end":{"line":10,"column":null}},"7":{"start":{"line":18,"column":33},"end":{"line":18,"column":48}}},"fnMap":{"0":{"name":"AlertsPage","decl":{"start":{"line":9,"column":24},"end":{"line":9,"column":null}},"loc":{"start":{"line":9,"column":24},"end":{"line":41,"column":null}}},"1":{"name":"(anonymous_2)","decl":{"start":{"line":18,"column":27},"end":{"line":18,"column":33}},"loc":{"start":{"line":18,"column":33},"end":{"line":18,"column":48}}}},"branchMap":{},"s":{"0":0,"1":0,"2":0,"3":0,"4":0,"5":0,"6":0,"7":0},"f":{"0":0,"1":0},"b":{}}
,"C:\\Users\\ninga\\Desktop\\Hackathon-2.0\\secure-exam-frontend\\app\\exam\\coding\\page.tsx": {"path":"C:\\Users\\ninga\\Desktop\\Hackathon-2.0\\secure-exam-frontend\\app\\exam\\coding\\page.tsx","statementMap":{"0":{"start":{"line":15,"column":24},"end":{"line":15,"column":null}},"1":{"start":{"line":3,"column":25},"end":{"line":3,"column":null}},"2":{"start":{"line":4,"column":26},"end":{"line":4,"column":null}},"3":{"start":{"line":5,"column":21},"end":{"line":5,"column":null}},"4":{"start":{"line":6,"column":23},"end":{"line":6,"column":null}},"5":{"start":{"line":7,"column":34},"end":{"line":7,"column":null}},"6":{"start":{"line":8,"column":40},"end":{"line":8,"column":null}},"7":{"start":{"line":9,"column":26},"end":{"line":9,"column":null}},"8":{"start":{"line":10,"column":27},"end":{"line":10,"column":null}},"9":{"start":{"line":11,"column":79},"end":{"line":11,"column":null}},"10":{"start":{"line":12,"column":80},"end":{"line":12,"column":null}},"11":{"start":{"line":13,"column":22},"end":{"line":13,"column":null}},"12":{"start":{"line":16,"column":17},"end":{"line":16,"column":null}},"13":{"start":{"line":17,"column":48},"end":{"line":17,"column":null}},"14":{"start":{"line":18,"column":26},"end":{"line":18,"column":null}},"15":{"start":{"line":19,"column":30},"end":{"line":19,"column":null}},"16":{"start":{"line":20,"column":50},"end":{"line":20,"column":null}},"17":{"start":{"line":21,"column":50},"end":{"line":21,"column":null}},"18":{"start":{"line":23,"column":20},"end":{"line":34,"column":null}},"19":{"start":{"line":36,"column":26},"end":{"line":81,"column":null}},"20":{"start":{"line":83,"column":25},"end":{"line":83,"column":57}},"21":{"start":{"line":85,"column":20},"end":{"line":87,"column":null}},"22":{"start":{"line":86,"column":4},"end":{"line":86,"column":null}},"23":{"start":{"line":89,"column":21},"end":{"line":92,"column":null}},"24":{"start":{"line":91,"column":4},"end":{"line":91,"column":null}},"25":{"start":{"line":94,"column":21},"end":{"line":100,"column":null}},"26":{"start":{"line":95,"column":4},"end":{"line":99,"column":null}},"27":{"start":{"line":96,"column":6},"end":{"line":96,"column":null}},"28":{"start":{"line":97,"column":6},"end":{"line":97,"column":null}},"29":{"start":{"line":98,"column":6},"end":{"line":98,"column":null}},"30":{"start":{"line":102,"column":23},"end":{"line":104,"column":null}},"31":{"start":{"line":103,"column":4},"end":{"line":103,"column":null}},"32":{"start":{"line":184,"column":22},"end":{"line":184,"column":36}},"33":{"start":{"line":193,"column":18},"end":{"line":193,"column":33}},"34":{"start":{"line":219,"column":33},"end":{"line":219,"column":null}},"35":{"start":{"line":276,"column":39},"end":{"line":276,"column":null}},"36":{"start":{"line":285,"column":24},"end":{"line":285,"column":49}}},"fnMap":{"0":{"name":"CodingExamPage","decl":{"start":{"line":15,"column":24},"end":{"line":15,"column":null}},"loc":{"start":{"line":15,"column":24},"end":{"line":344,"column":null}}},"1":{"name":"(anonymous_2)","decl":{"start":{"line":85,"column":20},"end":{"line":85,"column":null}},"loc":{"start":{"line":85,"column":20},"end":{"line":87,"column":null}}},"2":{"name":"(anonymous_3)","decl":{"start":{"line":89,"column":21},"end":{"line":89,"column":null}},"loc":{"start":{"line":89,"column":21},"end":{"line":92,"column":null}}},"3":{"name":"(anonymous_4)","decl":{"start":{"line":94,"column":21},"end":{"line":94,"column":null}},"loc":{"start":{"line":94,"column":21},"end":{"line":100,"column":null}}},"4":{"name":"(anonymous_5)","decl":{"start":{"line":102,"column":23},"end":{"line":102,"column":null}},"loc":{"start":{"line":102,"column":23},"end":{"line":104,"column":null}}},"5":{"name":"(anonymous_6)","decl":{"start":{"line":144,"column":51},"end":{"line":144,"column":58}},"loc":{"start":{"line":144,"column":51},"end":{"line":144,"column":null}}},"6":{"name":"(anonymous_7)","decl":{"start":{"line":183,"column":52},"end":{"line":183,"column":53}},"loc":{"start":{"line":184,"column":22},"end":{"line":184,"column":36}}},"7":{"name":"(anonymous_8)","decl":{"start":{"line":192,"column":45},"end":{"line":192,"column":46}},"loc":{"start":{"line":193,"column":18},"end":{"line":193,"column":33}}},"8":{"name":"(anonymous_9)","decl":{"start":{"line":219,"column":27},"end":{"line":219,"column":33}},"loc":{"start":{"line":219,"column":33},"end":{"line":219,"column":null}}},"9":{"name":"(anonymous_10)","decl":{"start":{"line":276,"column":32},"end":{"line":276,"column":33}},"loc":{"start":{"line":276,"column":39},"end":{"line":276,"column":null}}},"10":{"name":"(anonymous_11)","decl":{"start":{"line":284,"column":37},"end":{"line":284,"column":38}},"loc":{"start":{"line":285,"column":24},"end":{"line":285,"column":49}}}},"branchMap":{"0":{"loc":{"start":{"line":95,"column":4},"end":{"line":99,"column":null}},"type":"if","locations":[{"start":{"line":95,"column":4},"end":{"line":99,"column":null}}]},"1":{"loc":{"start":{"line":206,"column":23},"end":{"line":206,"column":42}},"type":"binary-expr","locations":[{"start":{"line":206,"column":23},"end":{"line":206,"column":42}}]},"2":{"loc":{"start":{"line":226,"column":18},"end":{"line":234,"column":19}},"type":"cond-expr","locations":[{"start":{"line":226,"column":18},"end":{"line":234,"column":19}}]},"3":{"loc":{"start":{"line":325,"column":17},"end":{"line":325,"column":null}},"type":"binary-expr","locations":[{"start":{"line":325,"column":17},"end":{"line":325,"column":null}}]}},"s":{"0":23,"1":1,"2":1,"3":1,"4":1,"5":1,"6":1,"7":1,"8":1,"9":1,"10":1,"11":1,"12":47,"13":47,"14":46,"15":46,"16":46,"17":46,"18":46,"19":46,"20":46,"21":46,"22":0,"23":46,"24":0,"25":46,"26":0,"27":0,"28":0,"29":0,"30":46,"31":0,"32":184,"33":92,"34":0,"35":0,"36":460},"f":{"0":47,"1":0,"2":0,"3":0,"4":0,"5":0,"6":184,"7":92,"8":0,"9":0,"10":460},"b":{"0":[0],"1":[92],"2":[0],"3":[46]}}
,"C:\\Users\\ninga\\Desktop\\Hackathon-2.0\\secure-exam-frontend\\app\\exam\\compatibility-check\\page.tsx": {"path":"C:\\Users\\ninga\\Desktop\\Hackathon-2.0\\secure-exam-frontend\\app\\exam\\compatibility-check\\page.tsx","statementMap":{"0":{"start":{"line":67,"column":24},"end":{"line":67,"column":null}},"1":{"start":{"line":3,"column":44},"end":{"line":3,"column":null}},"2":{"start":{"line":4,"column":26},"end":{"line":4,"column":null}},"3":{"start":{"line":5,"column":23},"end":{"line":5,"column":null}},"4":{"start":{"line":6,"column":21},"end":{"line":6,"column":null}},"5":{"start":{"line":7,"column":25},"end":{"line":7,"column":null}},"6":{"start":{"line":8,"column":22},"end":{"line":8,"column":null}},"7":{"start":{"line":33,"column":7},"end":{"line":33,"column":null}},"8":{"start":{"line":68,"column":16},"end":{"line":68,"column":null}},"9":{"start":{"line":69,"column":19},"end":{"line":69,"column":null}},"10":{"start":{"line":70,"column":20},"end":{"line":70,"column":null}},"11":{"start":{"line":71,"column":40},"end":{"line":71,"column":null}},"12":{"start":{"line":72,"column":48},"end":{"line":72,"column":null}},"13":{"start":{"line":73,"column":42},"end":{"line":73,"column":null}},"14":{"start":{"line":74,"column":42},"end":{"line":74,"column":null}},"15":{"start":{"line":75,"column":42},"end":{"line":75,"column":null}},"16":{"start":{"line":76,"column":40},"end":{"line":76,"column":null}},"17":{"start":{"line":77,"column":48},"end":{"line":77,"column":null}},"18":{"start":{"line":79,"column":16},"end":{"line":85,"column":null}},"19":{"start":{"line":87,"column":2},"end":{"line":90,"column":null}},"20":{"start":{"line":88,"column":4},"end":{"line":88,"column":null}},"21":{"start":{"line":89,"column":4},"end":{"line":89,"column":null}},"22":{"start":{"line":92,"column":33},"end":{"line":160,"column":null}},"23":{"start":{"line":93,"column":34},"end":{"line":158,"column":null}},"24":{"start":{"line":159,"column":4},"end":{"line":159,"column":null}},"25":{"start":{"line":162,"column":27},"end":{"line":221,"column":null}},"26":{"start":{"line":163,"column":19},"end":{"line":163,"column":null}},"27":{"start":{"line":166,"column":4},"end":{"line":166,"column":null}},"28":{"start":{"line":166,"column":33},"end":{"line":166,"column":null}},"29":{"start":{"line":167,"column":25},"end":{"line":167,"column":null}},"30":{"start":{"line":168,"column":4},"end":{"line":168,"column":null}},"31":{"start":{"line":169,"column":4},"end":{"line":169,"column":null}},"32":{"start":{"line":170,"column":4},"end":{"line":170,"column":null}},"33":{"start":{"line":173,"column":4},"end":{"line":173,"column":null}},"34":{"start":{"line":173,"column":33},"end":{"line":173,"column":null}},"35":{"start":{"line":174,"column":24},"end":{"line":174,"column":null}},"36":{"start":{"line":175,"column":4},"end":{"line":175,"column":null}},"37":{"start":{"line":176,"column":4},"end":{"line":176,"column":null}},"38":{"start":{"line":179,"column":4},"end":{"line":179,"column":null}},"39":{"start":{"line":179,"column":33},"end":{"line":179,"column":null}},"40":{"start":{"line":180,"column":21},"end":{"line":180,"column":null}},"41":{"start":{"line":181,"column":4},"end":{"line":181,"column":null}},"42":{"start":{"line":182,"column":4},"end":{"line":182,"column":null}},"43":{"start":{"line":185,"column":4},"end":{"line":185,"column":null}},"44":{"start":{"line":185,"column":33},"end":{"line":185,"column":null}},"45":{"start":{"line":186,"column":25},"end":{"line":186,"column":null}},"46":{"start":{"line":187,"column":4},"end":{"line":187,"column":null}},"47":{"start":{"line":188,"column":4},"end":{"line":188,"column":null}},"48":{"start":{"line":191,"column":4},"end":{"line":191,"column":null}},"49":{"start":{"line":191,"column":33},"end":{"line":191,"column":null}},"50":{"start":{"line":192,"column":25},"end":{"line":192,"column":null}},"51":{"start":{"line":193,"column":4},"end":{"line":193,"column":null}},"52":{"start":{"line":194,"column":4},"end":{"line":194,"column":null}},"53":{"start":{"line":195,"column":4},"end":{"line":195,"column":null}},"54":{"start":{"line":198,"column":4},"end":{"line":198,"column":null}},"55":{"start":{"line":198,"column":33},"end":{"line":198,"column":null}},"56":{"start":{"line":199,"column":25},"end":{"line":199,"column":null}},"57":{"start":{"line":200,"column":4},"end":{"line":200,"column":null}},"58":{"start":{"line":201,"column":4},"end":{"line":201,"column":null}},"59":{"start":{"line":202,"column":4},"end":{"line":202,"column":null}},"60":{"start":{"line":205,"column":4},"end":{"line":205,"column":null}},"61":{"start":{"line":205,"column":33},"end":{"line":205,"column":null}},"62":{"start":{"line":206,"column":24},"end":{"line":206,"column":null}},"63":{"start":{"line":207,"column":4},"end":{"line":207,"column":null}},"64":{"start":{"line":208,"column":4},"end":{"line":208,"column":null}},"65":{"start":{"line":211,"column":4},"end":{"line":211,"column":null}},"66":{"start":{"line":211,"column":33},"end":{"line":211,"column":null}},"67":{"start":{"line":212,"column":21},"end":{"line":212,"column":null}},"68":{"start":{"line":213,"column":4},"end":{"line":213,"column":null}},"69":{"start":{"line":214,"column":4},"end":{"line":214,"column":null}},"70":{"start":{"line":215,"column":4},"end":{"line":215,"column":null}},"71":{"start":{"line":218,"column":4},"end":{"line":218,"column":null}},"72":{"start":{"line":218,"column":33},"end":{"line":218,"column":null}},"73":{"start":{"line":219,"column":27},"end":{"line":219,"column":null}},"74":{"start":{"line":219,"column":46},"end":{"line":219,"column":56}},"75":{"start":{"line":219,"column":69},"end":{"line":219,"column":null}},"76":{"start":{"line":220,"column":4},"end":{"line":220,"column":null}},"77":{"start":{"line":223,"column":22},"end":{"line":228,"column":null}},"78":{"start":{"line":224,"column":26},"end":{"line":225,"column":null}},"79":{"start":{"line":225,"column":6},"end":{"line":225,"column":null}},"80":{"start":{"line":227,"column":4},"end":{"line":227,"column":null}},"81":{"start":{"line":229,"column":21},"end":{"line":259,"column":null}},"82":{"start":{"line":230,"column":22},"end":{"line":230,"column":41}},"83":{"start":{"line":231,"column":18},"end":{"line":231,"column":null}},"84":{"start":{"line":232,"column":18},"end":{"line":232,"column":null}},"85":{"start":{"line":233,"column":40},"end":{"line":233,"column":null}},"86":{"start":{"line":235,"column":4},"end":{"line":250,"column":null}},"87":{"start":{"line":236,"column":6},"end":{"line":236,"column":null}},"88":{"start":{"line":237,"column":20},"end":{"line":237,"column":null}},"89":{"start":{"line":238,"column":6},"end":{"line":238,"column":null}},"90":{"start":{"line":239,"column":6},"end":{"line":239,"column":null}},"91":{"start":{"line":240,"column":11},"end":{"line":250,"column":null}},"92":{"start":{"line":241,"column":6},"end":{"line":241,"column":null}},"93":{"start":{"line":242,"column":20},"end":{"line":242,"column":null}},"94":{"start":{"line":243,"column":6},"end":{"line":243,"column":null}},"95":{"start":{"line":244,"column":6},"end":{"line":244,"column":null}},"96":{"start":{"line":245,"column":11},"end":{"line":250,"column":null}},"97":{"start":{"line":246,"column":6},"end":{"line":246,"column":null}},"98":{"start":{"line":247,"column":6},"end":{"line":247,"column":null}},"99":{"start":{"line":249,"column":6},"end":{"line":249,"column":null}},"100":{"start":{"line":252,"column":4},"end":{"line":258,"column":null}},"101":{"start":{"line":261,"column":22},"end":{"line":279,"column":null}},"102":{"start":{"line":262,"column":18},"end":{"line":262,"column":37}},"103":{"start":{"line":263,"column":19},"end":{"line":263,"column":39}},"104":{"start":{"line":264,"column":18},"end":{"line":264,"column":null}},"105":{"start":{"line":266,"column":40},"end":{"line":266,"column":null}},"106":{"start":{"line":267,"column":18},"end":{"line":267,"column":null}},"107":{"start":{"line":269,"column":4},"end":{"line":272,"column":null}},"108":{"start":{"line":270,"column":6},"end":{"line":270,"column":null}},"109":{"start":{"line":271,"column":6},"end":{"line":271,"column":null}},"110":{"start":{"line":274,"column":4},"end":{"line":278,"column":null}},"111":{"start":{"line":281,"column":33},"end":{"line":311,"column":null}},"112":{"start":{"line":282,"column":18},"end":{"line":282,"column":null}},"113":{"start":{"line":283,"column":21},"end":{"line":283,"column":null}},"114":{"start":{"line":284,"column":25},"end":{"line":284,"column":null}},"115":{"start":{"line":286,"column":4},"end":{"line":289,"column":null}},"116":{"start":{"line":287,"column":6},"end":{"line":287,"column":null}},"117":{"start":{"line":288,"column":6},"end":{"line":288,"column":null}},"118":{"start":{"line":291,"column":18},"end":{"line":291,"column":null}},"119":{"start":{"line":292,"column":40},"end":{"line":292,"column":null}},"120":{"start":{"line":293,"column":18},"end":{"line":293,"column":null}},"121":{"start":{"line":295,"column":4},"end":{"line":301,"column":null}},"122":{"start":{"line":296,"column":6},"end":{"line":296,"column":null}},"123":{"start":{"line":297,"column":6},"end":{"line":297,"column":null}},"124":{"start":{"line":298,"column":11},"end":{"line":301,"column":null}},"125":{"start":{"line":299,"column":6},"end":{"line":299,"column":null}},"126":{"start":{"line":300,"column":6},"end":{"line":300,"column":null}},"127":{"start":{"line":303,"column":19},"end":{"line":303,"column":null}},"128":{"start":{"line":304,"column":23},"end":{"line":304,"column":null}},"129":{"start":{"line":306,"column":4},"end":{"line":310,"column":null}},"130":{"start":{"line":313,"column":23},"end":{"line":345,"column":null}},"131":{"start":{"line":314,"column":4},"end":{"line":338,"column":null}},"132":{"start":{"line":315,"column":6},"end":{"line":335,"column":null}},"133":{"start":{"line":316,"column":25},"end":{"line":316,"column":null}},"134":{"start":{"line":317,"column":22},"end":{"line":317,"column":null}},"135":{"start":{"line":318,"column":22},"end":{"line":318,"column":null}},"136":{"start":{"line":319,"column":26},"end":{"line":319,"column":null}},"137":{"start":{"line":320,"column":28},"end":{"line":320,"column":null}},"138":{"start":{"line":322,"column":44},"end":{"line":322,"column":null}},"139":{"start":{"line":323,"column":22},"end":{"line":323,"column":null}},"140":{"start":{"line":325,"column":8},"end":{"line":328,"column":null}},"141":{"start":{"line":326,"column":10},"end":{"line":326,"column":null}},"142":{"start":{"line":327,"column":10},"end":{"line":327,"column":null}},"143":{"start":{"line":330,"column":8},"end":{"line":334,"column":null}},"144":{"start":{"line":340,"column":4},"end":{"line":344,"column":null}},"145":{"start":{"line":347,"column":23},"end":{"line":380,"column":null}},"146":{"start":{"line":348,"column":4},"end":{"line":373,"column":null}},"147":{"start":{"line":349,"column":6},"end":{"line":370,"column":null}},"148":{"start":{"line":350,"column":24},"end":{"line":350,"column":null}},"149":{"start":{"line":351,"column":22},"end":{"line":351,"column":null}},"150":{"start":{"line":352,"column":25},"end":{"line":352,"column":41}},"151":{"start":{"line":354,"column":44},"end":{"line":354,"column":null}},"152":{"start":{"line":355,"column":22},"end":{"line":355,"column":null}},"153":{"start":{"line":357,"column":8},"end":{"line":363,"column":null}},"154":{"start":{"line":358,"column":10},"end":{"line":358,"column":null}},"155":{"start":{"line":359,"column":10},"end":{"line":359,"column":null}},"156":{"start":{"line":360,"column":15},"end":{"line":363,"column":null}},"157":{"start":{"line":361,"column":10},"end":{"line":361,"column":null}},"158":{"start":{"line":362,"column":10},"end":{"line":362,"column":null}},"159":{"start":{"line":365,"column":8},"end":{"line":369,"column":null}},"160":{"start":{"line":375,"column":4},"end":{"line":379,"column":null}},"161":{"start":{"line":381,"column":22},"end":{"line":439,"column":null}},"162":{"start":{"line":382,"column":4},"end":{"line":438,"column":null}},"163":{"start":{"line":383,"column":24},"end":{"line":383,"column":null}},"164":{"start":{"line":385,"column":24},"end":{"line":385,"column":null}},"165":{"start":{"line":386,"column":27},"end":{"line":389,"column":null}},"166":{"start":{"line":387,"column":8},"end":{"line":387,"column":null}},"167":{"start":{"line":388,"column":8},"end":{"line":388,"column":null}},"168":{"start":{"line":390,"column":6},"end":{"line":390,"column":null}},"169":{"start":{"line":392,"column":6},"end":{"line":392,"column":null}},"170":{"start":{"line":393,"column":22},"end":{"line":393,"column":null}},"171":{"start":{"line":395,"column":28},"end":{"line":395,"column":null}},"172":{"start":{"line":396,"column":26},"end":{"line":396,"column":null}},"173":{"start":{"line":397,"column":22},"end":{"line":397,"column":null}},"174":{"start":{"line":398,"column":21},"end":{"line":398,"column":null}},"175":{"start":{"line":399,"column":25},"end":{"line":399,"column":null}},"176":{"start":{"line":401,"column":45},"end":{"line":401,"column":null}},"177":{"start":{"line":402,"column":42},"end":{"line":402,"column":null}},"178":{"start":{"line":403,"column":20},"end":{"line":403,"column":null}},"179":{"start":{"line":405,"column":6},"end":{"line":416,"column":null}},"180":{"start":{"line":406,"column":8},"end":{"line":406,"column":null}},"181":{"start":{"line":407,"column":8},"end":{"line":407,"column":null}},"182":{"start":{"line":408,"column":8},"end":{"line":408,"column":null}},"183":{"start":{"line":409,"column":13},"end":{"line":416,"column":null}},"184":{"start":{"line":410,"column":8},"end":{"line":410,"column":null}},"185":{"start":{"line":411,"column":8},"end":{"line":411,"column":null}},"186":{"start":{"line":412,"column":8},"end":{"line":412,"column":null}},"187":{"start":{"line":413,"column":13},"end":{"line":416,"column":null}},"188":{"start":{"line":414,"column":8},"end":{"line":414,"column":null}},"189":{"start":{"line":415,"column":8},"end":{"line":415,"column":null}},"190":{"start":{"line":418,"column":6},"end":{"line":425,"column":null}},"191":{"start":{"line":427,"column":6},"end":{"line":431,"column":null}},"192":{"start":{"line":433,"column":6},"end":{"line":437,"column":null}},"193":{"start":{"line":440,"column":21},"end":{"line":496,"column":null}},"194":{"start":{"line":441,"column":4},"end":{"line":495,"column":null}},"195":{"start":{"line":442,"column":21},"end":{"line":448,"column":null}},"196":{"start":{"line":450,"column":6},"end":{"line":482,"column":null}},"197":{"start":{"line":451,"column":8},"end":{"line":451,"column":null}},"198":{"start":{"line":452,"column":8},"end":{"line":452,"column":null}},"199":{"start":{"line":454,"column":27},"end":{"line":454,"column":53}},"200":{"start":{"line":455,"column":25},"end":{"line":455,"column":null}},"201":{"start":{"line":456,"column":27},"end":{"line":456,"column":65}},"202":{"start":{"line":457,"column":20},"end":{"line":457,"column":null}},"203":{"start":{"line":459,"column":56},"end":{"line":459,"column":null}},"204":{"start":{"line":460,"column":44},"end":{"line":460,"column":null}},"205":{"start":{"line":461,"column":22},"end":{"line":461,"column":null}},"206":{"start":{"line":463,"column":8},"end":{"line":470,"column":null}},"207":{"start":{"line":464,"column":10},"end":{"line":464,"column":null}},"208":{"start":{"line":465,"column":10},"end":{"line":465,"column":null}},"209":{"start":{"line":466,"column":10},"end":{"line":466,"column":null}},"210":{"start":{"line":467,"column":15},"end":{"line":470,"column":null}},"211":{"start":{"line":468,"column":10},"end":{"line":468,"column":null}},"212":{"start":{"line":469,"column":10},"end":{"line":469,"column":null}},"213":{"start":{"line":472,"column":8},"end":{"line":475,"column":null}},"214":{"start":{"line":472,"column":33},"end":{"line":475,"column":null}},"215":{"start":{"line":477,"column":8},"end":{"line":481,"column":null}},"216":{"start":{"line":484,"column":6},"end":{"line":488,"column":null}},"217":{"start":{"line":490,"column":6},"end":{"line":494,"column":null}},"218":{"start":{"line":498,"column":26},"end":{"line":560,"column":null}},"219":{"start":{"line":499,"column":4},"end":{"line":559,"column":null}},"220":{"start":{"line":500,"column":21},"end":{"line":500,"column":null}},"221":{"start":{"line":502,"column":27},"end":{"line":502,"column":null}},"222":{"start":{"line":503,"column":21},"end":{"line":503,"column":null}},"223":{"start":{"line":504,"column":23},"end":{"line":504,"column":null}},"224":{"start":{"line":505,"column":6},"end":{"line":505,"column":null}},"225":{"start":{"line":507,"column":6},"end":{"line":507,"column":null}},"226":{"start":{"line":508,"column":27},"end":{"line":508,"column":53}},"227":{"start":{"line":509,"column":24},"end":{"line":509,"column":null}},"228":{"start":{"line":511,"column":6},"end":{"line":528,"column":null}},"229":{"start":{"line":512,"column":22},"end":{"line":512,"column":null}},"230":{"start":{"line":513,"column":26},"end":{"line":513,"column":null}},"231":{"start":{"line":515,"column":27},"end":{"line":526,"column":null}},"232":{"start":{"line":516,"column":10},"end":{"line":516,"column":null}},"233":{"start":{"line":517,"column":25},"end":{"line":517,"column":null}},"234":{"start":{"line":517,"column":58},"end":{"line":517,"column":71}},"235":{"start":{"line":518,"column":10},"end":{"line":518,"column":null}},"236":{"start":{"line":519,"column":10},"end":{"line":519,"column":null}},"237":{"start":{"line":521,"column":10},"end":{"line":525,"column":null}},"238":{"start":{"line":522,"column":12},"end":{"line":522,"column":null}},"239":{"start":{"line":524,"column":12},"end":{"line":524,"column":null}},"240":{"start":{"line":527,"column":8},"end":{"line":527,"column":null}},"241":{"start":{"line":530,"column":25},"end":{"line":530,"column":48}},"242":{"start":{"line":531,"column":54},"end":{"line":531,"column":null}},"243":{"start":{"line":532,"column":42},"end":{"line":532,"column":null}},"244":{"start":{"line":533,"column":20},"end":{"line":533,"column":null}},"245":{"start":{"line":535,"column":6},"end":{"line":538,"column":null}},"246":{"start":{"line":536,"column":8},"end":{"line":536,"column":null}},"247":{"start":{"line":537,"column":8},"end":{"line":537,"column":null}},"248":{"start":{"line":540,"column":6},"end":{"line":543,"column":null}},"249":{"start":{"line":540,"column":31},"end":{"line":543,"column":null}},"250":{"start":{"line":545,"column":6},"end":{"line":545,"column":null}},"251":{"start":{"line":545,"column":42},"end":{"line":545,"column":null}},"252":{"start":{"line":546,"column":6},"end":{"line":546,"column":null}},"253":{"start":{"line":548,"column":6},"end":{"line":552,"column":null}},"254":{"start":{"line":554,"column":6},"end":{"line":558,"column":null}},"255":{"start":{"line":561,"column":19},"end":{"line":568,"column":null}},"256":{"start":{"line":562,"column":4},"end":{"line":562,"column":null}},"257":{"start":{"line":563,"column":4},"end":{"line":563,"column":null}},"258":{"start":{"line":564,"column":4},"end":{"line":564,"column":null}},"259":{"start":{"line":565,"column":4},"end":{"line":565,"column":null}},"260":{"start":{"line":566,"column":4},"end":{"line":566,"column":null}},"261":{"start":{"line":567,"column":4},"end":{"line":567,"column":null}},"262":{"start":{"line":567,"column":37},"end":{"line":567,"column":null}},"263":{"start":{"line":570,"column":24},"end":{"line":581,"column":null}},"264":{"start":{"line":571,"column":4},"end":{"line":580,"column":null}},"265":{"start":{"line":583,"column":25},"end":{"line":594,"column":null}},"266":{"start":{"line":584,"column":4},"end":{"line":593,"column":null}},"267":{"start":{"line":596,"column":33},"end":{"line":604,"column":null}},"268":{"start":{"line":597,"column":4},"end":{"line":603,"column":null}},"269":{"start":{"line":598,"column":24},"end":{"line":598,"column":null}},"270":{"start":{"line":599,"column":19},"end":{"line":599,"column":null}},"271":{"start":{"line":600,"column":19},"end":{"line":600,"column":null}},"272":{"start":{"line":601,"column":19},"end":{"line":601,"column":null}},"273":{"start":{"line":602,"column":15},"end":{"line":602,"column":null}},"274":{"start":{"line":606,"column":25},"end":{"line":606,"column":105}},"275":{"start":{"line":606,"column":54},"end":{"line":606,"column":99}},"276":{"start":{"line":607,"column":19},"end":{"line":607,"column":82}},"277":{"start":{"line":607,"column":48},"end":{"line":607,"column":76}},"278":{"start":{"line":635,"column":31},"end":{"line":635,"column":null}},"279":{"start":{"line":656,"column":14},"end":{"line":657,"column":null}},"280":{"start":{"line":708,"column":18},"end":{"line":709,"column":null}},"281":{"start":{"line":759,"column":39},"end":{"line":759,"column":null}},"282":{"start":{"line":760,"column":39},"end":{"line":760,"column":null}},"283":{"start":{"line":762,"column":24},"end":{"line":774,"column":null}},"284":{"start":{"line":763,"column":26},"end":{"line":763,"column":null}},"285":{"start":{"line":764,"column":26},"end":{"line":764,"column":null}},"286":{"start":{"line":765,"column":31},"end":{"line":774,"column":null}},"287":{"start":{"line":766,"column":26},"end":{"line":766,"column":null}},"288":{"start":{"line":767,"column":26},"end":{"line":767,"column":null}},"289":{"start":{"line":768,"column":31},"end":{"line":774,"column":null}},"290":{"start":{"line":769,"column":26},"end":{"line":769,"column":null}},"291":{"start":{"line":770,"column":26},"end":{"line":770,"column":null}},"292":{"start":{"line":771,"column":31},"end":{"line":774,"column":null}},"293":{"start":{"line":772,"column":26},"end":{"line":772,"column":null}},"294":{"start":{"line":773,"column":26},"end":{"line":773,"column":null}},"295":{"start":{"line":776,"column":24},"end":{"line":778,"column":null}},"296":{"start":{"line":1035,"column":39},"end":{"line":1035,"column":null}},"297":{"start":{"line":1036,"column":39},"end":{"line":1036,"column":null}},"298":{"start":{"line":1038,"column":24},"end":{"line":1050,"column":null}},"299":{"start":{"line":1039,"column":26},"end":{"line":1039,"column":null}},"300":{"start":{"line":1040,"column":26},"end":{"line":1040,"column":null}},"301":{"start":{"line":1041,"column":31},"end":{"line":1050,"column":null}},"302":{"start":{"line":1042,"column":26},"end":{"line":1042,"column":null}},"303":{"start":{"line":1043,"column":26},"end":{"line":1043,"column":null}},"304":{"start":{"line":1044,"column":31},"end":{"line":1050,"column":null}},"305":{"start":{"line":1045,"column":26},"end":{"line":1045,"column":null}},"306":{"start":{"line":1046,"column":26},"end":{"line":1046,"column":null}},"307":{"start":{"line":1047,"column":31},"end":{"line":1050,"column":null}},"308":{"start":{"line":1048,"column":26},"end":{"line":1048,"column":null}},"309":{"start":{"line":1049,"column":26},"end":{"line":1049,"column":null}},"310":{"start":{"line":1052,"column":24},"end":{"line":1054,"column":null}},"311":{"start":{"line":1166,"column":39},"end":{"line":1166,"column":null}},"312":{"start":{"line":1167,"column":39},"end":{"line":1167,"column":null}},"313":{"start":{"line":1169,"column":24},"end":{"line":1181,"column":null}},"314":{"start":{"line":1170,"column":26},"end":{"line":1170,"column":null}},"315":{"start":{"line":1171,"column":26},"end":{"line":1171,"column":null}},"316":{"start":{"line":1172,"column":31},"end":{"line":1181,"column":null}},"317":{"start":{"line":1173,"column":26},"end":{"line":1173,"column":null}},"318":{"start":{"line":1174,"column":26},"end":{"line":1174,"column":null}},"319":{"start":{"line":1175,"column":31},"end":{"line":1181,"column":null}},"320":{"start":{"line":1176,"column":26},"end":{"line":1176,"column":null}},"321":{"start":{"line":1177,"column":26},"end":{"line":1177,"column":null}},"322":{"start":{"line":1178,"column":31},"end":{"line":1181,"column":null}},"323":{"start":{"line":1179,"column":26},"end":{"line":1179,"column":null}},"324":{"start":{"line":1180,"column":26},"end":{"line":1180,"column":null}},"325":{"start":{"line":1183,"column":24},"end":{"line":1185,"column":null}},"326":{"start":{"line":1227,"column":24},"end":{"line":1228,"column":null}}},"fnMap":{"0":{"name":"CompatibilityCheckPage","decl":{"start":{"line":67,"column":24},"end":{"line":67,"column":null}},"loc":{"start":{"line":67,"column":24},"end":{"line":1326,"column":null}}},"1":{"name":"(anonymous_2)","decl":{"start":{"line":87,"column":12},"end":{"line":87,"column":null}},"loc":{"start":{"line":87,"column":12},"end":{"line":90,"column":5}}},"2":{"name":"(anonymous_3)","decl":{"start":{"line":92,"column":33},"end":{"line":92,"column":null}},"loc":{"start":{"line":92,"column":33},"end":{"line":160,"column":null}}},"3":{"name":"(anonymous_4)","decl":{"start":{"line":162,"column":27},"end":{"line":162,"column":null}},"loc":{"start":{"line":162,"column":27},"end":{"line":221,"column":null}}},"4":{"name":"(anonymous_5)","decl":{"start":{"line":166,"column":22},"end":{"line":166,"column":33}},"loc":{"start":{"line":166,"column":33},"end":{"line":166,"column":null}}},"5":{"name":"(anonymous_6)","decl":{"start":{"line":173,"column":22},"end":{"line":173,"column":33}},"loc":{"start":{"line":173,"column":33},"end":{"line":173,"column":null}}},"6":{"name":"(anonymous_7)","decl":{"start":{"line":179,"column":22},"end":{"line":179,"column":33}},"loc":{"start":{"line":179,"column":33},"end":{"line":179,"column":null}}},"7":{"name":"(anonymous_8)","decl":{"start":{"line":185,"column":22},"end":{"line":185,"column":33}},"loc":{"start":{"line":185,"column":33},"end":{"line":185,"column":null}}},"8":{"name":"(anonymous_9)","decl":{"start":{"line":191,"column":22},"end":{"line":191,"column":33}},"loc":{"start":{"line":191,"column":33},"end":{"line":191,"column":null}}},"9":{"name":"(anonymous_10)","decl":{"start":{"line":198,"column":22},"end":{"line":198,"column":33}},"loc":{"start":{"line":198,"column":33},"end":{"line":198,"column":null}}},"10":{"name":"(anonymous_11)","decl":{"start":{"line":205,"column":22},"end":{"line":205,"column":33}},"loc":{"start":{"line":205,"column":33},"end":{"line":205,"column":null}}},"11":{"name":"(anonymous_12)","decl":{"start":{"line":211,"column":22},"end":{"line":211,"column":33}},"loc":{"start":{"line":211,"column":33},"end":{"line":211,"column":null}}},"12":{"name":"(anonymous_13)","decl":{"start":{"line":218,"column":22},"end":{"line":218,"column":33}},"loc":{"start":{"line":218,"column":33},"end":{"line":218,"column":null}}},"13":{"name":"(anonymous_14)","decl":{"start":{"line":219,"column":41},"end":{"line":219,"column":46}},"loc":{"start":{"line":219,"column":46},"end":{"line":219,"column":56}}},"14":{"name":"(anonymous_15)","decl":{"start":{"line":219,"column":64},"end":{"line":219,"column":69}},"loc":{"start":{"line":219,"column":69},"end":{"line":219,"column":null}}},"15":{"name":"(anonymous_16)","decl":{"start":{"line":223,"column":22},"end":{"line":223,"column":23}},"loc":{"start":{"line":223,"column":105},"end":{"line":228,"column":null}}},"16":{"name":"(anonymous_17)","decl":{"start":{"line":224,"column":37},"end":{"line":224,"column":null}},"loc":{"start":{"line":225,"column":6},"end":{"line":225,"column":null}}},"17":{"name":"(anonymous_18)","decl":{"start":{"line":229,"column":21},"end":{"line":229,"column":null}},"loc":{"start":{"line":229,"column":21},"end":{"line":259,"column":null}}},"18":{"name":"(anonymous_19)","decl":{"start":{"line":261,"column":22},"end":{"line":261,"column":null}},"loc":{"start":{"line":261,"column":22},"end":{"line":279,"column":null}}},"19":{"name":"(anonymous_20)","decl":{"start":{"line":281,"column":33},"end":{"line":281,"column":null}},"loc":{"start":{"line":281,"column":33},"end":{"line":311,"column":null}}},"20":{"name":"(anonymous_21)","decl":{"start":{"line":313,"column":23},"end":{"line":313,"column":null}},"loc":{"start":{"line":313,"column":23},"end":{"line":345,"column":null}}},"21":{"name":"(anonymous_22)","decl":{"start":{"line":347,"column":23},"end":{"line":347,"column":null}},"loc":{"start":{"line":347,"column":23},"end":{"line":380,"column":null}}},"22":{"name":"(anonymous_23)","decl":{"start":{"line":381,"column":22},"end":{"line":381,"column":null}},"loc":{"start":{"line":381,"column":22},"end":{"line":439,"column":null}}},"23":{"name":"(anonymous_24)","decl":{"start":{"line":386,"column":39},"end":{"line":386,"column":40}},"loc":{"start":{"line":386,"column":40},"end":{"line":389,"column":null}}},"24":{"name":"(anonymous_25)","decl":{"start":{"line":440,"column":21},"end":{"line":440,"column":null}},"loc":{"start":{"line":440,"column":21},"end":{"line":496,"column":null}}},"25":{"name":"(anonymous_26)","decl":{"start":{"line":472,"column":24},"end":{"line":472,"column":33}},"loc":{"start":{"line":472,"column":33},"end":{"line":475,"column":null}}},"26":{"name":"(anonymous_27)","decl":{"start":{"line":498,"column":26},"end":{"line":498,"column":null}},"loc":{"start":{"line":498,"column":26},"end":{"line":560,"column":null}}},"27":{"name":"(anonymous_28)","decl":{"start":{"line":511,"column":24},"end":{"line":511,"column":null}},"loc":{"start":{"line":511,"column":24},"end":{"line":528,"column":null}}},"28":{"name":"(anonymous_29)","decl":{"start":{"line":515,"column":27},"end":{"line":515,"column":null}},"loc":{"start":{"line":515,"column":27},"end":{"line":526,"column":null}}},"29":{"name":"(anonymous_30)","decl":{"start":{"line":517,"column":42},"end":{"line":517,"column":43}},"loc":{"start":{"line":517,"column":58},"end":{"line":517,"column":71}}},"30":{"name":"(anonymous_31)","decl":{"start":{"line":540,"column":22},"end":{"line":540,"column":31}},"loc":{"start":{"line":540,"column":31},"end":{"line":543,"column":null}}},"31":{"name":"(anonymous_32)","decl":{"start":{"line":545,"column":33},"end":{"line":545,"column":42}},"loc":{"start":{"line":545,"column":42},"end":{"line":545,"column":null}}},"32":{"name":"(anonymous_33)","decl":{"start":{"line":561,"column":19},"end":{"line":561,"column":null}},"loc":{"start":{"line":561,"column":19},"end":{"line":568,"column":null}}},"33":{"name":"(anonymous_34)","decl":{"start":{"line":567,"column":31},"end":{"line":567,"column":37}},"loc":{"start":{"line":567,"column":37},"end":{"line":567,"column":null}}},"34":{"name":"(anonymous_35)","decl":{"start":{"line":570,"column":24},"end":{"line":570,"column":25}},"loc":{"start":{"line":570,"column":25},"end":{"line":581,"column":null}}},"35":{"name":"(anonymous_36)","decl":{"start":{"line":583,"column":25},"end":{"line":583,"column":26}},"loc":{"start":{"line":583,"column":26},"end":{"line":594,"column":null}}},"36":{"name":"(anonymous_37)","decl":{"start":{"line":596,"column":33},"end":{"line":596,"column":34}},"loc":{"start":{"line":596,"column":34},"end":{"line":604,"column":null}}},"37":{"name":"(anonymous_38)","decl":{"start":{"line":606,"column":45},"end":{"line":606,"column":54}},"loc":{"start":{"line":606,"column":54},"end":{"line":606,"column":99}}},"38":{"name":"(anonymous_39)","decl":{"start":{"line":607,"column":39},"end":{"line":607,"column":48}},"loc":{"start":{"line":607,"column":48},"end":{"line":607,"column":76}}},"39":{"name":"(anonymous_40)","decl":{"start":{"line":635,"column":25},"end":{"line":635,"column":31}},"loc":{"start":{"line":635,"column":31},"end":{"line":635,"column":null}}},"40":{"name":"(anonymous_41)","decl":{"start":{"line":655,"column":23},"end":{"line":655,"column":24}},"loc":{"start":{"line":656,"column":14},"end":{"line":657,"column":null}}},"41":{"name":"(anonymous_42)","decl":{"start":{"line":707,"column":34},"end":{"line":707,"column":35}},"loc":{"start":{"line":708,"column":18},"end":{"line":709,"column":null}}},"42":{"name":"(anonymous_43)","decl":{"start":{"line":758,"column":43},"end":{"line":758,"column":44}},"loc":{"start":{"line":758,"column":44},"end":{"line":785,"column":null}}},"43":{"name":"(anonymous_44)","decl":{"start":{"line":1034,"column":40},"end":{"line":1034,"column":41}},"loc":{"start":{"line":1034,"column":41},"end":{"line":1061,"column":null}}},"44":{"name":"(anonymous_45)","decl":{"start":{"line":1165,"column":40},"end":{"line":1165,"column":41}},"loc":{"start":{"line":1165,"column":41},"end":{"line":1192,"column":null}}},"45":{"name":"(anonymous_46)","decl":{"start":{"line":1226,"column":42},"end":{"line":1226,"column":43}},"loc":{"start":{"line":1227,"column":24},"end":{"line":1228,"column":null}}}},"branchMap":{"0":{"loc":{"start":{"line":225,"column":6},"end":{"line":225,"column":null}},"type":"cond-expr","locations":[{"start":{"line":225,"column":24},"end":{"line":225,"column":63}},{"start":{"line":225,"column":63},"end":{"line":225,"column":null}}]},"1":{"loc":{"start":{"line":235,"column":4},"end":{"line":250,"column":null}},"type":"if","locations":[{"start":{"line":235,"column":4},"end":{"line":250,"column":null}},{"start":{"line":240,"column":11},"end":{"line":250,"column":null}}]},"2":{"loc":{"start":{"line":238,"column":16},"end":{"line":238,"column":null}},"type":"cond-expr","locations":[{"start":{"line":238,"column":24},"end":{"line":238,"column":32}},{"start":{"line":238,"column":35},"end":{"line":238,"column":null}}]},"3":{"loc":{"start":{"line":239,"column":15},"end":{"line":239,"column":null}},"type":"cond-expr","locations":[{"start":{"line":239,"column":41},"end":{"line":239,"column":52}},{"start":{"line":239,"column":52},"end":{"line":239,"column":null}}]},"4":{"loc":{"start":{"line":240,"column":11},"end":{"line":250,"column":null}},"type":"if","locations":[{"start":{"line":240,"column":11},"end":{"line":250,"column":null}},{"start":{"line":245,"column":11},"end":{"line":250,"column":null}}]},"5":{"loc":{"start":{"line":243,"column":16},"end":{"line":243,"column":null}},"type":"cond-expr","locations":[{"start":{"line":243,"column":24},"end":{"line":243,"column":32}},{"start":{"line":243,"column":35},"end":{"line":243,"column":null}}]},"6":{"loc":{"start":{"line":244,"column":15},"end":{"line":244,"column":null}},"type":"cond-expr","locations":[{"start":{"line":244,"column":41},"end":{"line":244,"column":52}},{"start":{"line":244,"column":52},"end":{"line":244,"column":null}}]},"7":{"loc":{"start":{"line":245,"column":11},"end":{"line":250,"column":null}},"type":"if","locations":[{"start":{"line":245,"column":11},"end":{"line":250,"column":null}},{"start":{"line":248,"column":11},"end":{"line":250,"column":null}}]},"8":{"loc":{"start":{"line":255,"column":15},"end":{"line":257,"column":null}},"type":"cond-expr","locations":[{"start":{"line":255,"column":37},"end":{"line":255,"column":null}},{"start":{"line":256,"column":15},"end":{"line":257,"column":null}}]},"9":{"loc":{"start":{"line":256,"column":15},"end":{"line":257,"column":null}},"type":"cond-expr","locations":[{"start":{"line":256,"column":38},"end":{"line":256,"column":null}},{"start":{"line":257,"column":15},"end":{"line":257,"column":null}}]},"10":{"loc":{"start":{"line":269,"column":4},"end":{"line":272,"column":null}},"type":"if","locations":[{"start":{"line":269,"column":4},"end":{"line":272,"column":null}}]},"11":{"loc":{"start":{"line":269,"column":8},"end":{"line":269,"column":38}},"type":"binary-expr","locations":[{"start":{"line":269,"column":8},"end":{"line":269,"column":24}},{"start":{"line":269,"column":24},"end":{"line":269,"column":38}}]},"12":{"loc":{"start":{"line":295,"column":4},"end":{"line":301,"column":null}},"type":"if","locations":[{"start":{"line":295,"column":4},"end":{"line":301,"column":null}},{"start":{"line":298,"column":11},"end":{"line":301,"column":null}}]},"13":{"loc":{"start":{"line":298,"column":11},"end":{"line":301,"column":null}},"type":"if","locations":[{"start":{"line":298,"column":11},"end":{"line":301,"column":null}}]},"14":{"loc":{"start":{"line":303,"column":19},"end":{"line":303,"column":null}},"type":"binary-expr","locations":[{"start":{"line":303,"column":19},"end":{"line":303,"column":50}},{"start":{"line":303,"column":54},"end":{"line":303,"column":null}}]},"15":{"loc":{"start":{"line":304,"column":23},"end":{"line":304,"column":null}},"type":"cond-expr","locations":[{"start":{"line":304,"column":46},"end":{"line":304,"column":66}},{"start":{"line":304,"column":69},"end":{"line":304,"column":null}}]},"16":{"loc":{"start":{"line":315,"column":6},"end":{"line":335,"column":null}},"type":"if","locations":[{"start":{"line":315,"column":6},"end":{"line":335,"column":null}}]},"17":{"loc":{"start":{"line":315,"column":10},"end":{"line":315,"column":67}},"type":"binary-expr","locations":[{"start":{"line":315,"column":10},"end":{"line":315,"column":36}},{"start":{"line":315,"column":36},"end":{"line":315,"column":67}}]},"18":{"loc":{"start":{"line":317,"column":22},"end":{"line":317,"column":null}},"type":"binary-expr","locations":[{"start":{"line":317,"column":22},"end":{"line":317,"column":36}},{"start":{"line":317,"column":40},"end":{"line":317,"column":null}}]},"19":{"loc":{"start":{"line":318,"column":22},"end":{"line":318,"column":null}},"type":"binary-expr","locations":[{"start":{"line":318,"column":22},"end":{"line":318,"column":36}},{"start":{"line":318,"column":40},"end":{"line":318,"column":null}}]},"20":{"loc":{"start":{"line":325,"column":8},"end":{"line":328,"column":null}},"type":"if","locations":[{"start":{"line":325,"column":8},"end":{"line":328,"column":null}}]},"21":{"loc":{"start":{"line":349,"column":6},"end":{"line":370,"column":null}},"type":"if","locations":[{"start":{"line":349,"column":6},"end":{"line":370,"column":null}}]},"22":{"loc":{"start":{"line":355,"column":22},"end":{"line":355,"column":null}},"type":"cond-expr","locations":[{"start":{"line":355,"column":33},"end":{"line":355,"column":56}},{"start":{"line":355,"column":56},"end":{"line":355,"column":null}}]},"23":{"loc":{"start":{"line":357,"column":8},"end":{"line":363,"column":null}},"type":"if","locations":[{"start":{"line":357,"column":8},"end":{"line":363,"column":null}},{"start":{"line":360,"column":15},"end":{"line":363,"column":null}}]},"24":{"loc":{"start":{"line":357,"column":12},"end":{"line":357,"column":37}},"type":"binary-expr","locations":[{"start":{"line":357,"column":12},"end":{"line":357,"column":25}},{"start":{"line":357,"column":25},"end":{"line":357,"column":37}}]},"25":{"loc":{"start":{"line":360,"column":15},"end":{"line":363,"column":null}},"type":"if","locations":[{"start":{"line":360,"column":15},"end":{"line":363,"column":null}}]},"26":{"loc":{"start":{"line":360,"column":19},"end":{"line":360,"column":44}},"type":"binary-expr","locations":[{"start":{"line":360,"column":19},"end":{"line":360,"column":32}},{"start":{"line":360,"column":32},"end":{"line":360,"column":44}}]},"27":{"loc":{"start":{"line":367,"column":30},"end":{"line":367,"column":74}},"type":"cond-expr","locations":[{"start":{"line":367,"column":41},"end":{"line":367,"column":56}},{"start":{"line":367,"column":56},"end":{"line":367,"column":74}}]},"28":{"loc":{"start":{"line":405,"column":6},"end":{"line":416,"column":null}},"type":"if","locations":[{"start":{"line":405,"column":6},"end":{"line":416,"column":null}},{"start":{"line":409,"column":13},"end":{"line":416,"column":null}}]},"29":{"loc":{"start":{"line":405,"column":10},"end":{"line":405,"column":65}},"type":"binary-expr","locations":[{"start":{"line":405,"column":10},"end":{"line":405,"column":32}},{"start":{"line":405,"column":32},"end":{"line":405,"column":49}},{"start":{"line":405,"column":49},"end":{"line":405,"column":65}}]},"30":{"loc":{"start":{"line":409,"column":13},"end":{"line":416,"column":null}},"type":"if","locations":[{"start":{"line":409,"column":13},"end":{"line":416,"column":null}},{"start":{"line":413,"column":13},"end":{"line":416,"column":null}}]},"31":{"loc":{"start":{"line":409,"column":17},"end":{"line":409,"column":73}},"type":"binary-expr","locations":[{"start":{"line":409,"column":17},"end":{"line":409,"column":39}},{"start":{"line":409,"column":39},"end":{"line":409,"column":55}},{"start":{"line":409,"column":55},"end":{"line":409,"column":73}}]},"32":{"loc":{"start":{"line":413,"column":13},"end":{"line":416,"column":null}},"type":"if","locations":[{"start":{"line":413,"column":13},"end":{"line":416,"column":null}}]},"33":{"loc":{"start":{"line":413,"column":17},"end":{"line":413,"column":53}},"type":"binary-expr","locations":[{"start":{"line":413,"column":17},"end":{"line":413,"column":39}},{"start":{"line":413,"column":39},"end":{"line":413,"column":53}}]},"34":{"loc":{"start":{"line":450,"column":6},"end":{"line":482,"column":null}},"type":"if","locations":[{"start":{"line":450,"column":6},"end":{"line":482,"column":null}}]},"35":{"loc":{"start":{"line":457,"column":20},"end":{"line":457,"column":null}},"type":"binary-expr","locations":[{"start":{"line":457,"column":20},"end":{"line":457,"column":38}},{"start":{"line":457,"column":42},"end":{"line":457,"column":null}}]},"36":{"loc":{"start":{"line":463,"column":8},"end":{"line":470,"column":null}},"type":"if","locations":[{"start":{"line":463,"column":8},"end":{"line":470,"column":null}},{"start":{"line":467,"column":15},"end":{"line":470,"column":null}}]},"37":{"loc":{"start":{"line":463,"column":12},"end":{"line":463,"column":73}},"type":"binary-expr","locations":[{"start":{"line":463,"column":12},"end":{"line":463,"column":43}},{"start":{"line":463,"column":43},"end":{"line":463,"column":73}}]},"38":{"loc":{"start":{"line":463,"column":13},"end":{"line":463,"column":36}},"type":"binary-expr","locations":[{"start":{"line":463,"column":13},"end":{"line":463,"column":27}},{"start":{"line":463,"column":31},"end":{"line":463,"column":36}}]},"39":{"loc":{"start":{"line":463,"column":44},"end":{"line":463,"column":68}},"type":"binary-expr","locations":[{"start":{"line":463,"column":44},"end":{"line":463,"column":59}},{"start":{"line":463,"column":63},"end":{"line":463,"column":68}}]},"40":{"loc":{"start":{"line":467,"column":15},"end":{"line":470,"column":null}},"type":"if","locations":[{"start":{"line":467,"column":15},"end":{"line":470,"column":null}}]},"41":{"loc":{"start":{"line":467,"column":19},"end":{"line":467,"column":81}},"type":"binary-expr","locations":[{"start":{"line":467,"column":19},"end":{"line":467,"column":51}},{"start":{"line":467,"column":51},"end":{"line":467,"column":81}}]},"42":{"loc":{"start":{"line":467,"column":20},"end":{"line":467,"column":43}},"type":"binary-expr","locations":[{"start":{"line":467,"column":20},"end":{"line":467,"column":34}},{"start":{"line":467,"column":38},"end":{"line":467,"column":43}}]},"43":{"loc":{"start":{"line":467,"column":52},"end":{"line":467,"column":76}},"type":"binary-expr","locations":[{"start":{"line":467,"column":52},"end":{"line":467,"column":67}},{"start":{"line":467,"column":71},"end":{"line":467,"column":76}}]},"44":{"loc":{"start":{"line":521,"column":10},"end":{"line":525,"column":null}},"type":"if","locations":[{"start":{"line":521,"column":10},"end":{"line":525,"column":null}},{"start":{"line":523,"column":17},"end":{"line":525,"column":null}}]},"45":{"loc":{"start":{"line":535,"column":6},"end":{"line":538,"column":null}},"type":"if","locations":[{"start":{"line":535,"column":6},"end":{"line":538,"column":null}}]},"46":{"loc":{"start":{"line":597,"column":4},"end":{"line":603,"column":null}},"type":"switch","locations":[{"start":{"line":598,"column":6},"end":{"line":598,"column":null}},{"start":{"line":599,"column":6},"end":{"line":599,"column":null}},{"start":{"line":600,"column":6},"end":{"line":600,"column":null}},{"start":{"line":601,"column":6},"end":{"line":601,"column":null}},{"start":{"line":602,"column":6},"end":{"line":602,"column":null}}]},"47":{"loc":{"start":{"line":606,"column":54},"end":{"line":606,"column":99}},"type":"binary-expr","locations":[{"start":{"line":606,"column":54},"end":{"line":606,"column":68}},{"start":{"line":606,"column":72},"end":{"line":606,"column":99}}]},"48":{"loc":{"start":{"line":631,"column":49},"end":{"line":631,"column":84}},"type":"cond-expr","locations":[{"start":{"line":631,"column":63},"end":{"line":631,"column":80}},{"start":{"line":631,"column":80},"end":{"line":631,"column":84}}]},"49":{"loc":{"start":{"line":659,"column":18},"end":{"line":659,"column":null}},"type":"cond-expr","locations":[{"start":{"line":659,"column":41},"end":{"line":659,"column":71}},{"start":{"line":659,"column":71},"end":{"line":659,"column":null}}]},"50":{"loc":{"start":{"line":663,"column":18},"end":{"line":664,"column":null}},"type":"cond-expr","locations":[{"start":{"line":663,"column":40},"end":{"line":663,"column":null}},{"start":{"line":664,"column":18},"end":{"line":664,"column":null}}]},"51":{"loc":{"start":{"line":664,"column":18},"end":{"line":664,"column":null}},"type":"cond-expr","locations":[{"start":{"line":664,"column":42},"end":{"line":664,"column":58}},{"start":{"line":664,"column":58},"end":{"line":664,"column":null}}]},"52":{"loc":{"start":{"line":694,"column":17},"end":{"line":694,"column":null}},"type":"binary-expr","locations":[{"start":{"line":694,"column":17},"end":{"line":694,"column":null}}]},"53":{"loc":{"start":{"line":699,"column":17},"end":{"line":699,"column":null}},"type":"binary-expr","locations":[{"start":{"line":699,"column":17},"end":{"line":699,"column":null}}]},"54":{"loc":{"start":{"line":711,"column":22},"end":{"line":714,"column":null}},"type":"cond-expr","locations":[{"start":{"line":711,"column":50},"end":{"line":711,"column":null}},{"start":{"line":712,"column":22},"end":{"line":714,"column":null}}]},"55":{"loc":{"start":{"line":712,"column":22},"end":{"line":714,"column":null}},"type":"cond-expr","locations":[{"start":{"line":712,"column":50},"end":{"line":712,"column":null}},{"start":{"line":713,"column":22},"end":{"line":714,"column":null}}]},"56":{"loc":{"start":{"line":713,"column":22},"end":{"line":714,"column":null}},"type":"cond-expr","locations":[{"start":{"line":713,"column":51},"end":{"line":713,"column":null}},{"start":{"line":714,"column":22},"end":{"line":714,"column":null}}]},"57":{"loc":{"start":{"line":725,"column":29},"end":{"line":725,"column":43}},"type":"binary-expr","locations":[{"start":{"line":725,"column":29},"end":{"line":725,"column":43}}]},"58":{"loc":{"start":{"line":730,"column":27},"end":{"line":730,"column":38}},"type":"binary-expr","locations":[{"start":{"line":730,"column":27},"end":{"line":730,"column":38}}]},"59":{"loc":{"start":{"line":735,"column":27},"end":{"line":735,"column":40}},"type":"binary-expr","locations":[{"start":{"line":735,"column":27},"end":{"line":735,"column":40}}]},"60":{"loc":{"start":{"line":750,"column":13},"end":{"line":750,"column":null}},"type":"binary-expr","locations":[{"start":{"line":750,"column":13},"end":{"line":750,"column":null}}]},"61":{"loc":{"start":{"line":762,"column":24},"end":{"line":774,"column":null}},"type":"if","locations":[{"start":{"line":762,"column":24},"end":{"line":774,"column":null}},{"start":{"line":765,"column":31},"end":{"line":774,"column":null}}]},"62":{"loc":{"start":{"line":762,"column":28},"end":{"line":762,"column":78}},"type":"binary-expr","locations":[{"start":{"line":762,"column":28},"end":{"line":762,"column":68}},{"start":{"line":762,"column":68},"end":{"line":762,"column":78}}]},"63":{"loc":{"start":{"line":765,"column":31},"end":{"line":774,"column":null}},"type":"if","locations":[{"start":{"line":765,"column":31},"end":{"line":774,"column":null}},{"start":{"line":768,"column":31},"end":{"line":774,"column":null}}]},"64":{"loc":{"start":{"line":765,"column":35},"end":{"line":765,"column":80}},"type":"binary-expr","locations":[{"start":{"line":765,"column":35},"end":{"line":765,"column":70}},{"start":{"line":765,"column":70},"end":{"line":765,"column":80}}]},"65":{"loc":{"start":{"line":768,"column":31},"end":{"line":774,"column":null}},"type":"if","locations":[{"start":{"line":768,"column":31},"end":{"line":774,"column":null}},{"start":{"line":771,"column":31},"end":{"line":774,"column":null}}]},"66":{"loc":{"start":{"line":768,"column":35},"end":{"line":768,"column":80}},"type":"binary-expr","locations":[{"start":{"line":768,"column":35},"end":{"line":768,"column":70}},{"start":{"line":768,"column":70},"end":{"line":768,"column":80}}]},"67":{"loc":{"start":{"line":771,"column":31},"end":{"line":774,"column":null}},"type":"if","locations":[{"start":{"line":771,"column":31},"end":{"line":774,"column":null}}]},"68":{"loc":{"start":{"line":771,"column":35},"end":{"line":771,"column":80}},"type":"binary-expr","locations":[{"start":{"line":771,"column":35},"end":{"line":771,"column":70}},{"start":{"line":771,"column":70},"end":{"line":771,"column":80}}]},"69":{"loc":{"start":{"line":780,"column":30},"end":{"line":780,"column":null}},"type":"cond-expr","locations":[{"start":{"line":780,"column":41},"end":{"line":780,"column":52}},{"start":{"line":780,"column":52},"end":{"line":780,"column":null}}]},"70":{"loc":{"start":{"line":821,"column":28},"end":{"line":823,"column":null}},"type":"cond-expr","locations":[{"start":{"line":821,"column":63},"end":{"line":821,"column":null}},{"start":{"line":822,"column":28},"end":{"line":823,"column":null}}]},"71":{"loc":{"start":{"line":822,"column":28},"end":{"line":823,"column":null}},"type":"cond-expr","locations":[{"start":{"line":822,"column":63},"end":{"line":822,"column":null}},{"start":{"line":823,"column":28},"end":{"line":823,"column":null}}]},"72":{"loc":{"start":{"line":823,"column":28},"end":{"line":823,"column":null}},"type":"cond-expr","locations":[{"start":{"line":823,"column":63},"end":{"line":823,"column":83}},{"start":{"line":823,"column":83},"end":{"line":823,"column":null}}]},"73":{"loc":{"start":{"line":865,"column":28},"end":{"line":867,"column":null}},"type":"cond-expr","locations":[{"start":{"line":865,"column":61},"end":{"line":865,"column":null}},{"start":{"line":866,"column":28},"end":{"line":867,"column":null}}]},"74":{"loc":{"start":{"line":866,"column":28},"end":{"line":867,"column":null}},"type":"cond-expr","locations":[{"start":{"line":866,"column":61},"end":{"line":866,"column":null}},{"start":{"line":867,"column":28},"end":{"line":867,"column":null}}]},"75":{"loc":{"start":{"line":867,"column":28},"end":{"line":867,"column":null}},"type":"cond-expr","locations":[{"start":{"line":867,"column":60},"end":{"line":867,"column":80}},{"start":{"line":867,"column":80},"end":{"line":867,"column":null}}]},"76":{"loc":{"start":{"line":892,"column":26},"end":{"line":894,"column":null}},"type":"cond-expr","locations":[{"start":{"line":892,"column":55},"end":{"line":892,"column":null}},{"start":{"line":893,"column":26},"end":{"line":894,"column":null}}]},"77":{"loc":{"start":{"line":893,"column":26},"end":{"line":894,"column":null}},"type":"cond-expr","locations":[{"start":{"line":893,"column":55},"end":{"line":893,"column":null}},{"start":{"line":894,"column":26},"end":{"line":894,"column":null}}]},"78":{"loc":{"start":{"line":894,"column":26},"end":{"line":894,"column":null}},"type":"cond-expr","locations":[{"start":{"line":894,"column":56},"end":{"line":894,"column":74}},{"start":{"line":894,"column":74},"end":{"line":894,"column":null}}]},"79":{"loc":{"start":{"line":908,"column":26},"end":{"line":910,"column":null}},"type":"cond-expr","locations":[{"start":{"line":908,"column":53},"end":{"line":908,"column":null}},{"start":{"line":909,"column":26},"end":{"line":910,"column":null}}]},"80":{"loc":{"start":{"line":909,"column":26},"end":{"line":910,"column":null}},"type":"cond-expr","locations":[{"start":{"line":909,"column":53},"end":{"line":909,"column":null}},{"start":{"line":910,"column":26},"end":{"line":910,"column":null}}]},"81":{"loc":{"start":{"line":910,"column":26},"end":{"line":910,"column":null}},"type":"cond-expr","locations":[{"start":{"line":910,"column":53},"end":{"line":910,"column":71}},{"start":{"line":910,"column":71},"end":{"line":910,"column":null}}]},"82":{"loc":{"start":{"line":924,"column":26},"end":{"line":926,"column":null}},"type":"cond-expr","locations":[{"start":{"line":924,"column":59},"end":{"line":924,"column":null}},{"start":{"line":925,"column":26},"end":{"line":926,"column":null}}]},"83":{"loc":{"start":{"line":925,"column":26},"end":{"line":926,"column":null}},"type":"cond-expr","locations":[{"start":{"line":925,"column":59},"end":{"line":925,"column":null}},{"start":{"line":926,"column":26},"end":{"line":926,"column":null}}]},"84":{"loc":{"start":{"line":926,"column":26},"end":{"line":926,"column":null}},"type":"cond-expr","locations":[{"start":{"line":926,"column":57},"end":{"line":926,"column":75}},{"start":{"line":926,"column":75},"end":{"line":926,"column":null}}]},"85":{"loc":{"start":{"line":939,"column":24},"end":{"line":941,"column":null}},"type":"cond-expr","locations":[{"start":{"line":939,"column":63},"end":{"line":939,"column":null}},{"start":{"line":940,"column":24},"end":{"line":941,"column":null}}]},"86":{"loc":{"start":{"line":940,"column":24},"end":{"line":941,"column":null}},"type":"cond-expr","locations":[{"start":{"line":940,"column":58},"end":{"line":940,"column":null}},{"start":{"line":941,"column":24},"end":{"line":941,"column":null}}]},"87":{"loc":{"start":{"line":941,"column":24},"end":{"line":941,"column":null}},"type":"cond-expr","locations":[{"start":{"line":941,"column":58},"end":{"line":941,"column":76}},{"start":{"line":941,"column":76},"end":{"line":941,"column":null}}]},"88":{"loc":{"start":{"line":948,"column":23},"end":{"line":951,"column":null}},"type":"cond-expr","locations":[{"start":{"line":948,"column":62},"end":{"line":948,"column":null}},{"start":{"line":949,"column":23},"end":{"line":951,"column":null}}]},"89":{"loc":{"start":{"line":949,"column":23},"end":{"line":951,"column":null}},"type":"cond-expr","locations":[{"start":{"line":949,"column":57},"end":{"line":949,"column":null}},{"start":{"line":950,"column":23},"end":{"line":951,"column":null}}]},"90":{"loc":{"start":{"line":950,"column":23},"end":{"line":951,"column":null}},"type":"cond-expr","locations":[{"start":{"line":950,"column":57},"end":{"line":950,"column":null}},{"start":{"line":951,"column":23},"end":{"line":951,"column":null}}]},"91":{"loc":{"start":{"line":961,"column":22},"end":{"line":963,"column":null}},"type":"cond-expr","locations":[{"start":{"line":961,"column":57},"end":{"line":961,"column":null}},{"start":{"line":962,"column":22},"end":{"line":963,"column":null}}]},"92":{"loc":{"start":{"line":962,"column":22},"end":{"line":963,"column":null}},"type":"cond-expr","locations":[{"start":{"line":962,"column":57},"end":{"line":962,"column":null}},{"start":{"line":963,"column":22},"end":{"line":963,"column":null}}]},"93":{"loc":{"start":{"line":967,"column":26},"end":{"line":968,"column":null}},"type":"cond-expr","locations":[{"start":{"line":967,"column":61},"end":{"line":967,"column":null}},{"start":{"line":968,"column":26},"end":{"line":968,"column":null}}]},"94":{"loc":{"start":{"line":968,"column":26},"end":{"line":968,"column":null}},"type":"cond-expr","locations":[{"start":{"line":968,"column":61},"end":{"line":968,"column":79}},{"start":{"line":968,"column":79},"end":{"line":968,"column":null}}]},"95":{"loc":{"start":{"line":971,"column":27},"end":{"line":973,"column":null}},"type":"cond-expr","locations":[{"start":{"line":971,"column":62},"end":{"line":971,"column":null}},{"start":{"line":972,"column":27},"end":{"line":973,"column":null}}]},"96":{"loc":{"start":{"line":972,"column":27},"end":{"line":973,"column":null}},"type":"cond-expr","locations":[{"start":{"line":972,"column":62},"end":{"line":972,"column":null}},{"start":{"line":973,"column":27},"end":{"line":973,"column":null}}]},"97":{"loc":{"start":{"line":979,"column":22},"end":{"line":981,"column":null}},"type":"cond-expr","locations":[{"start":{"line":979,"column":51},"end":{"line":979,"column":null}},{"start":{"line":980,"column":22},"end":{"line":981,"column":null}}]},"98":{"loc":{"start":{"line":980,"column":22},"end":{"line":981,"column":null}},"type":"cond-expr","locations":[{"start":{"line":980,"column":52},"end":{"line":980,"column":null}},{"start":{"line":981,"column":22},"end":{"line":981,"column":null}}]},"99":{"loc":{"start":{"line":985,"column":26},"end":{"line":986,"column":null}},"type":"cond-expr","locations":[{"start":{"line":985,"column":55},"end":{"line":985,"column":null}},{"start":{"line":986,"column":26},"end":{"line":986,"column":null}}]},"100":{"loc":{"start":{"line":986,"column":26},"end":{"line":986,"column":null}},"type":"cond-expr","locations":[{"start":{"line":986,"column":56},"end":{"line":986,"column":74}},{"start":{"line":986,"column":74},"end":{"line":986,"column":null}}]},"101":{"loc":{"start":{"line":989,"column":27},"end":{"line":991,"column":null}},"type":"cond-expr","locations":[{"start":{"line":989,"column":56},"end":{"line":989,"column":null}},{"start":{"line":990,"column":27},"end":{"line":991,"column":null}}]},"102":{"loc":{"start":{"line":990,"column":27},"end":{"line":991,"column":null}},"type":"cond-expr","locations":[{"start":{"line":990,"column":57},"end":{"line":990,"column":null}},{"start":{"line":991,"column":27},"end":{"line":991,"column":null}}]},"103":{"loc":{"start":{"line":997,"column":22},"end":{"line":999,"column":null}},"type":"cond-expr","locations":[{"start":{"line":997,"column":55},"end":{"line":997,"column":null}},{"start":{"line":998,"column":22},"end":{"line":999,"column":null}}]},"104":{"loc":{"start":{"line":998,"column":22},"end":{"line":999,"column":null}},"type":"cond-expr","locations":[{"start":{"line":998,"column":53},"end":{"line":998,"column":null}},{"start":{"line":999,"column":22},"end":{"line":999,"column":null}}]},"105":{"loc":{"start":{"line":1003,"column":26},"end":{"line":1004,"column":null}},"type":"cond-expr","locations":[{"start":{"line":1003,"column":59},"end":{"line":1003,"column":null}},{"start":{"line":1004,"column":26},"end":{"line":1004,"column":null}}]},"106":{"loc":{"start":{"line":1004,"column":26},"end":{"line":1004,"column":null}},"type":"cond-expr","locations":[{"start":{"line":1004,"column":57},"end":{"line":1004,"column":75}},{"start":{"line":1004,"column":75},"end":{"line":1004,"column":null}}]},"107":{"loc":{"start":{"line":1007,"column":27},"end":{"line":1009,"column":null}},"type":"cond-expr","locations":[{"start":{"line":1007,"column":60},"end":{"line":1007,"column":null}},{"start":{"line":1008,"column":27},"end":{"line":1009,"column":null}}]},"108":{"loc":{"start":{"line":1008,"column":27},"end":{"line":1009,"column":null}},"type":"cond-expr","locations":[{"start":{"line":1008,"column":58},"end":{"line":1008,"column":null}},{"start":{"line":1009,"column":27},"end":{"line":1009,"column":null}}]},"109":{"loc":{"start":{"line":1030,"column":17},"end":{"line":1030,"column":null}},"type":"binary-expr","locations":[{"start":{"line":1030,"column":17},"end":{"line":1030,"column":null}}]},"110":{"loc":{"start":{"line":1038,"column":24},"end":{"line":1050,"column":null}},"type":"if","locations":[{"start":{"line":1038,"column":24},"end":{"line":1050,"column":null}},{"start":{"line":1041,"column":31},"end":{"line":1050,"column":null}}]},"111":{"loc":{"start":{"line":1038,"column":28},"end":{"line":1038,"column":84}},"type":"binary-expr","locations":[{"start":{"line":1038,"column":28},"end":{"line":1038,"column":74}},{"start":{"line":1038,"column":74},"end":{"line":1038,"column":84}}]},"112":{"loc":{"start":{"line":1041,"column":31},"end":{"line":1050,"column":null}},"type":"if","locations":[{"start":{"line":1041,"column":31},"end":{"line":1050,"column":null}},{"start":{"line":1044,"column":31},"end":{"line":1050,"column":null}}]},"113":{"loc":{"start":{"line":1041,"column":35},"end":{"line":1041,"column":86}},"type":"binary-expr","locations":[{"start":{"line":1041,"column":35},"end":{"line":1041,"column":76}},{"start":{"line":1041,"column":76},"end":{"line":1041,"column":86}}]},"114":{"loc":{"start":{"line":1044,"column":31},"end":{"line":1050,"column":null}},"type":"if","locations":[{"start":{"line":1044,"column":31},"end":{"line":1050,"column":null}},{"start":{"line":1047,"column":31},"end":{"line":1050,"column":null}}]},"115":{"loc":{"start":{"line":1044,"column":35},"end":{"line":1044,"column":86}},"type":"binary-expr","locations":[{"start":{"line":1044,"column":35},"end":{"line":1044,"column":76}},{"start":{"line":1044,"column":76},"end":{"line":1044,"column":86}}]},"116":{"loc":{"start":{"line":1047,"column":31},"end":{"line":1050,"column":null}},"type":"if","locations":[{"start":{"line":1047,"column":31},"end":{"line":1050,"column":null}}]},"117":{"loc":{"start":{"line":1047,"column":35},"end":{"line":1047,"column":86}},"type":"binary-expr","locations":[{"start":{"line":1047,"column":35},"end":{"line":1047,"column":76}},{"start":{"line":1047,"column":76},"end":{"line":1047,"column":86}}]},"118":{"loc":{"start":{"line":1056,"column":30},"end":{"line":1056,"column":null}},"type":"cond-expr","locations":[{"start":{"line":1056,"column":41},"end":{"line":1056,"column":52}},{"start":{"line":1056,"column":52},"end":{"line":1056,"column":null}}]},"119":{"loc":{"start":{"line":1083,"column":17},"end":{"line":1083,"column":null}},"type":"binary-expr","locations":[{"start":{"line":1083,"column":17},"end":{"line":1083,"column":null}}]},"120":{"loc":{"start":{"line":1090,"column":15},"end":{"line":1090,"column":null}},"type":"binary-expr","locations":[{"start":{"line":1090,"column":15},"end":{"line":1090,"column":null}}]},"121":{"loc":{"start":{"line":1101,"column":26},"end":{"line":1103,"column":null}},"type":"cond-expr","locations":[{"start":{"line":1101,"column":71},"end":{"line":1101,"column":null}},{"start":{"line":1102,"column":26},"end":{"line":1103,"column":null}}]},"122":{"loc":{"start":{"line":1102,"column":26},"end":{"line":1103,"column":null}},"type":"cond-expr","locations":[{"start":{"line":1102,"column":66},"end":{"line":1102,"column":null}},{"start":{"line":1103,"column":26},"end":{"line":1103,"column":null}}]},"123":{"loc":{"start":{"line":1103,"column":26},"end":{"line":1103,"column":null}},"type":"cond-expr","locations":[{"start":{"line":1103,"column":66},"end":{"line":1103,"column":84}},{"start":{"line":1103,"column":84},"end":{"line":1103,"column":null}}]},"124":{"loc":{"start":{"line":1107,"column":28},"end":{"line":1109,"column":null}},"type":"cond-expr","locations":[{"start":{"line":1107,"column":73},"end":{"line":1107,"column":null}},{"start":{"line":1108,"column":28},"end":{"line":1109,"column":null}}]},"125":{"loc":{"start":{"line":1108,"column":28},"end":{"line":1109,"column":null}},"type":"cond-expr","locations":[{"start":{"line":1108,"column":68},"end":{"line":1108,"column":null}},{"start":{"line":1109,"column":28},"end":{"line":1109,"column":null}}]},"126":{"loc":{"start":{"line":1109,"column":28},"end":{"line":1109,"column":null}},"type":"cond-expr","locations":[{"start":{"line":1109,"column":68},"end":{"line":1109,"column":75}},{"start":{"line":1109,"column":75},"end":{"line":1109,"column":null}}]},"127":{"loc":{"start":{"line":1125,"column":26},"end":{"line":1127,"column":null}},"type":"cond-expr","locations":[{"start":{"line":1125,"column":57},"end":{"line":1125,"column":null}},{"start":{"line":1126,"column":26},"end":{"line":1127,"column":null}}]},"128":{"loc":{"start":{"line":1126,"column":26},"end":{"line":1127,"column":null}},"type":"cond-expr","locations":[{"start":{"line":1126,"column":57},"end":{"line":1126,"column":null}},{"start":{"line":1127,"column":26},"end":{"line":1127,"column":null}}]},"129":{"loc":{"start":{"line":1127,"column":26},"end":{"line":1127,"column":null}},"type":"cond-expr","locations":[{"start":{"line":1127,"column":57},"end":{"line":1127,"column":75}},{"start":{"line":1127,"column":75},"end":{"line":1127,"column":null}}]},"130":{"loc":{"start":{"line":1136,"column":20},"end":{"line":1139,"column":null}},"type":"cond-expr","locations":[{"start":{"line":1136,"column":65},"end":{"line":1136,"column":null}},{"start":{"line":1137,"column":20},"end":{"line":1139,"column":null}}]},"131":{"loc":{"start":{"line":1137,"column":20},"end":{"line":1139,"column":null}},"type":"cond-expr","locations":[{"start":{"line":1137,"column":60},"end":{"line":1137,"column":null}},{"start":{"line":1138,"column":20},"end":{"line":1139,"column":null}}]},"132":{"loc":{"start":{"line":1138,"column":20},"end":{"line":1139,"column":null}},"type":"cond-expr","locations":[{"start":{"line":1138,"column":60},"end":{"line":1138,"column":null}},{"start":{"line":1139,"column":20},"end":{"line":1139,"column":null}}]},"133":{"loc":{"start":{"line":1144,"column":25},"end":{"line":1147,"column":null}},"type":"cond-expr","locations":[{"start":{"line":1144,"column":70},"end":{"line":1144,"column":null}},{"start":{"line":1145,"column":25},"end":{"line":1147,"column":null}}]},"134":{"loc":{"start":{"line":1145,"column":25},"end":{"line":1147,"column":null}},"type":"cond-expr","locations":[{"start":{"line":1145,"column":65},"end":{"line":1145,"column":null}},{"start":{"line":1146,"column":25},"end":{"line":1147,"column":null}}]},"135":{"loc":{"start":{"line":1146,"column":25},"end":{"line":1147,"column":null}},"type":"cond-expr","locations":[{"start":{"line":1146,"column":65},"end":{"line":1146,"column":null}},{"start":{"line":1147,"column":25},"end":{"line":1147,"column":null}}]},"136":{"loc":{"start":{"line":1155,"column":13},"end":{"line":1155,"column":null}},"type":"binary-expr","locations":[{"start":{"line":1155,"column":13},"end":{"line":1155,"column":null}}]},"137":{"loc":{"start":{"line":1169,"column":24},"end":{"line":1181,"column":null}},"type":"if","locations":[{"start":{"line":1169,"column":24},"end":{"line":1181,"column":null}},{"start":{"line":1172,"column":31},"end":{"line":1181,"column":null}}]},"138":{"loc":{"start":{"line":1169,"column":28},"end":{"line":1169,"column":84}},"type":"binary-expr","locations":[{"start":{"line":1169,"column":28},"end":{"line":1169,"column":74}},{"start":{"line":1169,"column":74},"end":{"line":1169,"column":84}}]},"139":{"loc":{"start":{"line":1172,"column":31},"end":{"line":1181,"column":null}},"type":"if","locations":[{"start":{"line":1172,"column":31},"end":{"line":1181,"column":null}},{"start":{"line":1175,"column":31},"end":{"line":1181,"column":null}}]},"140":{"loc":{"start":{"line":1172,"column":35},"end":{"line":1172,"column":86}},"type":"binary-expr","locations":[{"start":{"line":1172,"column":35},"end":{"line":1172,"column":76}},{"start":{"line":1172,"column":76},"end":{"line":1172,"column":86}}]},"141":{"loc":{"start":{"line":1175,"column":31},"end":{"line":1181,"column":null}},"type":"if","locations":[{"start":{"line":1175,"column":31},"end":{"line":1181,"column":null}},{"start":{"line":1178,"column":31},"end":{"line":1181,"column":null}}]},"142":{"loc":{"start":{"line":1175,"column":35},"end":{"line":1175,"column":86}},"type":"binary-expr","locations":[{"start":{"line":1175,"column":35},"end":{"line":1175,"column":76}},{"start":{"line":1175,"column":76},"end":{"line":1175,"column":86}}]},"143":{"loc":{"start":{"line":1178,"column":31},"end":{"line":1181,"column":null}},"type":"if","locations":[{"start":{"line":1178,"column":31},"end":{"line":1181,"column":null}}]},"144":{"loc":{"start":{"line":1178,"column":35},"end":{"line":1178,"column":86}},"type":"binary-expr","locations":[{"start":{"line":1178,"column":35},"end":{"line":1178,"column":76}},{"start":{"line":1178,"column":76},"end":{"line":1178,"column":86}}]},"145":{"loc":{"start":{"line":1187,"column":30},"end":{"line":1187,"column":null}},"type":"cond-expr","locations":[{"start":{"line":1187,"column":41},"end":{"line":1187,"column":52}},{"start":{"line":1187,"column":52},"end":{"line":1187,"column":null}}]},"146":{"loc":{"start":{"line":1210,"column":26},"end":{"line":1212,"column":null}},"type":"cond-expr","locations":[{"start":{"line":1210,"column":67},"end":{"line":1210,"column":null}},{"start":{"line":1211,"column":26},"end":{"line":1212,"column":null}}]},"147":{"loc":{"start":{"line":1211,"column":26},"end":{"line":1212,"column":null}},"type":"cond-expr","locations":[{"start":{"line":1211,"column":67},"end":{"line":1211,"column":null}},{"start":{"line":1212,"column":26},"end":{"line":1212,"column":null}}]},"148":{"loc":{"start":{"line":1212,"column":26},"end":{"line":1212,"column":null}},"type":"cond-expr","locations":[{"start":{"line":1212,"column":67},"end":{"line":1212,"column":85}},{"start":{"line":1212,"column":85},"end":{"line":1212,"column":null}}]},"149":{"loc":{"start":{"line":1230,"column":28
[...]
line":150,"column":24}},"loc":{"start":{"line":150,"column":24},"end":{"line":150,"column":null}}},"13":{"name":"(anonymous_20)","decl":{"start":{"line":158,"column":20},"end":{"line":158,"column":21}},"loc":{"start":{"line":158,"column":21},"end":{"line":160,"column":null}}},"14":{"name":"useToast","decl":{"start":{"line":171,"column":9},"end":{"line":171,"column":null}},"loc":{"start":{"line":171,"column":9},"end":{"line":189,"column":null}}},"15":{"name":"(anonymous_22)","decl":{"start":{"line":174,"column":18},"end":{"line":174,"column":null}},"loc":{"start":{"line":174,"column":18},"end":{"line":182,"column":5}}},"16":{"name":"(anonymous_23)","decl":{"start":{"line":176,"column":11},"end":{"line":176,"column":null}},"loc":{"start":{"line":176,"column":11},"end":{"line":181,"column":null}}},"17":{"name":"(anonymous_24)","decl":{"start":{"line":187,"column":13},"end":{"line":187,"column":14}},"loc":{"start":{"line":187,"column":35},"end":{"line":187,"column":null}}}},"branchMap":{"0":{"loc":{"start":{"line":59,"column":2},"end":{"line":61,"column":null}},"type":"if","locations":[{"start":{"line":59,"column":2},"end":{"line":61,"column":null}}]},"1":{"loc":{"start":{"line":75,"column":2},"end":{"line":126,"column":null}},"type":"switch","locations":[{"start":{"line":76,"column":4},"end":{"line":80,"column":null}},{"start":{"line":82,"column":4},"end":{"line":88,"column":null}},{"start":{"line":90,"column":4},"end":{"line":114,"column":null}},{"start":{"line":115,"column":4},"end":{"line":125,"column":null}}]},"2":{"loc":{"start":{"line":86,"column":10},"end":{"line":86,"column":null}},"type":"cond-expr","locations":[{"start":{"line":86,"column":37},"end":{"line":86,"column":65}},{"start":{"line":86,"column":65},"end":{"line":86,"column":null}}]},"3":{"loc":{"start":{"line":95,"column":6},"end":{"line":101,"column":null}},"type":"if","locations":[{"start":{"line":95,"column":6},"end":{"line":101,"column":null}},{"start":{"line":97,"column":13},"end":{"line":101,"column":null}}]},"4":{"loc":{"start":{"line":106,"column":10},"end":{"line":111,"column":null}},"type":"cond-expr","locations":[{"start":{"line":107,"column":14},"end":{"line":110,"column":null}},{"start":{"line":111,"column":14},"end":{"line":111,"column":null}}]},"5":{"loc":{"start":{"line":106,"column":10},"end":{"line":106,"column":null}},"type":"binary-expr","locations":[{"start":{"line":106,"column":10},"end":{"line":106,"column":30}},{"start":{"line":106,"column":30},"end":{"line":106,"column":null}}]},"6":{"loc":{"start":{"line":116,"column":6},"end":{"line":121,"column":null}},"type":"if","locations":[{"start":{"line":116,"column":6},"end":{"line":121,"column":null}}]},"7":{"loc":{"start":{"line":159,"column":8},"end":{"line":159,"column":null}},"type":"if","locations":[{"start":{"line":159,"column":8},"end":{"line":159,"column":null}}]},"8":{"loc":{"start":{"line":178,"column":6},"end":{"line":180,"column":null}},"type":"if","locations":[{"start":{"line":178,"column":6},"end":{"line":180,"column":null}}]}},"s":{"0":0,"1":0,"2":0,"3":0,"4":0,"5":0,"6":0,"7":0,"8":0,"9":0,"10":0,"11":0,"12":0,"13":0,"14":0,"15":0,"16":0,"17":0,"18":0,"19":0,"20":0,"21":0,"22":0,"23":0,"24":0,"25":0,"26":0,"27":0,"28":0,"29":0,"30":0,"31":0,"32":0,"33":0,"34":0,"35":0,"36":0,"37":0,"38":0,"39":0,"40":0,"41":0,"42":0,"43":0,"44":0,"45":0,"46":0,"47":0,"48":0,"49":0,"50":0,"51":0,"52":0,"53":0,"54":0,"55":0,"56":0},"f":{"0":0,"1":0,"2":0,"3":0,"4":0,"5":0,"6":0,"7":0,"8":0,"9":0,"10":0,"11":0,"12":0,"13":0,"14":0,"15":0,"16":0,"17":0},"b":{"0":[0],"1":[0,0,0,0],"2":[0,0],"3":[0,0],"4":[0,0],"5":[0,0],"6":[0],"7":[0],"8":[0]}}
,"C:\\Users\\ninga\\Desktop\\Hackathon-2.0\\secure-exam-frontend\\hooks\\use-websocket.ts": {"path":"C:\\Users\\ninga\\Desktop\\Hackathon-2.0\\secure-exam-frontend\\hooks\\use-websocket.ts","statementMap":{"0":{"start":{"line":20,"column":16},"end":{"line":20,"column":29}},"1":{"start":{"line":3,"column":57},"end":{"line":3,"column":null}},"2":{"start":{"line":28,"column":40},"end":{"line":28,"column":null}},"3":{"start":{"line":29,"column":40},"end":{"line":29,"column":null}},"4":{"start":{"line":30,"column":16},"end":{"line":30,"column":null}},"5":{"start":{"line":31,"column":30},"end":{"line":31,"column":null}},"6":{"start":{"line":32,"column":31},"end":{"line":32,"column":null}},"7":{"start":{"line":33,"column":31},"end":{"line":33,"column":null}},"8":{"start":{"line":35,"column":18},"end":{"line":54,"column":null}},"9":{"start":{"line":36,"column":4},"end":{"line":38,"column":null}},"10":{"start":{"line":37,"column":6},"end":{"line":37,"column":null}},"11":{"start":{"line":40,"column":4},"end":{"line":53,"column":null}},"12":{"start":{"line":43,"column":6},"end":{"line":43,"column":null}},"13":{"start":{"line":46,"column":6},"end":{"line":46,"column":null}},"14":{"start":{"line":47,"column":6},"end":{"line":47,"column":null}},"15":{"start":{"line":48,"column":6},"end":{"line":48,"column":null}},"16":{"start":{"line":50,"column":6},"end":{"line":50,"column":null}},"17":{"start":{"line":51,"column":6},"end":{"line":51,"column":null}},"18":{"start":{"line":52,"column":6},"end":{"line":52,"column":null}},"19":{"start":{"line":56,"column":21},"end":{"line":65,"column":null}},"20":{"start":{"line":57,"column":4},"end":{"line":59,"column":null}},"21":{"start":{"line":58,"column":6},"end":{"line":58,"column":null}},"22":{"start":{"line":60,"column":4},"end":{"line":62,"column":null}},"23":{"start":{"line":61,"column":6},"end":{"line":61,"column":null}},"24":{"start":{"line":63,"column":4},"end":{"line":63,"column":null}},"25":{"start":{"line":64,"column":4},"end":{"line":64,"column":null}},"26":{"start":{"line":67,"column":15},"end":{"line":73,"column":null}},"27":{"start":{"line":68,"column":4},"end":{"line":72,"column":null}},"28":{"start":{"line":69,"column":6},"end":{"line":69,"column":null}},"29":{"start":{"line":71,"column":6},"end":{"line":71,"column":null}},"30":{"start":{"line":75,"column":28},"end":{"line":83,"column":null}},"31":{"start":{"line":76,"column":4},"end":{"line":82,"column":null}},"32":{"start":{"line":77,"column":20},"end":{"line":77,"column":null}},"33":{"start":{"line":78,"column":6},"end":{"line":81,"column":null}},"34":{"start":{"line":79,"column":8},"end":{"line":79,"column":null}},"35":{"start":{"line":80,"column":8},"end":{"line":80,"column":null}},"36":{"start":{"line":85,"column":2},"end":{"line":93,"column":null}},"37":{"start":{"line":86,"column":4},"end":{"line":88,"column":null}},"38":{"start":{"line":87,"column":6},"end":{"line":87,"column":null}},"39":{"start":{"line":90,"column":4},"end":{"line":92,"column":null}},"40":{"start":{"line":91,"column":6},"end":{"line":91,"column":null}},"41":{"start":{"line":95,"column":2},"end":{"line":101,"column":null}}},"fnMap":{"0":{"name":"useWebSocket","decl":{"start":{"line":20,"column":16},"end":{"line":20,"column":29}},"loc":{"start":{"line":27,"column":22},"end":{"line":102,"column":null}}},"1":{"name":"(anonymous_2)","decl":{"start":{"line":35,"column":30},"end":{"line":35,"column":null}},"loc":{"start":{"line":35,"column":30},"end":{"line":54,"column":5}}},"2":{"name":"(anonymous_3)","decl":{"start":{"line":56,"column":33},"end":{"line":56,"column":null}},"loc":{"start":{"line":56,"column":33},"end":{"line":65,"column":5}}},"3":{"name":"(anonymous_4)","decl":{"start":{"line":67,"column":27},"end":{"line":67,"column":28}},"loc":{"start":{"line":67,"column":28},"end":{"line":73,"column":5}}},"4":{"name":"(anonymous_5)","decl":{"start":{"line":75,"column":40},"end":{"line":75,"column":null}},"loc":{"start":{"line":75,"column":40},"end":{"line":83,"column":5}}},"5":{"name":"(anonymous_6)","decl":{"start":{"line":78,"column":47},"end":{"line":78,"column":null}},"loc":{"start":{"line":78,"column":47},"end":{"line":81,"column":9}}},"6":{"name":"(anonymous_7)","decl":{"start":{"line":85,"column":12},"end":{"line":85,"column":null}},"loc":{"start":{"line":85,"column":12},"end":{"line":93,"column":5}}},"7":{"name":"(anonymous_8)","decl":{"start":{"line":90,"column":11},"end":{"line":90,"column":null}},"loc":{"start":{"line":90,"column":11},"end":{"line":92,"column":null}}}},"branchMap":{"0":{"loc":{"start":{"line":21,"column":2},"end":{"line":21,"column":29}},"type":"default-arg","locations":[{"start":{"line":21,"column":8},"end":{"line":21,"column":29}}]},"1":{"loc":{"start":{"line":26,"column":2},"end":{"line":26,"column":20}},"type":"default-arg","locations":[{"start":{"line":26,"column":16},"end":{"line":26,"column":20}}]},"2":{"loc":{"start":{"line":36,"column":4},"end":{"line":38,"column":null}},"type":"if","locations":[{"start":{"line":36,"column":4},"end":{"line":38,"column":null}}]},"3":{"loc":{"start":{"line":57,"column":4},"end":{"line":59,"column":null}},"type":"if","locations":[{"start":{"line":57,"column":4},"end":{"line":59,"column":null}}]},"4":{"loc":{"start":{"line":60,"column":4},"end":{"line":62,"column":null}},"type":"if","locations":[{"start":{"line":60,"column":4},"end":{"line":62,"column":null}}]},"5":{"loc":{"start":{"line":68,"column":4},"end":{"line":72,"column":null}},"type":"if","locations":[{"start":{"line":68,"column":4},"end":{"line":72,"column":null}},{"start":{"line":70,"column":11},"end":{"line":72,"column":null}}]},"6":{"loc":{"start":{"line":76,"column":4},"end":{"line":82,"column":null}},"type":"if","locations":[{"start":{"line":76,"column":4},"end":{"line":82,"column":null}}]},"7":{"loc":{"start":{"line":86,"column":4},"end":{"line":88,"column":null}},"type":"if","locations":[{"start":{"line":86,"column":4},"end":{"line":88,"column":null}}]}},"s":{"0":0,"1":0,"2":0,"3":0,"4":0,"5":0,"6":0,"7":0,"8":0,"9":0,"10":0,"11":0,"12":0,"13":0,"14":0,"15":0,"16":0,"17":0,"18":0,"19":0,"20":0,"21":0,"22":0,"23":0,"24":0,"25":0,"26":0,"27":0,"28":0,"29":0,"30":0,"31":0,"32":0,"33":0,"34":0,"35":0,"36":0,"37":0,"38":0,"39":0,"40":0,"41":0},"f":{"0":0,"1":0,"2":0,"3":0,"4":0,"5":0,"6":0,"7":0},"b":{"0":[0],"1":[0],"2":[0],"3":[0],"4":[0],"5":[0,0],"6":[0],"7":[0]}}
,"C:\\Users\\ninga\\Desktop\\Hackathon-2.0\\secure-exam-frontend\\lib\\auth-context.tsx": {"path":"C:\\Users\\ninga\\Desktop\\Hackathon-2.0\\secure-exam-frontend\\lib\\auth-context.tsx","statementMap":{"0":{"start":{"line":17,"column":16},"end":{"line":17,"column":29}},"1":{"start":{"line":37,"column":13},"end":{"line":37,"column":23}},"2":{"start":{"line":3,"column":63},"end":{"line":3,"column":null}},"3":{"start":{"line":4,"column":41},"end":{"line":4,"column":null}},"4":{"start":{"line":5,"column":21},"end":{"line":5,"column":null}},"5":{"start":{"line":12,"column":20},"end":{"line":15,"column":null}},"6":{"start":{"line":18,"column":26},"end":{"line":18,"column":null}},"7":{"start":{"line":19,"column":32},"end":{"line":19,"column":null}},"8":{"start":{"line":21,"column":2},"end":{"line":28,"column":null}},"9":{"start":{"line":22,"column":24},"end":{"line":25,"column":null}},"10":{"start":{"line":23,"column":6},"end":{"line":23,"column":null}},"11":{"start":{"line":24,"column":6},"end":{"line":24,"column":null}},"12":{"start":{"line":27,"column":4},"end":{"line":27,"column":null}},"13":{"start":{"line":37,"column":23},"end":{"line":37,"column":null}},"14":{"start":{"line":37,"column":29},"end":{"line":37,"column":null}}},"fnMap":{"0":{"name":"AuthProvider","decl":{"start":{"line":17,"column":16},"end":{"line":17,"column":29}},"loc":{"start":{"line":17,"column":72},"end":{"line":35,"column":null}}},"1":{"name":"(anonymous_4)","decl":{"start":{"line":21,"column":12},"end":{"line":21,"column":null}},"loc":{"start":{"line":21,"column":12},"end":{"line":28,"column":5}}},"2":{"name":"(anonymous_5)","decl":{"start":{"line":22,"column":49},"end":{"line":22,"column":50}},"loc":{"start":{"line":22,"column":50},"end":{"line":25,"column":null}}},"3":{"name":"(anonymous_6)","decl":{"start":{"line":37,"column":23},"end":{"line":37,"column":29}},"loc":{"start":{"line":37,"column":29},"end":{"line":37,"column":null}}}},"branchMap":{},"s":{"0":0,"1":0,"2":0,"3":0,"4":0,"5":0,"6":0,"7":0,"8":0,"9":0,"10":0,"11":0,"12":0,"13":0,"14":0},"f":{"0":0,"1":0,"2":0,"3":0},"b":{}}
,"C:\\Users\\ninga\\Desktop\\Hackathon-2.0\\secure-exam-frontend\\lib\\auth-schema.ts": {"path":"C:\\Users\\ninga\\Desktop\\Hackathon-2.0\\secure-exam-frontend\\lib\\auth-schema.ts","statementMap":{"0":{"start":{"line":3,"column":13},"end":{"line":3,"column":27}},"1":{"start":{"line":8,"column":13},"end":{"line":8,"column":28}},"2":{"start":{"line":1,"column":18},"end":{"line":1,"column":null}},"3":{"start":{"line":3,"column":27},"end":{"line":6,"column":null}},"4":{"start":{"line":8,"column":28},"end":{"line":16,"column":null}},"5":{"start":{"line":13,"column":20},"end":{"line":13,"column":58}}},"fnMap":{"0":{"name":"(anonymous_3)","decl":{"start":{"line":13,"column":10},"end":{"line":13,"column":11}},"loc":{"start":{"line":13,"column":20},"end":{"line":13,"column":58}}}},"branchMap":{},"s":{"0":0,"1":0,"2":0,"3":0,"4":0,"5":0},"f":{"0":0},"b":{}}
,"C:\\Users\\ninga\\Desktop\\Hackathon-2.0\\secure-exam-frontend\\lib\\auth-utils.ts": {"path":"C:\\Users\\ninga\\Desktop\\Hackathon-2.0\\secure-exam-frontend\\lib\\auth-utils.ts","statementMap":{"0":{"start":{"line":18,"column":16},"end":{"line":18,"column":null}},"1":{"start":{"line":25,"column":16},"end":{"line":25,"column":null}},"2":{"start":{"line":4,"column":22},"end":{"line":4,"column":null}},"3":{"start":{"line":1,"column":24},"end":{"line":1,"column":null}},"4":{"start":{"line":2,"column":21},"end":{"line":2,"column":null}},"5":{"start":{"line":5,"column":2},"end":{"line":15,"column":null}},"6":{"start":{"line":7,"column":4},"end":{"line":7,"column":null}},"7":{"start":{"line":9,"column":4},"end":{"line":9,"column":null}},"8":{"start":{"line":11,"column":4},"end":{"line":11,"column":null}},"9":{"start":{"line":12,"column":4},"end":{"line":12,"column":null}},"10":{"start":{"line":14,"column":4},"end":{"line":14,"column":null}},"11":{"start":{"line":19,"column":2},"end":{"line":21,"column":null}},"12":{"start":{"line":20,"column":4},"end":{"line":20,"column":null}},"13":{"start":{"line":22,"column":2},"end":{"line":22,"column":null}},"14":{"start":{"line":26,"column":2},"end":{"line":26,"column":null}}},"fnMap":{"0":{"name":"logout","decl":{"start":{"line":4,"column":22},"end":{"line":4,"column":null}},"loc":{"start":{"line":4,"column":22},"end":{"line":16,"column":null}}},"1":{"name":"getAuthToken","decl":{"start":{"line":18,"column":16},"end":{"line":18,"column":null}},"loc":{"start":{"line":18,"column":16},"end":{"line":23,"column":null}}},"2":{"name":"isAuthenticated","decl":{"start":{"line":25,"column":16},"end":{"line":25,"column":null}},"loc":{"start":{"line":25,"column":16},"end":{"line":27,"column":null}}}},"branchMap":{"0":{"loc":{"start":{"line":19,"column":2},"end":{"line":21,"column":null}},"type":"if","locations":[{"start":{"line":19,"column":2},"end":{"line":21,"column":null}}]}},"s":{"0":3,"1":3,"2":5,"3":1,"4":1,"5":5,"6":5,"7":5,"8":5,"9":4,"10":1,"11":6,"12":5,"13":1,"14":3},"f":{"0":5,"1":6,"2":3},"b":{"0":[5]}}
,"C:\\Users\\ninga\\Desktop\\Hackathon-2.0\\secure-exam-frontend\\lib\\firebase.ts": {"path":"C:\\Users\\ninga\\Desktop\\Hackathon-2.0\\secure-exam-frontend\\lib\\firebase.ts","statementMap":{"0":{"start":{"line":18,"column":9},"end":{"line":18,"column":14}},"1":{"start":{"line":18,"column":14},"end":{"line":18,"column":null}},"2":{"start":{"line":1,"column":39},"end":{"line":1,"column":null}},"3":{"start":{"line":2,"column":24},"end":{"line":2,"column":null}},"4":{"start":{"line":4,"column":23},"end":{"line":12,"column":null}},"5":{"start":{"line":15,"column":12},"end":{"line":15,"column":81}},"6":{"start":{"line":16,"column":13},"end":{"line":16,"column":null}}},"fnMap":{},"branchMap":{"0":{"loc":{"start":{"line":15,"column":12},"end":{"line":15,"column":81}},"type":"cond-expr","locations":[{"start":{"line":15,"column":37},"end":{"line":15,"column":69}},{"start":{"line":15,"column":69},"end":{"line":15,"column":81}}]}},"s":{"0":0,"1":0,"2":0,"3":0,"4":0,"5":0,"6":0},"f":{},"b":{"0":[0,0]}}
,"C:\\Users\\ninga\\Desktop\\Hackathon-2.0\\secure-exam-frontend\\lib\\question-banks.ts": {"path":"C:\\Users\\ninga\\Desktop\\Hackathon-2.0\\secure-exam-frontend\\lib\\question-banks.ts","statementMap":{"0":{"start":{"line":188,"column":13},"end":{"line":188,"column":44}},"1":{"start":{"line":10,"column":13},"end":{"line":10,"column":42}},"2":{"start":{"line":57,"column":13},"end":{"line":57,"column":42}},"3":{"start":{"line":109,"column":13},"end":{"line":109,"column":42}},"4":{"start":{"line":203,"column":16},"end":{"line":203,"column":38}},"5":{"start":{"line":218,"column":16},"end":{"line":218,"column":31}},"6":{"start":{"line":10,"column":42},"end":{"line":54,"column":null}},"7":{"start":{"line":47,"column":43},"end":{"line":53,"column":null}},"8":{"start":{"line":57,"column":42},"end":{"line":106,"column":null}},"9":{"start":{"line":99,"column":43},"end":{"line":105,"column":null}},"10":{"start":{"line":109,"column":42},"end":{"line":185,"column":null}},"11":{"start":{"line":188,"column":44},"end":{"line":201,"column":null}},"12":{"start":{"line":204,"column":2},"end":{"line":215,"column":null}},"13":{"start":{"line":206,"column":6},"end":{"line":206,"column":null}},"14":{"start":{"line":208,"column":6},"end":{"line":208,"column":null}},"15":{"start":{"line":210,"column":6},"end":{"line":210,"column":null}},"16":{"start":{"line":212,"column":6},"end":{"line":212,"column":null}},"17":{"start":{"line":214,"column":6},"end":{"line":214,"column":null}},"18":{"start":{"line":219,"column":15},"end":{"line":240,"column":null}},"19":{"start":{"line":241,"column":2},"end":{"line":241,"column":null}}},"fnMap":{"0":{"name":"(anonymous_7)","decl":{"start":{"line":47,"column":32},"end":{"line":47,"column":33}},"loc":{"start":{"line":47,"column":43},"end":{"line":53,"column":null}}},"1":{"name":"(anonymous_8)","decl":{"start":{"line":99,"column":32},"end":{"line":99,"column":33}},"loc":{"start":{"line":99,"column":43},"end":{"line":105,"column":null}}},"2":{"name":"getQuestionsBySection","decl":{"start":{"line":203,"column":16},"end":{"line":203,"column":38}},"loc":{"start":{"line":203,"column":53},"end":{"line":216,"column":null}}},"3":{"name":"getSectionInfo","decl":{"start":{"line":218,"column":16},"end":{"line":218,"column":31}},"loc":{"start":{"line":218,"column":46},"end":{"line":242,"column":null}}}},"branchMap":{"0":{"loc":{"start":{"line":204,"column":2},"end":{"line":215,"column":null}},"type":"switch","locations":[{"start":{"line":205,"column":4},"end":{"line":206,"column":null}},{"start":{"line":207,"column":4},"end":{"line":208,"column":null}},{"start":{"line":209,"column":4},"end":{"line":210,"column":null}},{"start":{"line":211,"column":4},"end":{"line":212,"column":null}},{"start":{"line":213,"column":4},"end":{"line":214,"column":null}}]},"1":{"loc":{"start":{"line":241,"column":9},"end":{"line":241,"column":56}},"type":"binary-expr","locations":[{"start":{"line":241,"column":9},"end":{"line":241,"column":43}},{"start":{"line":241,"column":47},"end":{"line":241,"column":56}}]}},"s":{"0":0,"1":0,"2":0,"3":0,"4":0,"5":0,"6":0,"7":0,"8":0,"9":0,"10":0,"11":0,"12":0,"13":0,"14":0,"15":0,"16":0,"17":0,"18":0,"19":0},"f":{"0":0,"1":0,"2":0,"3":0},"b":{"0":[0,0,0,0,0],"1":[0,0]}}
,"C:\\Users\\ninga\\Desktop\\Hackathon-2.0\\secure-exam-frontend\\lib\\utils.ts": {"path":"C:\\Users\\ninga\\Desktop\\Hackathon-2.0\\secure-exam-frontend\\lib\\utils.ts","statementMap":{"0":{"start":{"line":4,"column":16},"end":{"line":4,"column":19}},"1":{"start":{"line":1,"column":38},"end":{"line":1,"column":null}},"2":{"start":{"line":2,"column":24},"end":{"line":2,"column":null}},"3":{"start":{"line":5,"column":2},"end":{"line":5,"column":null}}},"fnMap":{"0":{"name":"cn","decl":{"start":{"line":4,"column":16},"end":{"line":4,"column":19}},"loc":{"start":{"line":4,"column":42},"end":{"line":6,"column":null}}}},"branchMap":{},"s":{"0":1642,"1":11,"2":11,"3":1642},"f":{"0":1642},"b":{}}
}
